

================================================================
== Vitis HLS Report for 'addrbound'
================================================================
* Date:           Wed Apr 21 09:46:54 2021

* Version:        2020.1.1 (Build 2960000 on Wed Aug 05 23:18:37 MDT 2020)
* Project:        cvtcolor_bgr2hsv
* Solution:       solution (Vitis Kernel Flow Target)
* Product family: zynquplus
* Target device:  xczu7ev-ffvc1156-2-e


================================================================
== Performance Estimates
================================================================
+ Timing: 
    * Summary: 
    +--------+---------+----------+------------+
    |  Clock |  Target | Estimated| Uncertainty|
    +--------+---------+----------+------------+
    |ap_clk  | 6.67 ns | 4.156 ns |   1.80 ns  |
    +--------+---------+----------+------------+

+ Latency: 
    * Summary: 
    +---------+---------+----------+----------+-----+-----+---------+
    |  Latency (cycles) |  Latency (absolute) |  Interval | Pipeline|
    |   min   |   max   |    min   |    max   | min | max |   Type  |
    +---------+---------+----------+----------+-----+-----+---------+
    |        1|        1| 6.667 ns | 6.667 ns |    1|    1|   none  |
    +---------+---------+----------+----------+-----+-----+---------+

    + Detail: 
        * Instance: 
        N/A

        * Loop: 
        N/A



================================================================
== Utilization Estimates
================================================================
* Summary: 
+-----------------+---------+------+--------+--------+-----+
|       Name      | BRAM_18K|  DSP |   FF   |   LUT  | URAM|
+-----------------+---------+------+--------+--------+-----+
|DSP              |        -|     -|       -|       -|    -|
|Expression       |        -|     -|       0|      78|    -|
|FIFO             |        -|     -|       -|       -|    -|
|Instance         |        -|     2|       0|      40|    -|
|Memory           |        -|     -|       -|       -|    -|
|Multiplexer      |        -|     -|       -|      42|    -|
|Register         |        -|     -|      54|       -|    -|
+-----------------+---------+------+--------+--------+-----+
|Total            |        0|     2|      54|     160|    0|
+-----------------+---------+------+--------+--------+-----+
|Available        |      624|  1728|  460800|  230400|   96|
+-----------------+---------+------+--------+--------+-----+
|Utilization (%)  |        0|  ~0  |   ~0   |   ~0   |    0|
+-----------------+---------+------+--------+--------+-----+

+ Detail: 
    * Instance: 
    +------------------------+--------------------+---------+----+---+----+-----+
    |        Instance        |       Module       | BRAM_18K| DSP| FF| LUT| URAM|
    +------------------------+--------------------+---------+----+---+----+-----+
    |mul_27s_27s_27_1_1_U91  |mul_27s_27s_27_1_1  |        0|   2|  0|  40|    0|
    +------------------------+--------------------+---------+----+---+----+-----+
    |Total                   |                    |        0|   2|  0|  40|    0|
    +------------------------+--------------------+---------+----+---+----+-----+

    * DSP: 
    N/A

    * Memory: 
    N/A

    * FIFO: 
    N/A

    * Expression: 
    +-----------------------+----------+----+---+----+------------+------------+
    |     Variable Name     | Operation| DSP| FF| LUT| Bitwidth P0| Bitwidth P1|
    +-----------------------+----------+----+---+----+------------+------------+
    |add_ln976_fu_91_p2     |     +    |   0|  0|  34|           9|          27|
    |sub_ln976_fu_81_p2     |     -    |   0|  0|  34|          27|          27|
    |ap_ext_blocking_n      |    and   |   0|  0|   2|           2|           2|
    |ap_int_blocking_cur_n  |    and   |   0|  0|   2|           1|           1|
    |ap_int_blocking_n      |    and   |   0|  0|   2|           1|           2|
    |ap_str_blocking_n      |    and   |   0|  0|   2|           2|           2|
    |ap_block_state1        |    or    |   0|  0|   2|           1|           1|
    +-----------------------+----------+----+---+----+------------+------------+
    |Total                  |          |   0|  0|  78|          43|          62|
    +-----------------------+----------+----+---+----+------------+------------+

    * Multiplexer: 
    +------------+----+-----------+-----+-----------+
    |    Name    | LUT| Input Size| Bits| Total Bits|
    +------------+----+-----------+-----+-----------+
    |ap_NS_fsm   |  15|          3|    1|          3|
    |ap_done     |   9|          2|    1|          2|
    |cols_blk_n  |   9|          2|    1|          2|
    |rows_blk_n  |   9|          2|    1|          2|
    +------------+----+-----------+-----+-----------+
    |Total       |  42|          9|    4|          9|
    +------------+----+-----------+-----+-----------+

    * Register: 
    +-------------------+----+----+-----+-----------+
    |        Name       | FF | LUT| Bits| Const Bits|
    +-------------------+----+----+-----+-----------+
    |ap_CS_fsm          |   2|   0|    2|          0|
    |ap_done_reg        |   1|   0|    1|          0|
    |cols_read_reg_108  |  27|   0|   27|          0|
    |sub_ln976_reg_113  |  24|   0|   27|          3|
    +-------------------+----+----+-----+-----------+
    |Total              |  54|   0|   57|          3|
    +-------------------+----+----+-----+-----------+



================================================================
== Interface
================================================================
* Summary: 
+-------------------+-----+-----+------------+--------------+--------------+
|     RTL Ports     | Dir | Bits|  Protocol  | Source Object|    C Type    |
+-------------------+-----+-----+------------+--------------+--------------+
|ap_clk             |  in |    1| ap_ctrl_hs |   addrbound  | return value |
|ap_rst             |  in |    1| ap_ctrl_hs |   addrbound  | return value |
|ap_start           |  in |    1| ap_ctrl_hs |   addrbound  | return value |
|ap_done            | out |    1| ap_ctrl_hs |   addrbound  | return value |
|ap_continue        |  in |    1| ap_ctrl_hs |   addrbound  | return value |
|ap_idle            | out |    1| ap_ctrl_hs |   addrbound  | return value |
|ap_ready           | out |    1| ap_ctrl_hs |   addrbound  | return value |
|ap_ext_blocking_n  | out |    1| ap_ctrl_hs |   addrbound  | return value |
|ap_str_blocking_n  | out |    1| ap_ctrl_hs |   addrbound  | return value |
|ap_int_blocking_n  | out |    1| ap_ctrl_hs |   addrbound  | return value |
|return_r           | out |   18|   ap_vld   |   return_r   |    pointer   |
|return_r_ap_vld    | out |    1|   ap_vld   |   return_r   |    pointer   |
|rows_dout          |  in |   24|   ap_fifo  |     rows     |    pointer   |
|rows_empty_n       |  in |    1|   ap_fifo  |     rows     |    pointer   |
|rows_read          | out |    1|   ap_fifo  |     rows     |    pointer   |
|cols_dout          |  in |   27|   ap_fifo  |     cols     |    pointer   |
|cols_empty_n       |  in |    1|   ap_fifo  |     cols     |    pointer   |
|cols_read          | out |    1|   ap_fifo  |     cols     |    pointer   |
+-------------------+-----+-----+------------+--------------+--------------+

