

================================================================
== Vitis HLS Report for 'bgr2hsv_9_1080_1920_1_s'
================================================================
* Date:           Wed Apr 21 09:46:54 2021

* Version:        2020.1.1 (Build 2960000 on Wed Aug 05 23:18:37 MDT 2020)
* Project:        cvtcolor_bgr2hsv
* Solution:       solution (Vitis Kernel Flow Target)
* Product family: zynquplus
* Target device:  xczu7ev-ffvc1156-2-e


================================================================
== Performance Estimates
================================================================
+ Timing: 
    * Summary: 
    +--------+---------+----------+------------+
    |  Clock |  Target | Estimated| Uncertainty|
    +--------+---------+----------+------------+
    |ap_clk  | 6.67 ns | 4.576 ns |   1.80 ns  |
    +--------+---------+----------+------------+

+ Latency: 
    * Summary: 
    +---------+---------+-----------+-----------+-----+---------+---------+
    |  Latency (cycles) |   Latency (absolute)  |    Interval   | Pipeline|
    |   min   |   max   |    min    |    max    | min |   max   |   Type  |
    +---------+---------+-----------+-----------+-----+---------+---------+
    |        3|  2073609| 20.001 ns | 13.825 ms |    3|  2073609|   none  |
    +---------+---------+-----------+-----------+-----+---------+---------+

    + Detail: 
        * Instance: 
        N/A

        * Loop: 
        +-------------------------------------+---------+---------+----------+-----------+-----------+-------------+----------+
        |                                     |  Latency (cycles) | Iteration|  Initiation Interval  |     Trip    |          |
        |              Loop Name              |   min   |   max   |  Latency |  achieved |   target  |    Count    | Pipelined|
        +-------------------------------------+---------+---------+----------+-----------+-----------+-------------+----------+
        |- VITIS_LOOP_124_1_VITIS_LOOP_128_2  |        0|  2073606|         8|          1|          1| 0 ~ 2073600 |    yes   |
        +-------------------------------------+---------+---------+----------+-----------+-----------+-------------+----------+



================================================================
== Utilization Estimates
================================================================
* Summary: 
+-----------------+---------+------+--------+--------+-----+
|       Name      | BRAM_18K|  DSP |   FF   |   LUT  | URAM|
+-----------------+---------+------+--------+--------+-----+
|DSP              |        -|     2|       -|       -|    -|
|Expression       |        -|     -|       0|     583|    -|
|FIFO             |        -|     -|       -|       -|    -|
|Instance         |        -|     4|       0|      20|    -|
|Memory           |        5|     -|       0|       0|    -|
|Multiplexer      |        -|     -|       -|      99|    -|
|Register         |        -|     -|     497|      64|    -|
+-----------------+---------+------+--------+--------+-----+
|Total            |        5|     6|     497|     766|    0|
+-----------------+---------+------+--------+--------+-----+
|Available        |      624|  1728|  460800|  230400|   96|
+-----------------+---------+------+--------+--------+-----+
|Utilization (%)  |    ~0   |  ~0  |   ~0   |   ~0   |    0|
+-----------------+---------+------+--------+--------+-----+

+ Detail: 
    * Instance: 
    +--------------------------+----------------------+---------+----+---+----+-----+
    |         Instance         |        Module        | BRAM_18K| DSP| FF| LUT| URAM|
    +--------------------------+----------------------+---------+----+---+----+-----+
    |mul_32ns_32ns_64_1_1_U70  |mul_32ns_32ns_64_1_1  |        0|   4|  0|  20|    0|
    +--------------------------+----------------------+---------+----+---+----+-----+
    |Total                     |                      |        0|   4|  0|  20|    0|
    +--------------------------+----------------------+---------+----+---+----+-----+

    * DSP: 
    +-------------------------------------------+---------------------------------------+---------------------+
    |                  Instance                 |                 Module                |      Expression     |
    +-------------------------------------------+---------------------------------------+---------------------+
    |ama_addmuladd_9s_13s_17ns_13ns_30_4_1_U72  |ama_addmuladd_9s_13s_17ns_13ns_30_4_1  | i0 + (i1 + i2) * i3 |
    |mac_muladd_8ns_20s_13ns_20_4_1_U71         |mac_muladd_8ns_20s_13ns_20_4_1         |     i0 + i1 * i2    |
    +-------------------------------------------+---------------------------------------+---------------------+

    * Memory: 
    +---------------------------------------------------------------------------+----------------------------------------------------------------------------------+---------+---+----+-----+------+-----+------+-------------+
    |                                   Memory                                  |                                      Module                                      | BRAM_18K| FF| LUT| URAM| Words| Bits| Banks| W*Bits*Banks|
    +---------------------------------------------------------------------------+----------------------------------------------------------------------------------+---------+---+----+-----+------+-----+------+-------------+
    |void_bgr2hsv_9_1080_1920_1_Mat_9_1080_1920_1_2_Mat_9_1080_1920_1_2_sdiv_U  |bgr2hsv_9_1080_1920_1_s_void_bgr2hsv_9_1080_1920_1_Mat_9_1080_1920_1_2_Mat_9_bkb  |        1|  0|   0|    0|   256|   32|     1|         8192|
    |void_bgr2hsv_9_1080_1920_1_Mat_9_1080_1920_1_2_Mat_9_1080_1920_1_2_hdiv_U  |bgr2hsv_9_1080_1920_1_s_void_bgr2hsv_9_1080_1920_1_Mat_9_1080_1920_1_2_Mat_9_cud  |        1|  0|   0|    0|   256|   32|     1|         8192|
    |xf_cv_icvSaturate8u_cv_U                                                   |bgr2hsv_9_1080_1920_1_s_xf_cv_icvSaturate8u_cv                                    |        3|  0|   0|    0|   769|    8|     1|         6152|
    +---------------------------------------------------------------------------+----------------------------------------------------------------------------------+---------+---+----+-----+------+-----+------+-------------+
    |Total                                                                      |                                                                                  |        5|  0|   0|    0|  1281|   72|     3|        22536|
    +---------------------------------------------------------------------------+----------------------------------------------------------------------------------+---------+---+----+-----+------+-----+------+-------------+

    * FIFO: 
    N/A

    * Expression: 
    +-----------------------------------+----------+----+---+----+------------+------------+
    |           Variable Name           | Operation| DSP| FF| LUT| Bitwidth P0| Bitwidth P1|
    +-----------------------------------+----------+----+---+----+------------+------------+
    |add_ln124_fu_248_p2                |     +    |   0|  0|  71|          64|           1|
    |add_ln1350_1_fu_342_p2             |     +    |   0|  0|  19|           9|          10|
    |add_ln1350_fu_292_p2               |     +    |   0|  0|  19|           9|           9|
    |add_ln151_1_fu_481_p2              |     +    |   0|  0|  19|          12|          12|
    |add_ln151_2_fu_566_p2              |     +    |   0|  0|  20|          13|          13|
    |add_ln151_fu_455_p2                |     +    |   0|  0|  18|          11|          11|
    |add_ln155_fu_623_p2                |     +    |   0|  0|  15|           8|           8|
    |add_ln216_1_fu_406_p2              |     +    |   0|  0|  19|           8|           8|
    |add_ln216_2_fu_396_p2              |     +    |   0|  0|  19|           8|           8|
    |add_ln216_fu_391_p2                |     +    |   0|  0|  19|           8|           8|
    |v_1_fu_324_p2                      |     +    |   0|  0|  16|           9|           9|
    |v_2_fu_386_p2                      |     +    |   0|  0|  17|          10|          10|
    |sub_ln1351_1_fu_336_p2             |     -    |   0|  0|  19|          10|          10|
    |sub_ln1351_2_fu_303_p2             |     -    |   0|  0|  16|           9|           9|
    |sub_ln1351_3_fu_365_p2             |     -    |   0|  0|  16|           9|           9|
    |sub_ln1351_4_fu_431_p2             |     -    |   0|  0|  16|           9|           9|
    |sub_ln1351_5_fu_435_p2             |     -    |   0|  0|  16|           9|           9|
    |sub_ln1351_6_fu_461_p2             |     -    |   0|  0|  16|           9|           9|
    |sub_ln1351_fu_286_p2               |     -    |   0|  0|  19|          10|           9|
    |sub_ln216_fu_401_p2                |     -    |   0|  0|  19|           8|           8|
    |sub_ln696_fu_353_p2                |     -    |   0|  0|  15|           8|           8|
    |and_ln1352_fu_513_p2               |    and   |   0|  0|   9|           9|           9|
    |and_ln151_1_fu_557_p2              |    and   |   0|  0|  12|          12|          12|
    |and_ln151_2_fu_572_p2              |    and   |   0|  0|  13|          13|          13|
    |and_ln151_fu_535_p2                |    and   |   0|  0|  11|          11|          11|
    |ap_block_state10_pp0_stage0_iter7  |    and   |   0|  0|   2|           1|           1|
    |ap_block_state4_pp0_stage0_iter1   |    and   |   0|  0|   2|           1|           1|
    |ap_ext_blocking_n                  |    and   |   0|  0|   2|           2|           2|
    |ap_int_blocking_cur_n              |    and   |   0|  0|   2|           1|           1|
    |ap_int_blocking_n                  |    and   |   0|  0|   2|           1|           2|
    |ap_str_blocking_n                  |    and   |   0|  0|   2|           2|           2|
    |icmp_ln124_fu_243_p2               |   icmp   |   0|  0|  29|          64|          64|
    |vg_fu_420_p2                       |   icmp   |   0|  0|  13|          10|          10|
    |vr_fu_412_p2                       |   icmp   |   0|  0|  13|          10|          10|
    |ap_block_pp0_stage0_01001          |    or    |   0|  0|   2|           1|           1|
    |ap_block_state1                    |    or    |   0|  0|   2|           1|           1|
    |select_ln122_1_fu_499_p3           |  select  |   0|  0|   2|           1|           2|
    |select_ln122_fu_492_p3             |  select  |   0|  0|   2|           1|           2|
    |select_ln1351_1_fu_549_p3          |  select  |   0|  0|   2|           1|           2|
    |select_ln1351_fu_527_p3            |  select  |   0|  0|   2|           1|           2|
    |select_ln153_fu_615_p3             |  select  |   0|  0|   8|           1|           8|
    |ap_enable_pp0                      |    xor   |   0|  0|   2|           1|           2|
    |ap_enable_reg_pp0_iter1            |    xor   |   0|  0|   2|           2|           1|
    |xor_ln1350_1_fu_371_p2             |    xor   |   0|  0|  10|           9|          10|
    |xor_ln1350_fu_309_p2               |    xor   |   0|  0|  10|           9|          10|
    |xor_ln151_1_fu_544_p2              |    xor   |   0|  0|   2|           1|           2|
    |xor_ln151_fu_522_p2                |    xor   |   0|  0|   2|           1|           2|
    +-----------------------------------+----------+----+---+----+------------+------------+
    |Total                              |          |   0|  0| 583|         417|         370|
    +-----------------------------------+----------+----+---+----+------------+------------+

    * Multiplexer: 
    +-------------------------+----+-----------+-----+-----------+
    |           Name          | LUT| Input Size| Bits| Total Bits|
    +-------------------------+----+-----------+-----+-----------+
    |ap_NS_fsm                |  27|          5|    1|          5|
    |ap_done                  |   9|          2|    1|          2|
    |ap_enable_reg_pp0_iter1  |   9|          2|    1|          2|
    |ap_enable_reg_pp0_iter7  |   9|          2|    1|          2|
    |imgInput0_413_blk_n      |   9|          2|    1|          2|
    |imgOutput0_414_blk_n     |   9|          2|    1|          2|
    |indvar_flatten_reg_220   |   9|          2|   64|        128|
    |p_src_mat_1_blk_n        |   9|          2|    1|          2|
    |p_src_mat_2_blk_n        |   9|          2|    1|          2|
    +-------------------------+----+-----------+-----+-----------+
    |Total                    |  99|         21|   72|        147|
    +-------------------------+----+-----------+-----+-----------+

    * Register: 
    +-------------------------------------+----+----+-----+-----------+
    |                 Name                | FF | LUT| Bits| Const Bits|
    +-------------------------------------+----+----+-----+-----------+
    |add_ln151_1_reg_797                  |  12|   0|   12|          0|
    |add_ln151_reg_792                    |  11|   0|   11|          0|
    |add_ln216_1_reg_765                  |   8|   0|    8|          0|
    |add_ln216_2_reg_760                  |   8|   0|    8|          0|
    |ap_CS_fsm                            |   4|   0|    4|          0|
    |ap_done_reg                          |   1|   0|    1|          0|
    |ap_enable_reg_pp0_iter0              |   1|   0|    1|          0|
    |ap_enable_reg_pp0_iter1              |   1|   0|    1|          0|
    |ap_enable_reg_pp0_iter2              |   1|   0|    1|          0|
    |ap_enable_reg_pp0_iter3              |   1|   0|    1|          0|
    |ap_enable_reg_pp0_iter4              |   1|   0|    1|          0|
    |ap_enable_reg_pp0_iter5              |   1|   0|    1|          0|
    |ap_enable_reg_pp0_iter6              |   1|   0|    1|          0|
    |ap_enable_reg_pp0_iter7              |   1|   0|    1|          0|
    |icmp_ln124_reg_675                   |   1|   0|    1|          0|
    |indvar_flatten_reg_220               |  64|   0|   64|          0|
    |mul_ln73_reg_670                     |  64|   0|   64|          0|
    |p_Result_1_i_reg_690                 |   8|   0|    8|          0|
    |p_Result_1_i_reg_690_pp0_iter2_reg   |   8|   0|    8|          0|
    |p_Result_2_i_reg_695                 |   8|   0|    8|          0|
    |p_src_mat_1_read_reg_660             |  32|   0|   32|          0|
    |p_src_mat_2_read_reg_665             |  32|   0|   32|          0|
    |sub_ln1351_4_reg_787                 |   9|   0|    9|          0|
    |sub_ln696_reg_744                    |   8|   0|    8|          0|
    |v_reg_684                            |   8|   0|    8|          0|
    |v_reg_684_pp0_iter2_reg              |   8|   0|    8|          0|
    |vg_reg_776                           |   1|   0|    1|          0|
    |vr_reg_770                           |   1|   0|    1|          0|
    |xf_cv_icvSaturate8u_cv_load_reg_724  |   8|   0|    8|          0|
    |zext_ln119_1_reg_729                 |   9|   0|   10|          1|
    |zext_ln119_reg_701                   |   8|   0|    9|          1|
    |zext_ln119_reg_701_pp0_iter2_reg     |   8|   0|    9|          1|
    |zext_ln1351_reg_749                  |   8|   0|    9|          1|
    |zext_ln215_1_reg_734                 |   8|   0|   10|          2|
    |zext_ln215_reg_708                   |   8|   0|    9|          1|
    |zext_ln215_reg_708_pp0_iter2_reg     |   8|   0|    9|          1|
    |add_ln216_2_reg_760                  |  64|  32|    8|          0|
    |icmp_ln124_reg_675                   |  64|  32|    1|          0|
    +-------------------------------------+----+----+-----+-----------+
    |Total                                | 497|  64|  386|          8|
    +-------------------------------------+----+----+-----+-----------+



================================================================
== Interface
================================================================
* Summary: 
+-----------------------+-----+-----+------------+---------------------------+--------------+
|       RTL Ports       | Dir | Bits|  Protocol  |       Source Object       |    C Type    |
+-----------------------+-----+-----+------------+---------------------------+--------------+
|ap_clk                 |  in |    1| ap_ctrl_hs | bgr2hsv<9, 1080, 1920, 1> | return value |
|ap_rst                 |  in |    1| ap_ctrl_hs | bgr2hsv<9, 1080, 1920, 1> | return value |
|ap_start               |  in |    1| ap_ctrl_hs | bgr2hsv<9, 1080, 1920, 1> | return value |
|ap_done                | out |    1| ap_ctrl_hs | bgr2hsv<9, 1080, 1920, 1> | return value |
|ap_continue            |  in |    1| ap_ctrl_hs | bgr2hsv<9, 1080, 1920, 1> | return value |
|ap_idle                | out |    1| ap_ctrl_hs | bgr2hsv<9, 1080, 1920, 1> | return value |
|ap_ready               | out |    1| ap_ctrl_hs | bgr2hsv<9, 1080, 1920, 1> | return value |
|ap_ext_blocking_n      | out |    1| ap_ctrl_hs | bgr2hsv<9, 1080, 1920, 1> | return value |
|ap_str_blocking_n      | out |    1| ap_ctrl_hs | bgr2hsv<9, 1080, 1920, 1> | return value |
|ap_int_blocking_n      | out |    1| ap_ctrl_hs | bgr2hsv<9, 1080, 1920, 1> | return value |
|imgInput0_413_dout     |  in |   24|   ap_fifo  |       imgInput0_413       |    pointer   |
|imgInput0_413_empty_n  |  in |    1|   ap_fifo  |       imgInput0_413       |    pointer   |
|imgInput0_413_read     | out |    1|   ap_fifo  |       imgInput0_413       |    pointer   |
|imgOutput0_414_din     | out |   24|   ap_fifo  |       imgOutput0_414      |    pointer   |
|imgOutput0_414_full_n  |  in |    1|   ap_fifo  |       imgOutput0_414      |    pointer   |
|imgOutput0_414_write   | out |    1|   ap_fifo  |       imgOutput0_414      |    pointer   |
|p_src_mat_1_dout       |  in |   32|   ap_fifo  |        p_src_mat_1        |    pointer   |
|p_src_mat_1_empty_n    |  in |    1|   ap_fifo  |        p_src_mat_1        |    pointer   |
|p_src_mat_1_read       | out |    1|   ap_fifo  |        p_src_mat_1        |    pointer   |
|p_src_mat_2_dout       |  in |   32|   ap_fifo  |        p_src_mat_2        |    pointer   |
|p_src_mat_2_empty_n    |  in |    1|   ap_fifo  |        p_src_mat_2        |    pointer   |
|p_src_mat_2_read       | out |    1|   ap_fifo  |        p_src_mat_2        |    pointer   |
+-----------------------+-----+-----+------------+---------------------------+--------------+

