

================================================================
== Vitis HLS Report for 'MatStream2AxiStream'
================================================================
* Date:           Wed Apr 21 09:46:54 2021

* Version:        2020.1.1 (Build 2960000 on Wed Aug 05 23:18:37 MDT 2020)
* Project:        cvtcolor_bgr2hsv
* Solution:       solution (Vitis Kernel Flow Target)
* Product family: zynquplus
* Target device:  xczu7ev-ffvc1156-2-e


================================================================
== Performance Estimates
================================================================
+ Timing: 
    * Summary: 
    +--------+---------+----------+------------+
    |  Clock |  Target | Estimated| Uncertainty|
    +--------+---------+----------+------------+
    |ap_clk  | 6.67 ns | 4.831 ns |   1.80 ns  |
    +--------+---------+----------+------------+

+ Latency: 
    * Summary: 
    +---------+---------+-----------+-----------+-----+---------+---------+
    |  Latency (cycles) |   Latency (absolute)  |    Interval   | Pipeline|
    |   min   |   max   |    min    |    max    | min |   max   |   Type  |
    +---------+---------+-----------+-----------+-----+---------+---------+
    |        4|  2073603| 26.668 ns | 13.825 ms |    4|  2073603|   none  |
    +---------+---------+-----------+-----------+-----+---------+---------+

    + Detail: 
        * Instance: 
        N/A

        * Loop: 
        +-----------------------------+---------+---------+----------+-----------+-----------+-------------+----------+
        |                             |  Latency (cycles) | Iteration|  Initiation Interval  |     Trip    |          |
        |          Loop Name          |   min   |   max   |  Latency |  achieved |   target  |    Count    | Pipelined|
        +-----------------------------+---------+---------+----------+-----------+-----------+-------------+----------+
        |- MMIterOutRow_MMIterOutCol  |        1|  2073600|         2|          1|          1| 1 ~ 2073600 |    yes   |
        +-----------------------------+---------+---------+----------+-----------+-----------+-------------+----------+



================================================================
== Utilization Estimates
================================================================
* Summary: 
+-----------------+---------+------+--------+--------+-----+
|       Name      | BRAM_18K|  DSP |   FF   |   LUT  | URAM|
+-----------------+---------+------+--------+--------+-----+
|DSP              |        -|     -|       -|       -|    -|
|Expression       |        -|     -|       0|    7931|    -|
|FIFO             |        -|     -|       -|       -|    -|
|Instance         |        -|     4|       0|      20|    -|
|Memory           |        -|     -|       -|       -|    -|
|Multiplexer      |        -|     -|       -|     168|    -|
|Register         |        -|     -|     800|       -|    -|
+-----------------+---------+------+--------+--------+-----+
|Total            |        0|     4|     800|    8119|    0|
+-----------------+---------+------+--------+--------+-----+
|Available        |      624|  1728|  460800|  230400|   96|
+-----------------+---------+------+--------+--------+-----+
|Utilization (%)  |        0|  ~0  |   ~0   |       3|    0|
+-----------------+---------+------+--------+--------+-----+

+ Detail: 
    * Instance: 
    +---------------------------+----------------------+---------+----+---+----+-----+
    |          Instance         |        Module        | BRAM_18K| DSP| FF| LUT| URAM|
    +---------------------------+----------------------+---------+----+---+----+-----+
    |mul_32ns_32ns_64_1_1_U101  |mul_32ns_32ns_64_1_1  |        0|   4|  0|  20|    0|
    +---------------------------+----------------------+---------+----+---+----+-----+
    |Total                      |                      |        0|   4|  0|  20|    0|
    +---------------------------+----------------------+---------+----+---+----+-----+

    * DSP: 
    N/A

    * Memory: 
    N/A

    * FIFO: 
    N/A

    * Expression: 
    +----------------------------------+----------+----+---+------+------------+------------+
    |           Variable Name          | Operation| DSP| FF|  LUT | Bitwidth P0| Bitwidth P1|
    +----------------------------------+----------+----+---+------+------------+------------+
    |add_ln1241_fu_200_p2              |     +    |   0|  0|    71|          64|           1|
    |add_ln1246_fu_266_p2              |     +    |   0|  0|    38|          31|           1|
    |add_ln216_fu_260_p2               |     +    |   0|  0|    17|          10|          10|
    |sub_i_fu_169_p2                   |     +    |   0|  0|    39|          32|           2|
    |p_Val2_s_fu_305_p2                |     -    |   0|  0|    18|          10|          11|
    |sub_ln1258_fu_239_p2              |     -    |   0|  0|    18|          11|          10|
    |sub_ln550_fu_327_p2               |     -    |   0|  0|    16|           1|           9|
    |ap_block_pp0_stage0_01001         |    and   |   0|  0|     2|           1|           1|
    |ap_block_state5                   |    and   |   0|  0|     2|           1|           1|
    |ap_ext_blocking_n                 |    and   |   0|  0|     2|           2|           2|
    |ap_int_blocking_cur_n             |    and   |   0|  0|     2|           1|           1|
    |ap_int_blocking_n                 |    and   |   0|  0|     2|           1|           2|
    |ap_predicate_op57_write_state4    |    and   |   0|  0|     2|           1|           1|
    |ap_str_blocking_n                 |    and   |   0|  0|     2|           2|           2|
    |bLast_fu_218_p2                   |   icmp   |   0|  0|    20|          32|          32|
    |icmp_ln1241_fu_195_p2             |   icmp   |   0|  0|    29|          64|          64|
    |icmp_ln1246_fu_190_p2             |   icmp   |   0|  0|    20|          32|          32|
    |icmp_ln878_fu_371_p2              |   icmp   |   0|  0|    13|          10|           1|
    |icmp_ln882_fu_245_p2              |   icmp   |   0|  0|    13|          10|          10|
    |lshr_ln803_fu_347_p2              |   lshr   |   0|  0|  2171|         512|         512|
    |ap_block_state1                   |    or    |   0|  0|     2|           1|           1|
    |ap_block_state4_pp0_stage0_iter1  |    or    |   0|  0|     2|           1|           1|
    |or_ln1353_fu_294_p2               |    or    |   0|  0|   512|         512|         512|
    |j_1_fu_272_p3                     |  select  |   0|  0|    31|           1|          31|
    |select_ln1238_fu_206_p3           |  select  |   0|  0|    31|           1|          31|
    |select_ln791_fu_353_p3            |  select  |   0|  0|   505|           1|         512|
    |xf_bits_per_clock_fu_223_p3       |  select  |   0|  0|     5|           1|           4|
    |shl_ln785_1_fu_337_p2             |    shl   |   0|  0|  2171|         512|         512|
    |shl_ln785_fu_288_p2               |    shl   |   0|  0|  2171|         512|         512|
    |ap_enable_pp0                     |    xor   |   0|  0|     2|           1|           2|
    |ap_enable_reg_pp0_iter1           |    xor   |   0|  0|     2|           2|           1|
    +----------------------------------+----------+----+---+------+------------+------------+
    |Total                             |          |   0|  0|  7931|        2373|        2824|
    +----------------------------------+----------+----+---+------+------------+------------+

    * Multiplexer: 
    +--------------------------------------------+----+-----------+-----+-----------+
    |                    Name                    | LUT| Input Size| Bits| Total Bits|
    +--------------------------------------------+----+-----------+-----+-----------+
    |ap_NS_fsm                                   |  27|          5|    1|          5|
    |ap_done                                     |   9|          2|    1|          2|
    |ap_enable_reg_pp0_iter1                     |  15|          3|    1|          3|
    |ap_phi_mux_conv_i9_i_i4_pn_i_phi_fu_154_p4  |  15|          3|   10|         30|
    |ap_phi_mux_empty_phi_fu_143_p4              |   9|          2|   10|         20|
    |cols_bound_per_npc_blk_n                    |   9|          2|    1|          2|
    |empty_reg_139                               |   9|          2|   10|         20|
    |imgOutput0_414_blk_n                        |   9|          2|    1|          2|
    |indvar_flatten_reg_117                      |   9|          2|   64|        128|
    |j_reg_128                                   |   9|          2|   31|         62|
    |ldata1_blk_n                                |   9|          2|    1|          2|
    |ldata1_din                                  |  15|          3|  512|       1536|
    |p_0_fu_82                                   |  15|          3|  512|       1536|
    |rows_blk_n                                  |   9|          2|    1|          2|
    +--------------------------------------------+----+-----------+-----+-----------+
    |Total                                       | 168|         35| 1156|       3350|
    +--------------------------------------------+----+-----------+-----+-----------+

    * Register: 
    +------------------------------+-----+----+-----+-----------+
    |             Name             |  FF | LUT| Bits| Const Bits|
    +------------------------------+-----+----+-----+-----------+
    |add_ln216_reg_425             |   10|   0|   10|          0|
    |ap_CS_fsm                     |    4|   0|    4|          0|
    |ap_done_reg                   |    1|   0|    1|          0|
    |ap_enable_reg_pp0_iter0       |    1|   0|    1|          0|
    |ap_enable_reg_pp0_iter1       |    1|   0|    1|          0|
    |cols_bound_per_npc_1_reg_390  |   32|   0|   32|          0|
    |empty_reg_139                 |   10|   0|   10|          0|
    |icmp_ln1241_reg_412           |    1|   0|    1|          0|
    |icmp_ln882_reg_421            |    1|   0|    1|          0|
    |indvar_flatten_reg_117        |   64|   0|   64|          0|
    |j_reg_128                     |   31|   0|   31|          0|
    |last_blk_width_read_reg_397   |    4|   0|    4|          0|
    |mul_ln1231_reg_407            |   64|   0|   64|          0|
    |p_0_fu_82                     |  512|   0|  512|          0|
    |rows_1_reg_385                |   32|   0|   32|          0|
    |sub_i_reg_402                 |   32|   0|   32|          0|
    +------------------------------+-----+----+-----+-----------+
    |Total                         |  800|   0|  800|          0|
    +------------------------------+-----+----+-----+-----------+



================================================================
== Interface
================================================================
* Summary: 
+----------------------------+-----+-----+------------+---------------------+--------------+
|          RTL Ports         | Dir | Bits|  Protocol  |    Source Object    |    C Type    |
+----------------------------+-----+-----+------------+---------------------+--------------+
|ap_clk                      |  in |    1| ap_ctrl_hs | MatStream2AxiStream | return value |
|ap_rst                      |  in |    1| ap_ctrl_hs | MatStream2AxiStream | return value |
|ap_start                    |  in |    1| ap_ctrl_hs | MatStream2AxiStream | return value |
|ap_done                     | out |    1| ap_ctrl_hs | MatStream2AxiStream | return value |
|ap_continue                 |  in |    1| ap_ctrl_hs | MatStream2AxiStream | return value |
|ap_idle                     | out |    1| ap_ctrl_hs | MatStream2AxiStream | return value |
|ap_ready                    | out |    1| ap_ctrl_hs | MatStream2AxiStream | return value |
|ap_ext_blocking_n           | out |    1| ap_ctrl_hs | MatStream2AxiStream | return value |
|ap_str_blocking_n           | out |    1| ap_ctrl_hs | MatStream2AxiStream | return value |
|ap_int_blocking_n           | out |    1| ap_ctrl_hs | MatStream2AxiStream | return value |
|imgOutput0_414_dout         |  in |   24|   ap_fifo  |    imgOutput0_414   |    pointer   |
|imgOutput0_414_empty_n      |  in |    1|   ap_fifo  |    imgOutput0_414   |    pointer   |
|imgOutput0_414_read         | out |    1|   ap_fifo  |    imgOutput0_414   |    pointer   |
|ldata1_din                  | out |  512|   ap_fifo  |        ldata1       |    pointer   |
|ldata1_full_n               |  in |    1|   ap_fifo  |        ldata1       |    pointer   |
|ldata1_write                | out |    1|   ap_fifo  |        ldata1       |    pointer   |
|rows_dout                   |  in |   32|   ap_fifo  |         rows        |    pointer   |
|rows_empty_n                |  in |    1|   ap_fifo  |         rows        |    pointer   |
|rows_read                   | out |    1|   ap_fifo  |         rows        |    pointer   |
|cols_bound_per_npc_dout     |  in |   32|   ap_fifo  |  cols_bound_per_npc |    pointer   |
|cols_bound_per_npc_empty_n  |  in |    1|   ap_fifo  |  cols_bound_per_npc |    pointer   |
|cols_bound_per_npc_read     | out |    1|   ap_fifo  |  cols_bound_per_npc |    pointer   |
|last_blk_width              |  in |    4|   ap_none  |    last_blk_width   |    pointer   |
+----------------------------+-----+-----+------------+---------------------+--------------+

