Copyright 1986-2020 Xilinx, Inc. All Rights Reserved.
--------------------------------------------------------------------------------------------------------------------------------------------------------------------------------------------------------------------
| Tool Version : Vivado v.2020.1.1 (lin64) Build 2960000 Wed Aug  5 22:57:21 MDT 2020
| Date         : Wed Apr 21 09:56:34 2021
| Host         : work2-System-Product-Name running 64-bit Ubuntu 18.04.5 LTS
| Command      : report_accelerator_utilization -kernels { cvtcolor_bgr2hsv:zcu104_base_i/cvtcolor_bgr2hsv_1/inst:cvtcolor_bgr2hsv_1} -file ../../../output/kernel_util_synthed.rpt -name kernel_util_synthed -json
| Design       : zcu104_base_wrapper
| Device       : xczu7ev
| Design State : Synthesized
--------------------------------------------------------------------------------------------------------------------------------------------------------------------------------------------------------------------

Accelerator Utilization Design Information

Table of Contents
-----------------
1. System Utilization

1. System Utilization
---------------------

+-----------------------+------------------+------------------+------------------+---------------+--------------+----------------+
| Name                  | LUT              | LUTAsMem         | REG              | BRAM          | URAM         | DSP            |
+-----------------------+------------------+------------------+------------------+---------------+--------------+----------------+
| Platform              |   8122 [  3.53%] |    683 [  0.67%] |  17751 [  3.85%] |  48 [ 15.38%] |  0 [  0.00%] |    0 [  0.00%] |
| User Budget           | 222278 [100.00%] | 101077 [100.00%] | 443049 [100.00%] | 264 [100.00%] | 96 [100.00%] | 1728 [100.00%] |
|    Used Resources     |   9092 [  4.09%] |   1421 [  1.41%] |  13492 [  3.05%] |  16 [  6.06%] |  0 [  0.00%] |   17 [  0.98%] |
|    Unused Resources   | 213186 [ 95.91%] |  99656 [ 98.59%] | 429557 [ 96.95%] | 248 [ 93.94%] | 96 [100.00%] | 1711 [ 99.02%] |
| cvtcolor_bgr2hsv      |   9092 [  4.09%] |   1421 [  1.41%] |  13492 [  3.05%] |  16 [  6.06%] |  0 [  0.00%] |   17 [  0.98%] |
|    cvtcolor_bgr2hsv_1 |   9092 [  4.09%] |   1421 [  1.41%] |  13492 [  3.05%] |  16 [  6.06%] |  0 [  0.00%] |   17 [  0.98%] |
+-----------------------+------------------+------------------+------------------+---------------+--------------+----------------+


