

================================================================
== Vitis HLS Report for 'AxiStream2MatStream'
================================================================
* Date:           Wed Apr 21 09:52:01 2021

* Version:        2020.1.1 (Build 2960000 on Wed Aug 05 23:18:37 MDT 2020)
* Project:        cvtcolor_bgr2hsv
* Solution:       solution (Vitis Kernel Flow Target)
* Product family: zynquplus
* Target device:  xczu7ev-ffvc1156-2-e


================================================================
== Performance Estimates
================================================================
+ Timing: 
    * Summary: 
    +--------+---------+----------+------------+
    |  Clock |  Target | Estimated| Uncertainty|
    +--------+---------+----------+------------+
    |ap_clk  | 6.67 ns | 5.092 ns |   1.80 ns  |
    +--------+---------+----------+------------+

+ Latency: 
    * Summary: 
    +---------+---------+-----------+-----------+-----+---------+---------+
    |  Latency (cycles) |   Latency (absolute)  |    Interval   | Pipeline|
    |   min   |   max   |    min    |    max    | min |   max   |   Type  |
    +---------+---------+-----------+-----------+-----+---------+---------+
    |        5|  2073604| 33.335 ns | 13.825 ms |    5|  2073604|   none  |
    +---------+---------+-----------+-----------+-----+---------+---------+

    + Detail: 
        * Instance: 
        N/A

        * Loop: 
        +-------------------+---------+---------+----------+-----------+-----------+-------------+----------+
        |                   |  Latency (cycles) | Iteration|  Initiation Interval  |     Trip    |          |
        |     Loop Name     |   min   |   max   |  Latency |  achieved |   target  |    Count    | Pipelined|
        +-------------------+---------+---------+----------+-----------+-----------+-------------+----------+
        |- MMIterInLoopRow  |        2|  2073601|         3|          1|          1| 1 ~ 2073600 |    yes   |
        +-------------------+---------+---------+----------+-----------+-----------+-------------+----------+



================================================================
== Utilization Estimates
================================================================
* Summary: 
+-----------------+---------+------+--------+--------+-----+
|       Name      | BRAM_18K|  DSP |   FF   |   LUT  | URAM|
+-----------------+---------+------+--------+--------+-----+
|DSP              |        -|     -|       -|       -|    -|
|Expression       |        -|     -|       0|   14662|    -|
|FIFO             |        -|     -|       -|       -|    -|
|Instance         |        -|     3|       0|      20|    -|
|Memory           |        -|     -|       -|       -|    -|
|Multiplexer      |        -|     -|       -|     156|    -|
|Register         |        -|     -|    1899|       -|    -|
+-----------------+---------+------+--------+--------+-----+
|Total            |        0|     3|    1899|   14838|    0|
+-----------------+---------+------+--------+--------+-----+
|Available        |      624|  1728|  460800|  230400|   96|
+-----------------+---------+------+--------+--------+-----+
|Utilization (%)  |        0|  ~0  |   ~0   |       6|    0|
+-----------------+---------+------+--------+--------+-----+

+ Detail: 
    * Instance: 
    +------------------------+--------------------+---------+----+---+----+-----+
    |        Instance        |       Module       | BRAM_18K| DSP| FF| LUT| URAM|
    +------------------------+--------------------+---------+----+---+----+-----+
    |mul_32s_32s_32_1_1_U36  |mul_32s_32s_32_1_1  |        0|   3|  0|  20|    0|
    +------------------------+--------------------+---------+----+---+----+-----+
    |Total                   |                    |        0|   3|  0|  20|    0|
    +------------------------+--------------------+---------+----+---+----+-----+

    * DSP: 
    N/A

    * Memory: 
    N/A

    * FIFO: 
    N/A

    * Expression: 
    +----------------------------------+----------+----+---+------+------------+------------+
    |           Variable Name          | Operation| DSP| FF|  LUT | Bitwidth P0| Bitwidth P1|
    +----------------------------------+----------+----+---+------+------------+------------+
    |add_ln1038_fu_225_p2              |     +    |   0|  0|    38|          31|           1|
    |add_ln1054_fu_506_p2              |     +    |   0|  0|    15|           2|           6|
    |add_ln1057_fu_210_p2              |     +    |   0|  0|    17|          10|           9|
    |add_ln1061_fu_293_p2              |     +    |   0|  0|    39|          32|           1|
    |add_ln674_1_fu_529_p2             |     +    |   0|  0|    22|           9|          10|
    |add_ln674_fu_448_p2               |     +    |   0|  0|    17|          10|          10|
    |rem_1_fu_282_p2                   |     +    |   0|  0|    39|          32|          32|
    |sub_i_fu_199_p2                   |     +    |   0|  0|    39|          32|           2|
    |grp_fu_173_p2                     |     -    |   0|  0|    39|          10|          32|
    |rem_2_fu_271_p2                   |     -    |   0|  0|    39|          32|          32|
    |sub2_i_fu_204_p2                  |     -    |   0|  0|    18|          11|          10|
    |sub_ln1057_fu_323_p2              |     -    |   0|  0|    39|          32|          32|
    |sub_ln414_1_fu_567_p2             |     -    |   0|  0|    15|           5|           5|
    |sub_ln414_2_fu_589_p2             |     -    |   0|  0|    15|           5|           5|
    |sub_ln414_fu_647_p2               |     -    |   0|  0|    15|           5|           5|
    |sub_ln674_1_fu_460_p2             |     -    |   0|  0|    17|           9|          10|
    |sub_ln674_2_fu_490_p2             |     -    |   0|  0|    17|           9|          10|
    |sub_ln674_3_fu_523_p2             |     -    |   0|  0|    22|          10|          10|
    |sub_ln674_4_fu_352_p2             |     -    |   0|  0|    17|          10|          10|
    |sub_ln674_5_fu_358_p2             |     -    |   0|  0|    17|           9|          10|
    |sub_ln674_6_fu_364_p2             |     -    |   0|  0|    17|          10|          10|
    |sub_ln674_7_fu_394_p2             |     -    |   0|  0|    17|           9|          10|
    |sub_ln674_fu_454_p2               |     -    |   0|  0|    17|           9|          10|
    |and_ln414_1_fu_726_p2             |    and   |   0|  0|    24|          24|          24|
    |and_ln414_2_fu_732_p2             |    and   |   0|  0|    24|          24|          24|
    |and_ln414_fu_714_p2               |    and   |   0|  0|    24|          24|          24|
    |ap_block_state4_pp0_stage0_iter1  |    and   |   0|  0|     2|           1|           1|
    |ap_block_state5_pp0_stage0_iter2  |    and   |   0|  0|     2|           1|           1|
    |ap_predicate_op87_read_state4     |    and   |   0|  0|     2|           1|           1|
    |p_Result_1_fu_662_p2              |    and   |   0|  0|    24|          24|          24|
    |p_Result_2_fu_545_p2              |    and   |   0|  0|   512|         512|         512|
    |p_Result_4_fu_619_p2              |    and   |   0|  0|   512|         512|         512|
    |p_Result_s_fu_638_p2              |    and   |   0|  0|   512|         512|         512|
    |bLast_fu_234_p2                   |   icmp   |   0|  0|    20|          32|          32|
    |icmp_ln1038_fu_220_p2             |   icmp   |   0|  0|    20|          32|          32|
    |icmp_ln1049_fu_265_p2             |   icmp   |   0|  0|    20|          32|          32|
    |icmp_ln1050_fu_410_p2             |   icmp   |   0|  0|    20|          32|           1|
    |icmp_ln414_fu_555_p2              |   icmp   |   0|  0|    20|          32|          32|
    |icmp_ln674_1_fu_328_p2            |   icmp   |   0|  0|    20|          32|          32|
    |icmp_ln674_fu_428_p2              |   icmp   |   0|  0|    20|          23|           1|
    |lshr_ln414_1_fu_708_p2            |   lshr   |   0|  0|    64|           2|          24|
    |lshr_ln414_fu_656_p2              |   lshr   |   0|  0|    64|           2|          24|
    |lshr_ln674_1_fu_632_p2            |   lshr   |   0|  0|  2171|           2|         512|
    |lshr_ln674_2_fu_539_p2            |   lshr   |   0|  0|  2171|           2|         512|
    |lshr_ln674_3_fu_404_p2            |   lshr   |   0|  0|  2171|         512|         512|
    |lshr_ln674_4_fu_613_p2            |   lshr   |   0|  0|  2171|           2|         512|
    |lshr_ln674_fu_500_p2              |   lshr   |   0|  0|  2171|         512|         512|
    |ap_block_pp0_stage0_01001         |    or    |   0|  0|     2|           1|           1|
    |ap_block_state1                   |    or    |   0|  0|     2|           1|           1|
    |p_Result_3_fu_738_p2              |    or    |   0|  0|    24|          24|          24|
    |j_2_fu_299_p3                     |  select  |   0|  0|    32|           1|           1|
    |p_Val2_2_fu_668_p3                |  select  |   0|  0|    24|           1|           1|
    |ptr_width_minus_fu_254_p3         |  select  |   0|  0|    10|           1|          10|
    |select_ln1057_fu_313_p3           |  select  |   0|  0|    10|           1|          10|
    |select_ln414_1_fu_675_p3          |  select  |   0|  0|     5|           1|           5|
    |select_ln414_2_fu_581_p3          |  select  |   0|  0|     5|           1|           5|
    |select_ln414_3_fu_696_p3          |  select  |   0|  0|    24|           1|          24|
    |select_ln414_fu_573_p3            |  select  |   0|  0|     5|           1|           5|
    |select_ln674_1_fu_474_p3          |  select  |   0|  0|   505|           1|         512|
    |select_ln674_2_fu_482_p3          |  select  |   0|  0|    10|           1|          10|
    |select_ln674_3_fu_370_p3          |  select  |   0|  0|    10|           1|          10|
    |select_ln674_4_fu_378_p3          |  select  |   0|  0|   505|           1|         512|
    |select_ln674_5_fu_386_p3          |  select  |   0|  0|    10|           1|          10|
    |select_ln674_fu_466_p3            |  select  |   0|  0|    10|           1|          10|
    |xf_bits_per_clock_fu_239_p3       |  select  |   0|  0|     5|           1|           4|
    |shl_ln414_1_fu_702_p2             |    shl   |   0|  0|    64|           2|          24|
    |shl_ln414_fu_599_p2               |    shl   |   0|  0|    64|          24|          24|
    |ap_enable_pp0                     |    xor   |   0|  0|     2|           1|           2|
    |ap_enable_reg_pp0_iter1           |    xor   |   0|  0|     2|           2|           1|
    |xor_ln414_fu_720_p2               |    xor   |   0|  0|    24|           2|          24|
    +----------------------------------+----------+----+---+------+------------+------------+
    |Total                             |          |   0|  0| 14662|        3289|        5907|
    +----------------------------------+----------+----+---+------+------------+------------+

    * Multiplexer: 
    +--------------------------------+----+-----------+-----+-----------+
    |              Name              | LUT| Input Size| Bits| Total Bits|
    +--------------------------------+----+-----------+-----+-----------+
    |ap_NS_fsm                       |  27|          5|    1|          5|
    |ap_done                         |   9|          2|    1|          2|
    |ap_enable_reg_pp0_iter1         |   9|          2|    1|          2|
    |ap_enable_reg_pp0_iter2         |   9|          2|    1|          2|
    |ap_phi_mux_empty_phi_fu_166_p4  |  15|          3|   24|         72|
    |cols_bound_per_npc_blk_n        |   9|          2|    1|          2|
    |i_reg_152                       |   9|          2|   31|         62|
    |imgInput0_413_blk_n             |   9|          2|    1|          2|
    |j_reg_141                       |   9|          2|   32|         64|
    |last_blk_width_blk_n            |   9|          2|    1|          2|
    |ldata1_blk_n                    |   9|          2|    1|          2|
    |p_Val2_s_fu_106                 |   9|          2|  512|       1024|
    |rem_fu_102                      |  15|          3|   32|         96|
    |rows_blk_n                      |   9|          2|    1|          2|
    +--------------------------------+----+-----------+-----+-----------+
    |Total                           | 156|         33|  640|       1339|
    +--------------------------------+----+-----------+-----+-----------+

    * Register: 
    +-----------------------------------+-----+----+-----+-----------+
    |                Name               |  FF | LUT| Bits| Const Bits|
    +-----------------------------------+-----+----+-----+-----------+
    |add_ln1057_reg_792                 |   10|   0|   10|          0|
    |ap_CS_fsm                          |    4|   0|    4|          0|
    |ap_done_reg                        |    1|   0|    1|          0|
    |ap_enable_reg_pp0_iter0            |    1|   0|    1|          0|
    |ap_enable_reg_pp0_iter1            |    1|   0|    1|          0|
    |ap_enable_reg_pp0_iter2            |    1|   0|    1|          0|
    |bLast_reg_817                      |    1|   0|    1|          0|
    |bound_reg_777                      |   32|   0|   32|          0|
    |cols_bound_per_npc_2_reg_765       |   32|   0|   32|          0|
    |i_reg_152                          |   31|   0|   31|          0|
    |icmp_ln1038_reg_797                |    1|   0|    1|          0|
    |icmp_ln1038_reg_797_pp0_iter1_reg  |    1|   0|    1|          0|
    |icmp_ln1049_reg_827                |    1|   0|    1|          0|
    |icmp_ln1049_reg_827_pp0_iter1_reg  |    1|   0|    1|          0|
    |icmp_ln1050_reg_846                |    1|   0|    1|          0|
    |icmp_ln414_reg_866                 |    1|   0|    1|          0|
    |j_reg_141                          |   32|   0|   32|          0|
    |last_blk_width_1_reg_771           |    4|   0|    4|          0|
    |lshr_ln674_3_reg_841               |  512|   0|  512|          0|
    |lshr_ln674_reg_861                 |  512|   0|  512|          0|
    |p_Val2_s_fu_106                    |  512|   0|  512|          0|
    |rem_fu_102                         |   32|   0|   32|          0|
    |rem_load_reg_806                   |   32|   0|   32|          0|
    |rows_2_reg_760                     |   32|   0|   32|          0|
    |sext_ln1044_reg_822                |    5|   0|    5|          0|
    |shl_ln414_reg_887                  |   24|   0|   24|          0|
    |sub2_i_reg_787                     |   10|   0|   10|          0|
    |sub_i_reg_782                      |   32|   0|   32|          0|
    |sub_ln414_2_reg_882                |    5|   0|    5|          0|
    |sub_ln674_2_reg_856                |   10|   0|   10|          0|
    |sub_ln674_7_reg_836                |   10|   0|   10|          0|
    |trunc_ln1051_reg_851               |    5|   0|    5|          0|
    |trunc_ln414_1_reg_877              |    5|   0|    5|          0|
    |trunc_ln414_reg_872                |    5|   0|    5|          0|
    +-----------------------------------+-----+----+-----+-----------+
    |Total                              | 1899|   0| 1899|          0|
    +-----------------------------------+-----+----+-----+-----------+



================================================================
== Interface
================================================================
* Summary: 
+----------------------------+-----+-----+------------+---------------------+--------------+
|          RTL Ports         | Dir | Bits|  Protocol  |    Source Object    |    C Type    |
+----------------------------+-----+-----+------------+---------------------+--------------+
|ap_clk                      |  in |    1| ap_ctrl_hs | AxiStream2MatStream | return value |
|ap_rst                      |  in |    1| ap_ctrl_hs | AxiStream2MatStream | return value |
|ap_start                    |  in |    1| ap_ctrl_hs | AxiStream2MatStream | return value |
|ap_done                     | out |    1| ap_ctrl_hs | AxiStream2MatStream | return value |
|ap_continue                 |  in |    1| ap_ctrl_hs | AxiStream2MatStream | return value |
|ap_idle                     | out |    1| ap_ctrl_hs | AxiStream2MatStream | return value |
|ap_ready                    | out |    1| ap_ctrl_hs | AxiStream2MatStream | return value |
|ldata1_dout                 |  in |  512|   ap_fifo  |        ldata1       |    pointer   |
|ldata1_empty_n              |  in |    1|   ap_fifo  |        ldata1       |    pointer   |
|ldata1_read                 | out |    1|   ap_fifo  |        ldata1       |    pointer   |
|imgInput0_413_din           | out |   24|   ap_fifo  |    imgInput0_413    |    pointer   |
|imgInput0_413_full_n        |  in |    1|   ap_fifo  |    imgInput0_413    |    pointer   |
|imgInput0_413_write         | out |    1|   ap_fifo  |    imgInput0_413    |    pointer   |
|rows_dout                   |  in |   32|   ap_fifo  |         rows        |    pointer   |
|rows_empty_n                |  in |    1|   ap_fifo  |         rows        |    pointer   |
|rows_read                   | out |    1|   ap_fifo  |         rows        |    pointer   |
|cols_bound_per_npc_dout     |  in |   32|   ap_fifo  |  cols_bound_per_npc |    pointer   |
|cols_bound_per_npc_empty_n  |  in |    1|   ap_fifo  |  cols_bound_per_npc |    pointer   |
|cols_bound_per_npc_read     | out |    1|   ap_fifo  |  cols_bound_per_npc |    pointer   |
|last_blk_width_dout         |  in |    4|   ap_fifo  |    last_blk_width   |    pointer   |
|last_blk_width_empty_n      |  in |    1|   ap_fifo  |    last_blk_width   |    pointer   |
|last_blk_width_read         | out |    1|   ap_fifo  |    last_blk_width   |    pointer   |
+----------------------------+-----+-----+------------+---------------------+--------------+

