

================================================================
== Vitis HLS Report for 'AxiStream2MatStream'
================================================================
* Date:           Wed Apr 21 09:46:51 2021

* Version:        2020.1.1 (Build 2960000 on Wed Aug 05 23:18:37 MDT 2020)
* Project:        cvtcolor_bgr2hsv
* Solution:       solution (Vitis Kernel Flow Target)
* Product family: zynquplus
* Target device:  xczu7ev-ffvc1156-2-e


================================================================
== Performance Estimates
================================================================
+ Timing: 
    * Summary: 
    +--------+---------+----------+------------+
    |  Clock |  Target | Estimated| Uncertainty|
    +--------+---------+----------+------------+
    |ap_clk  | 6.67 ns | 5.092 ns |   1.80 ns  |
    +--------+---------+----------+------------+

+ Latency: 
    * Summary: 
    +---------+---------+-----------+-----------+-----+---------+---------+
    |  Latency (cycles) |   Latency (absolute)  |    Interval   | Pipeline|
    |   min   |   max   |    min    |    max    | min |   max   |   Type  |
    +---------+---------+-----------+-----------+-----+---------+---------+
    |        5|  2073604| 33.335 ns | 13.825 ms |    5|  2073604|   none  |
    +---------+---------+-----------+-----------+-----+---------+---------+

    + Detail: 
        * Instance: 
        N/A

        * Loop: 
        +-------------------+---------+---------+----------+-----------+-----------+-------------+----------+
        |                   |  Latency (cycles) | Iteration|  Initiation Interval  |     Trip    |          |
        |     Loop Name     |   min   |   max   |  Latency |  achieved |   target  |    Count    | Pipelined|
        +-------------------+---------+---------+----------+-----------+-----------+-------------+----------+
        |- MMIterInLoopRow  |        2|  2073601|         3|          1|          1| 1 ~ 2073600 |    yes   |
        +-------------------+---------+---------+----------+-----------+-----------+-------------+----------+

============================================================
+ Verbose Summary: Synthesis Manager
============================================================
InlineROM: 1
ExposeGlobal: 0
============================================================
+ Verbose Summary: CDFG Model
============================================================
IsTopModel: 0
ResetActiveHigh: 1
IsCombinational: 2
IsDatapathOnly: 0
HasWiredReturn: 1
HasMFsm: 0
HasVarLatency: 1
IsPipeline: 0
IsRtlPipelined: 0
IsInstanceOverlapped: 0
IsDontTouch: 0
HasImplIP: 0
IsGatedGlobalClock: 0

+ Individual pipeline summary: 
  * Pipeline-0: initiation interval (II) = 1, depth = 3


============================================================
+ Verbose Summary: Schedule
============================================================
* Number of FSM states : 6
* Pipeline : 1
  Pipeline-0 : II = 1, D = 3, States = { 3 4 5 }
* Dataflow Pipeline: 0

* FSM state transitions: 
1 --> 2 
2 --> 3 
3 --> 6 4 
4 --> 5 
5 --> 3 
6 --> 

* FSM state operations: 

State 1 <SV = 0> <Delay = 1.83>
ST_1 : Operation 7 [1/1] (0.00ns)   --->   "%rem = alloca i32"   --->   Operation 7 'alloca' 'rem' <Predicate = true> <Delay = 0.00>
ST_1 : Operation 8 [1/1] (0.00ns)   --->   "%p_Val2_s = alloca i32"   --->   Operation 8 'alloca' 'p_Val2_s' <Predicate = true> <Delay = 0.00>
ST_1 : Operation 9 [1/1] (1.83ns)   --->   "%rows_2 = read i32 @_ssdm_op_Read.ap_fifo.i32P, i32 %rows" [/tools/Xilinx/Vitis/2020.1/workspace/cvtcolour/libs/xf_opencv/L1/include/common/xf_structs.hpp:1029]   --->   Operation 9 'read' 'rows_2' <Predicate = true> <Delay = 1.83> <CoreInst = "FIFO_SRL">   --->   Core 21 'FIFO_SRL' <Latency = 0> <II = 1> <Delay = 1.83> <Storage> <Opcode : 'read' 'write' 'nbread' 'nbwrite'> <Ports = 0> <Width = 32> <Depth = 4> <FIFO>
ST_1 : Operation 10 [1/1] (1.83ns)   --->   "%cols_bound_per_npc_2 = read i32 @_ssdm_op_Read.ap_fifo.i32P, i32 %cols_bound_per_npc" [/tools/Xilinx/Vitis/2020.1/workspace/cvtcolour/libs/xf_opencv/L1/include/common/xf_structs.hpp:1030]   --->   Operation 10 'read' 'cols_bound_per_npc_2' <Predicate = true> <Delay = 1.83> <CoreInst = "FIFO_SRL">   --->   Core 21 'FIFO_SRL' <Latency = 0> <II = 1> <Delay = 1.83> <Storage> <Opcode : 'read' 'write' 'nbread' 'nbwrite'> <Ports = 0> <Width = 32> <Depth = 4> <FIFO>
ST_1 : Operation 11 [1/1] (1.83ns)   --->   "%last_blk_width_1 = read i4 @_ssdm_op_Read.ap_fifo.i4P, i4 %last_blk_width" [/tools/Xilinx/Vitis/2020.1/workspace/cvtcolour/libs/xf_opencv/L1/include/common/xf_structs.hpp:1031]   --->   Operation 11 'read' 'last_blk_width_1' <Predicate = true> <Delay = 1.83> <CoreInst = "FIFO_SRL">   --->   Core 21 'FIFO_SRL' <Latency = 0> <II = 1> <Delay = 1.83> <Storage> <Opcode : 'read' 'write' 'nbread' 'nbwrite'> <Ports = 0> <Width = 4> <Depth = 4> <FIFO>
ST_1 : Operation 12 [1/1] (0.65ns)   --->   "%store_ln1038 = store i512, i512 %p_Val2_s" [/tools/Xilinx/Vitis/2020.1/workspace/cvtcolour/libs/xf_opencv/L1/include/common/xf_structs.hpp:1038->/tools/Xilinx/Vitis/2020.1/workspace/cvtcolour/libs/xf_opencv/L1/include/common/xf_structs.hpp:1115]   --->   Operation 12 'store' 'store_ln1038' <Predicate = true> <Delay = 0.65>
ST_1 : Operation 13 [1/1] (0.67ns)   --->   "%store_ln1038 = store i32, i32 %rem" [/tools/Xilinx/Vitis/2020.1/workspace/cvtcolour/libs/xf_opencv/L1/include/common/xf_structs.hpp:1038->/tools/Xilinx/Vitis/2020.1/workspace/cvtcolour/libs/xf_opencv/L1/include/common/xf_structs.hpp:1115]   --->   Operation 13 'store' 'store_ln1038' <Predicate = true> <Delay = 0.67>

State 2 <SV = 1> <Delay = 3.42>
ST_2 : Operation 14 [1/1] (0.00ns)   --->   "%specinterface_ln0 = specinterface void @_ssdm_op_SpecInterface, i512 %ldata1, void @empty_14, i32, i32, void @empty_10, i32, i32, void @empty_10, void @empty_10, void @empty_10, i32, i32, i32, i32, void @empty_10, void @empty_10"   --->   Operation 14 'specinterface' 'specinterface_ln0' <Predicate = true> <Delay = 0.00>
ST_2 : Operation 15 [1/1] (0.00ns)   --->   "%specinterface_ln0 = specinterface void @_ssdm_op_SpecInterface, i24 %imgInput0_413, void @empty_14, i32, i32, void @empty_10, i32, i32, void @empty_10, void @empty_10, void @empty_10, i32, i32, i32, i32, void @empty_10, void @empty_10"   --->   Operation 15 'specinterface' 'specinterface_ln0' <Predicate = true> <Delay = 0.00>
ST_2 : Operation 16 [1/1] (0.00ns)   --->   "%specinterface_ln0 = specinterface void @_ssdm_op_SpecInterface, i4 %last_blk_width, void @ap_fifo_str, i32, i32, void @p_str, i32, i32, void @p_str, void @p_str, void @p_str, i32, i32, i32, i32, void @p_str, void @ScalarProp_str"   --->   Operation 16 'specinterface' 'specinterface_ln0' <Predicate = true> <Delay = 0.00>
ST_2 : Operation 17 [1/1] (0.00ns)   --->   "%specinterface_ln0 = specinterface void @_ssdm_op_SpecInterface, i32 %cols_bound_per_npc, void @ap_fifo_str, i32, i32, void @p_str, i32, i32, void @p_str, void @p_str, void @p_str, i32, i32, i32, i32, void @p_str, void @ScalarProp_str"   --->   Operation 17 'specinterface' 'specinterface_ln0' <Predicate = true> <Delay = 0.00>
ST_2 : Operation 18 [1/1] (0.00ns)   --->   "%specinterface_ln0 = specinterface void @_ssdm_op_SpecInterface, i32 %rows, void @ap_fifo_str, i32, i32, void @p_str, i32, i32, void @p_str, void @p_str, void @p_str, i32, i32, i32, i32, void @p_str, void @ScalarProp_str"   --->   Operation 18 'specinterface' 'specinterface_ln0' <Predicate = true> <Delay = 0.00>
ST_2 : Operation 19 [1/1] (0.00ns)   --->   "%last_blk_width_cast1_cast_i_cast_cast_cast = sext i4 %last_blk_width_1" [/tools/Xilinx/Vitis/2020.1/workspace/cvtcolour/libs/xf_opencv/L1/include/common/xf_structs.hpp:1031]   --->   Operation 19 'sext' 'last_blk_width_cast1_cast_i_cast_cast_cast' <Predicate = true> <Delay = 0.00>
ST_2 : Operation 20 [1/1] (0.00ns)   --->   "%last_blk_width_cast1_cast_i_cast_cast_cast_cast = zext i5 %last_blk_width_cast1_cast_i_cast_cast_cast" [/tools/Xilinx/Vitis/2020.1/workspace/cvtcolour/libs/xf_opencv/L1/include/common/xf_structs.hpp:1031]   --->   Operation 20 'zext' 'last_blk_width_cast1_cast_i_cast_cast_cast_cast' <Predicate = true> <Delay = 0.00>
ST_2 : Operation 21 [1/1] (0.00ns)   --->   "%specinterface_ln0 = specinterface void @_ssdm_op_SpecInterface, i512 %ldata1, void @empty_14, i32, i32, void @empty_10, i32, i32, void @empty_10, void @empty_10, void @empty_10, i32, i32, i32, i32, void @empty_10, void @empty_10"   --->   Operation 21 'specinterface' 'specinterface_ln0' <Predicate = true> <Delay = 0.00>
ST_2 : Operation 22 [1/1] (0.00ns)   --->   "%specinterface_ln0 = specinterface void @_ssdm_op_SpecInterface, i24 %imgInput0_413, void @empty_14, i32, i32, void @empty_10, i32, i32, void @empty_10, void @empty_10, void @empty_10, i32, i32, i32, i32, void @empty_10, void @empty_10"   --->   Operation 22 'specinterface' 'specinterface_ln0' <Predicate = true> <Delay = 0.00>
ST_2 : Operation 23 [1/1] (3.42ns)   --->   "%bound = mul i32 %cols_bound_per_npc_2, i32 %rows_2" [/tools/Xilinx/Vitis/2020.1/workspace/cvtcolour/libs/xf_opencv/L1/include/common/xf_structs.hpp:1036->/tools/Xilinx/Vitis/2020.1/workspace/cvtcolour/libs/xf_opencv/L1/include/common/xf_structs.hpp:1115]   --->   Operation 23 'mul' 'bound' <Predicate = true> <Delay = 3.42> <CoreInst = "Multiplier">   --->   Core 4 'Multiplier' <Latency = 0> <II = 1> <Delay = 3.42> <FuncUnit> <Opcode : 'mul'> <InPorts = 2> <OutPorts = 1>
ST_2 : Operation 24 [1/1] (1.01ns)   --->   "%sub_i = add i32 %cols_bound_per_npc_2, i32" [/tools/Xilinx/Vitis/2020.1/workspace/cvtcolour/libs/xf_opencv/L1/include/common/xf_structs.hpp:1030]   --->   Operation 24 'add' 'sub_i' <Predicate = true> <Delay = 1.01> <CoreInst = "Adder">   --->   Core 1 'Adder' <Latency = 0> <II = 1> <Delay = 0.78> <FuncUnit> <Opcode : 'add' 'sub'> <InPorts = 2> <OutPorts = 1>
ST_2 : Operation 25 [1/1] (0.78ns)   --->   "%sub2_i = sub i10, i10 %last_blk_width_cast1_cast_i_cast_cast_cast_cast" [/tools/Xilinx/Vitis/2020.1/workspace/cvtcolour/libs/xf_opencv/L1/include/common/xf_structs.hpp:1031]   --->   Operation 25 'sub' 'sub2_i' <Predicate = true> <Delay = 0.78> <CoreInst = "Adder">   --->   Core 1 'Adder' <Latency = 0> <II = 1> <Delay = 0.78> <FuncUnit> <Opcode : 'add' 'sub'> <InPorts = 2> <OutPorts = 1>
ST_2 : Operation 26 [1/1] (0.78ns)   --->   "%add_ln1057 = add i10 %last_blk_width_cast1_cast_i_cast_cast_cast_cast, i10" [/tools/Xilinx/Vitis/2020.1/workspace/cvtcolour/libs/xf_opencv/L1/include/common/xf_structs.hpp:1057->/tools/Xilinx/Vitis/2020.1/workspace/cvtcolour/libs/xf_opencv/L1/include/common/xf_structs.hpp:1115]   --->   Operation 26 'add' 'add_ln1057' <Predicate = true> <Delay = 0.78> <CoreInst = "Adder">   --->   Core 1 'Adder' <Latency = 0> <II = 1> <Delay = 0.78> <FuncUnit> <Opcode : 'add' 'sub'> <InPorts = 2> <OutPorts = 1>
ST_2 : Operation 27 [1/1] (0.65ns)   --->   "%br_ln1038 = br void" [/tools/Xilinx/Vitis/2020.1/workspace/cvtcolour/libs/xf_opencv/L1/include/common/xf_structs.hpp:1038->/tools/Xilinx/Vitis/2020.1/workspace/cvtcolour/libs/xf_opencv/L1/include/common/xf_structs.hpp:1115]   --->   Operation 27 'br' 'br_ln1038' <Predicate = true> <Delay = 0.65>

State 3 <SV = 2> <Delay = 5.09>
ST_3 : Operation 28 [1/1] (0.00ns)   --->   "%j = phi i32, void %entry, i32 %j_2, void"   --->   Operation 28 'phi' 'j' <Predicate = true> <Delay = 0.00>
ST_3 : Operation 29 [1/1] (0.00ns)   --->   "%i = phi i31, void %entry, i31 %add_ln1038, void" [/tools/Xilinx/Vitis/2020.1/workspace/cvtcolour/libs/xf_opencv/L1/include/common/xf_structs.hpp:1038->/tools/Xilinx/Vitis/2020.1/workspace/cvtcolour/libs/xf_opencv/L1/include/common/xf_structs.hpp:1115]   --->   Operation 29 'phi' 'i' <Predicate = true> <Delay = 0.00>
ST_3 : Operation 30 [1/1] (0.00ns)   --->   "%zext_ln1027 = zext i31 %i" [/tools/Xilinx/Vitis/2020.1/workspace/cvtcolour/libs/xf_opencv/L1/include/common/xf_structs.hpp:1027->/tools/Xilinx/Vitis/2020.1/workspace/cvtcolour/libs/xf_opencv/L1/include/common/xf_structs.hpp:1115]   --->   Operation 30 'zext' 'zext_ln1027' <Predicate = true> <Delay = 0.00>
ST_3 : Operation 31 [1/1] (0.99ns)   --->   "%icmp_ln1038 = icmp_slt  i32 %zext_ln1027, i32 %bound" [/tools/Xilinx/Vitis/2020.1/workspace/cvtcolour/libs/xf_opencv/L1/include/common/xf_structs.hpp:1038->/tools/Xilinx/Vitis/2020.1/workspace/cvtcolour/libs/xf_opencv/L1/include/common/xf_structs.hpp:1115]   --->   Operation 31 'icmp' 'icmp_ln1038' <Predicate = true> <Delay = 0.99> <CoreInst = "Cmp">   --->   Core 10 'Cmp' <Latency = 0> <II = 1> <Delay = 0.99> <FuncUnit> <Opcode : 'icmp'> <InPorts = 2> <OutPorts = 1>
ST_3 : Operation 32 [1/1] (1.00ns)   --->   "%add_ln1038 = add i31 %i, i31" [/tools/Xilinx/Vitis/2020.1/workspace/cvtcolour/libs/xf_opencv/L1/include/common/xf_structs.hpp:1038->/tools/Xilinx/Vitis/2020.1/workspace/cvtcolour/libs/xf_opencv/L1/include/common/xf_structs.hpp:1115]   --->   Operation 32 'add' 'add_ln1038' <Predicate = true> <Delay = 1.00> <CoreInst = "Adder">   --->   Core 1 'Adder' <Latency = 0> <II = 1> <Delay = 0.78> <FuncUnit> <Opcode : 'add' 'sub'> <InPorts = 2> <OutPorts = 1>
ST_3 : Operation 33 [1/1] (0.00ns)   --->   "%br_ln1038 = br i1 %icmp_ln1038, void %.exit, void %.split.i" [/tools/Xilinx/Vitis/2020.1/workspace/cvtcolour/libs/xf_opencv/L1/include/common/xf_structs.hpp:1038->/tools/Xilinx/Vitis/2020.1/workspace/cvtcolour/libs/xf_opencv/L1/include/common/xf_structs.hpp:1115]   --->   Operation 33 'br' 'br_ln1038' <Predicate = true> <Delay = 0.00>
ST_3 : Operation 34 [1/1] (0.00ns)   --->   "%rem_load = load i32 %rem, void %store_ln1038" [/tools/Xilinx/Vitis/2020.1/workspace/cvtcolour/libs/xf_opencv/L1/include/common/xf_structs.hpp:1049->/tools/Xilinx/Vitis/2020.1/workspace/cvtcolour/libs/xf_opencv/L1/include/common/xf_structs.hpp:1115]   --->   Operation 34 'load' 'rem_load' <Predicate = (icmp_ln1038)> <Delay = 0.00>
ST_3 : Operation 35 [1/1] (0.99ns)   --->   "%bLast = icmp_eq  i32 %j, i32 %sub_i" [/tools/Xilinx/Vitis/2020.1/workspace/cvtcolour/libs/xf_opencv/L1/include/common/xf_structs.hpp:1043->/tools/Xilinx/Vitis/2020.1/workspace/cvtcolour/libs/xf_opencv/L1/include/common/xf_structs.hpp:1115]   --->   Operation 35 'icmp' 'bLast' <Predicate = (icmp_ln1038)> <Delay = 0.99> <CoreInst = "Cmp">   --->   Core 10 'Cmp' <Latency = 0> <II = 1> <Delay = 0.99> <FuncUnit> <Opcode : 'icmp'> <InPorts = 2> <OutPorts = 1>
ST_3 : Operation 36 [1/1] (0.39ns)   --->   "%xf_bits_per_clock = select i1 %bLast, i4 %last_blk_width_1, i4" [/tools/Xilinx/Vitis/2020.1/workspace/cvtcolour/libs/xf_opencv/L1/include/common/xf_structs.hpp:1044->/tools/Xilinx/Vitis/2020.1/workspace/cvtcolour/libs/xf_opencv/L1/include/common/xf_structs.hpp:1115]   --->   Operation 36 'select' 'xf_bits_per_clock' <Predicate = (icmp_ln1038)> <Delay = 0.39> <CoreInst = "Sel">   --->   Core 11 'Sel' <Latency = 0> <II = 1> <Delay = 0.44> <FuncUnit> <Opcode : 'select'> <InPorts = 3> <OutPorts = 1>
ST_3 : Operation 37 [1/1] (0.00ns)   --->   "%sext_ln1044 = sext i4 %xf_bits_per_clock" [/tools/Xilinx/Vitis/2020.1/workspace/cvtcolour/libs/xf_opencv/L1/include/common/xf_structs.hpp:1044->/tools/Xilinx/Vitis/2020.1/workspace/cvtcolour/libs/xf_opencv/L1/include/common/xf_structs.hpp:1115]   --->   Operation 37 'sext' 'sext_ln1044' <Predicate = (icmp_ln1038)> <Delay = 0.00>
ST_3 : Operation 38 [1/1] (0.00ns)   --->   "%zext_ln1044 = zext i5 %sext_ln1044" [/tools/Xilinx/Vitis/2020.1/workspace/cvtcolour/libs/xf_opencv/L1/include/common/xf_structs.hpp:1044->/tools/Xilinx/Vitis/2020.1/workspace/cvtcolour/libs/xf_opencv/L1/include/common/xf_structs.hpp:1115]   --->   Operation 38 'zext' 'zext_ln1044' <Predicate = (icmp_ln1038)> <Delay = 0.00>
ST_3 : Operation 39 [1/1] (0.40ns)   --->   "%ptr_width_minus = select i1 %bLast, i10 %sub2_i, i10" [/tools/Xilinx/Vitis/2020.1/workspace/cvtcolour/libs/xf_opencv/L1/include/common/xf_structs.hpp:1045->/tools/Xilinx/Vitis/2020.1/workspace/cvtcolour/libs/xf_opencv/L1/include/common/xf_structs.hpp:1115]   --->   Operation 39 'select' 'ptr_width_minus' <Predicate = (icmp_ln1038)> <Delay = 0.40> <CoreInst = "Sel">   --->   Core 11 'Sel' <Latency = 0> <II = 1> <Delay = 0.44> <FuncUnit> <Opcode : 'select'> <InPorts = 3> <OutPorts = 1>
ST_3 : Operation 40 [1/1] (0.00ns)   --->   "%zext_ln1045 = zext i10 %ptr_width_minus" [/tools/Xilinx/Vitis/2020.1/workspace/cvtcolour/libs/xf_opencv/L1/include/common/xf_structs.hpp:1045->/tools/Xilinx/Vitis/2020.1/workspace/cvtcolour/libs/xf_opencv/L1/include/common/xf_structs.hpp:1115]   --->   Operation 40 'zext' 'zext_ln1045' <Predicate = (icmp_ln1038)> <Delay = 0.00>
ST_3 : Operation 41 [1/1] (0.99ns)   --->   "%icmp_ln1049 = icmp_slt  i32 %rem_load, i32 %zext_ln1044" [/tools/Xilinx/Vitis/2020.1/workspace/cvtcolour/libs/xf_opencv/L1/include/common/xf_structs.hpp:1049->/tools/Xilinx/Vitis/2020.1/workspace/cvtcolour/libs/xf_opencv/L1/include/common/xf_structs.hpp:1115]   --->   Operation 41 'icmp' 'icmp_ln1049' <Predicate = (icmp_ln1038)> <Delay = 0.99> <CoreInst = "Cmp">   --->   Core 10 'Cmp' <Latency = 0> <II = 1> <Delay = 0.99> <FuncUnit> <Opcode : 'icmp'> <InPorts = 2> <OutPorts = 1>
ST_3 : Operation 42 [1/1] (0.00ns)   --->   "%br_ln1049 = br i1 %icmp_ln1049, void, void %_ifconv" [/tools/Xilinx/Vitis/2020.1/workspace/cvtcolour/libs/xf_opencv/L1/include/common/xf_structs.hpp:1049->/tools/Xilinx/Vitis/2020.1/workspace/cvtcolour/libs/xf_opencv/L1/include/common/xf_structs.hpp:1115]   --->   Operation 42 'br' 'br_ln1049' <Predicate = (icmp_ln1038)> <Delay = 0.00>
ST_3 : Operation 43 [1/1] (1.01ns)   --->   "%rem_2 = sub i32 %rem_load, i32 %zext_ln1044" [/tools/Xilinx/Vitis/2020.1/workspace/cvtcolour/libs/xf_opencv/L1/include/common/xf_structs.hpp:1058->/tools/Xilinx/Vitis/2020.1/workspace/cvtcolour/libs/xf_opencv/L1/include/common/xf_structs.hpp:1115]   --->   Operation 43 'sub' 'rem_2' <Predicate = (icmp_ln1038 & !icmp_ln1049)> <Delay = 1.01> <CoreInst = "Adder">   --->   Core 1 'Adder' <Latency = 0> <II = 1> <Delay = 0.78> <FuncUnit> <Opcode : 'add' 'sub'> <InPorts = 2> <OutPorts = 1>
ST_3 : Operation 44 [1/1] (0.67ns)   --->   "%store_ln1058 = store i32 %rem_2, i32 %rem, void %store_ln1038, i32 %rem_load" [/tools/Xilinx/Vitis/2020.1/workspace/cvtcolour/libs/xf_opencv/L1/include/common/xf_structs.hpp:1058->/tools/Xilinx/Vitis/2020.1/workspace/cvtcolour/libs/xf_opencv/L1/include/common/xf_structs.hpp:1115]   --->   Operation 44 'store' 'store_ln1058' <Predicate = (icmp_ln1038 & !icmp_ln1049)> <Delay = 0.67>
ST_3 : Operation 45 [1/1] (1.01ns)   --->   "%rem_1 = add i32 %rem_load, i32 %zext_ln1045" [/tools/Xilinx/Vitis/2020.1/workspace/cvtcolour/libs/xf_opencv/L1/include/common/xf_structs.hpp:1055->/tools/Xilinx/Vitis/2020.1/workspace/cvtcolour/libs/xf_opencv/L1/include/common/xf_structs.hpp:1115]   --->   Operation 45 'add' 'rem_1' <Predicate = (icmp_ln1038 & icmp_ln1049)> <Delay = 1.01> <CoreInst = "Adder">   --->   Core 1 'Adder' <Latency = 0> <II = 1> <Delay = 0.78> <FuncUnit> <Opcode : 'add' 'sub'> <InPorts = 2> <OutPorts = 1>
ST_3 : Operation 46 [1/1] (0.67ns)   --->   "%store_ln1056 = store i32 %rem_1, i32 %rem, void %store_ln1038, i32 %rem_load" [/tools/Xilinx/Vitis/2020.1/workspace/cvtcolour/libs/xf_opencv/L1/include/common/xf_structs.hpp:1056->/tools/Xilinx/Vitis/2020.1/workspace/cvtcolour/libs/xf_opencv/L1/include/common/xf_structs.hpp:1115]   --->   Operation 46 'store' 'store_ln1056' <Predicate = (icmp_ln1038 & icmp_ln1049)> <Delay = 0.67>
ST_3 : Operation 47 [1/1] (1.01ns)   --->   "%add_ln1061 = add i32 %j, i32" [/tools/Xilinx/Vitis/2020.1/workspace/cvtcolour/libs/xf_opencv/L1/include/common/xf_structs.hpp:1061->/tools/Xilinx/Vitis/2020.1/workspace/cvtcolour/libs/xf_opencv/L1/include/common/xf_structs.hpp:1115]   --->   Operation 47 'add' 'add_ln1061' <Predicate = (icmp_ln1038)> <Delay = 1.01> <CoreInst = "Adder">   --->   Core 1 'Adder' <Latency = 0> <II = 1> <Delay = 0.78> <FuncUnit> <Opcode : 'add' 'sub'> <InPorts = 2> <OutPorts = 1>
ST_3 : Operation 48 [1/1] (0.44ns)   --->   "%j_2 = select i1 %bLast, i32, i32 %add_ln1061" [/tools/Xilinx/Vitis/2020.1/workspace/cvtcolour/libs/xf_opencv/L1/include/common/xf_structs.hpp:1061->/tools/Xilinx/Vitis/2020.1/workspace/cvtcolour/libs/xf_opencv/L1/include/common/xf_structs.hpp:1115]   --->   Operation 48 'select' 'j_2' <Predicate = (icmp_ln1038)> <Delay = 0.44> <CoreInst = "Sel">   --->   Core 11 'Sel' <Latency = 0> <II = 1> <Delay = 0.44> <FuncUnit> <Opcode : 'select'> <InPorts = 3> <OutPorts = 1>

State 4 <SV = 3> <Delay = 3.95>
ST_4 : Operation 49 [1/1] (0.00ns)   --->   "%specpipeline_ln1032 = specpipeline void @_ssdm_op_SpecPipeline, i32, i32, i32, i32, void @empty_10" [/tools/Xilinx/Vitis/2020.1/workspace/cvtcolour/libs/xf_opencv/L1/include/common/xf_structs.hpp:1032->/tools/Xilinx/Vitis/2020.1/workspace/cvtcolour/libs/xf_opencv/L1/include/common/xf_structs.hpp:1115]   --->   Operation 49 'specpipeline' 'specpipeline_ln1032' <Predicate = (icmp_ln1038)> <Delay = 0.00>
ST_4 : Operation 50 [1/1] (0.00ns)   --->   "%speclooptripcount_ln1032 = speclooptripcount void @_ssdm_op_SpecLoopTripCount, i64, i64, i64" [/tools/Xilinx/Vitis/2020.1/workspace/cvtcolour/libs/xf_opencv/L1/include/common/xf_structs.hpp:1032->/tools/Xilinx/Vitis/2020.1/workspace/cvtcolour/libs/xf_opencv/L1/include/common/xf_structs.hpp:1115]   --->   Operation 50 'speclooptripcount' 'speclooptripcount_ln1032' <Predicate = (icmp_ln1038)> <Delay = 0.00>
ST_4 : Operation 51 [1/1] (0.00ns)   --->   "%specloopname_ln1032 = specloopname void @_ssdm_op_SpecLoopName, void @empty_4" [/tools/Xilinx/Vitis/2020.1/workspace/cvtcolour/libs/xf_opencv/L1/include/common/xf_structs.hpp:1032->/tools/Xilinx/Vitis/2020.1/workspace/cvtcolour/libs/xf_opencv/L1/include/common/xf_structs.hpp:1115]   --->   Operation 51 'specloopname' 'specloopname_ln1032' <Predicate = (icmp_ln1038)> <Delay = 0.00>
ST_4 : Operation 52 [1/1] (0.00ns)   --->   "%zext_ln1044_1 = zext i5 %sext_ln1044" [/tools/Xilinx/Vitis/2020.1/workspace/cvtcolour/libs/xf_opencv/L1/include/common/xf_structs.hpp:1044->/tools/Xilinx/Vitis/2020.1/workspace/cvtcolour/libs/xf_opencv/L1/include/common/xf_structs.hpp:1115]   --->   Operation 52 'zext' 'zext_ln1044_1' <Predicate = (icmp_ln1038)> <Delay = 0.00>
ST_4 : Operation 53 [1/1] (0.00ns)   --->   "%p_Val2_load = load i512 %p_Val2_s, void %store_ln1038"   --->   Operation 53 'load' 'p_Val2_load' <Predicate = (icmp_ln1038)> <Delay = 0.00>
ST_4 : Operation 54 [1/1] (0.00ns) (grouped into LUT with out node sub_ln1057)   --->   "%select_ln1057 = select i1 %bLast, i10 %add_ln1057, i10" [/tools/Xilinx/Vitis/2020.1/workspace/cvtcolour/libs/xf_opencv/L1/include/common/xf_structs.hpp:1057->/tools/Xilinx/Vitis/2020.1/workspace/cvtcolour/libs/xf_opencv/L1/include/common/xf_structs.hpp:1115]   --->   Operation 54 'select' 'select_ln1057' <Predicate = (icmp_ln1038 & !icmp_ln1049)> <Delay = 0.00> <CoreInst = "Sel">   --->   Core 11 'Sel' <Latency = 0> <II = 1> <Delay = 0.44> <FuncUnit> <Opcode : 'select'> <InPorts = 3> <OutPorts = 1>
ST_4 : Operation 55 [1/1] (0.00ns) (grouped into LUT with out node sub_ln1057)   --->   "%zext_ln1057 = zext i10 %select_ln1057" [/tools/Xilinx/Vitis/2020.1/workspace/cvtcolour/libs/xf_opencv/L1/include/common/xf_structs.hpp:1057->/tools/Xilinx/Vitis/2020.1/workspace/cvtcolour/libs/xf_opencv/L1/include/common/xf_structs.hpp:1115]   --->   Operation 55 'zext' 'zext_ln1057' <Predicate = (icmp_ln1038 & !icmp_ln1049)> <Delay = 0.00>
ST_4 : Operation 56 [1/1] (1.01ns) (out node of the LUT)   --->   "%sub_ln1057 = sub i32 %zext_ln1057, i32 %rem_load" [/tools/Xilinx/Vitis/2020.1/workspace/cvtcolour/libs/xf_opencv/L1/include/common/xf_structs.hpp:1057->/tools/Xilinx/Vitis/2020.1/workspace/cvtcolour/libs/xf_opencv/L1/include/common/xf_structs.hpp:1115]   --->   Operation 56 'sub' 'sub_ln1057' <Predicate = (icmp_ln1038 & !icmp_ln1049)> <Delay = 1.01> <CoreInst = "Adder">   --->   Core 1 'Adder' <Latency = 0> <II = 1> <Delay = 0.78> <FuncUnit> <Opcode : 'add' 'sub'> <InPorts = 2> <OutPorts = 1>
ST_4 : Operation 57 [1/1] (1.01ns)   --->   "%sub_ln1057_1 = sub i32, i32 %rem_load" [/tools/Xilinx/Vitis/2020.1/workspace/cvtcolour/libs/xf_opencv/L1/include/common/xf_structs.hpp:1057->/tools/Xilinx/Vitis/2020.1/workspace/cvtcolour/libs/xf_opencv/L1/include/common/xf_structs.hpp:1115]   --->   Operation 57 'sub' 'sub_ln1057_1' <Predicate = (icmp_ln1038 & !icmp_ln1049)> <Delay = 1.01> <CoreInst = "Adder">   --->   Core 1 'Adder' <Latency = 0> <II = 1> <Delay = 0.78> <FuncUnit> <Opcode : 'add' 'sub'> <InPorts = 2> <OutPorts = 1>
ST_4 : Operation 58 [1/1] (0.99ns)   --->   "%icmp_ln674_1 = icmp_ugt  i32 %sub_ln1057_1, i32 %sub_ln1057"   --->   Operation 58 'icmp' 'icmp_ln674_1' <Predicate = (icmp_ln1038 & !icmp_ln1049)> <Delay = 0.99> <CoreInst = "Cmp">   --->   Core 10 'Cmp' <Latency = 0> <II = 1> <Delay = 0.99> <FuncUnit> <Opcode : 'icmp'> <InPorts = 2> <OutPorts = 1>
ST_4 : Operation 59 [1/1] (0.00ns)   --->   "%trunc_ln674_1 = trunc i32 %sub_ln1057_1"   --->   Operation 59 'trunc' 'trunc_ln674_1' <Predicate = (icmp_ln1038 & !icmp_ln1049)> <Delay = 0.00>
ST_4 : Operation 60 [1/1] (0.00ns)   --->   "%trunc_ln674_2 = trunc i32 %sub_ln1057"   --->   Operation 60 'trunc' 'trunc_ln674_2' <Predicate = (icmp_ln1038 & !icmp_ln1049)> <Delay = 0.00>
ST_4 : Operation 61 [1/1] (0.00ns) (grouped into LUT with out node lshr_ln674_3)   --->   "%tmp_3 = partselect i512 @llvm.part.select.i512, i512 %p_Val2_load, i32, i32"   --->   Operation 61 'partselect' 'tmp_3' <Predicate = (icmp_ln1038 & !icmp_ln1049)> <Delay = 0.00>
ST_4 : Operation 62 [1/1] (0.78ns)   --->   "%sub_ln674_4 = sub i10 %trunc_ln674_1, i10 %trunc_ln674_2"   --->   Operation 62 'sub' 'sub_ln674_4' <Predicate = (icmp_ln1038 & !icmp_ln1049)> <Delay = 0.78> <CoreInst = "Adder">   --->   Core 1 'Adder' <Latency = 0> <II = 1> <Delay = 0.78> <FuncUnit> <Opcode : 'add' 'sub'> <InPorts = 2> <OutPorts = 1>
ST_4 : Operation 63 [1/1] (0.78ns)   --->   "%sub_ln674_5 = sub i10, i10 %trunc_ln674_1"   --->   Operation 63 'sub' 'sub_ln674_5' <Predicate = (icmp_ln1038 & !icmp_ln1049)> <Delay = 0.78> <CoreInst = "Adder">   --->   Core 1 'Adder' <Latency = 0> <II = 1> <Delay = 0.78> <FuncUnit> <Opcode : 'add' 'sub'> <InPorts = 2> <OutPorts = 1>
ST_4 : Operation 64 [1/1] (0.78ns)   --->   "%sub_ln674_6 = sub i10 %trunc_ln674_2, i10 %trunc_ln674_1"   --->   Operation 64 'sub' 'sub_ln674_6' <Predicate = (icmp_ln1038 & !icmp_ln1049)> <Delay = 0.78> <CoreInst = "Adder">   --->   Core 1 'Adder' <Latency = 0> <II = 1> <Delay = 0.78> <FuncUnit> <Opcode : 'add' 'sub'> <InPorts = 2> <OutPorts = 1>
ST_4 : Operation 65 [1/1] (0.00ns) (grouped into LUT with out node sub_ln674_7)   --->   "%select_ln674_3 = select i1 %icmp_ln674_1, i10 %sub_ln674_4, i10 %sub_ln674_6"   --->   Operation 65 'select' 'select_ln674_3' <Predicate = (icmp_ln1038 & !icmp_ln1049)> <Delay = 0.00> <CoreInst = "Sel">   --->   Core 11 'Sel' <Latency = 0> <II = 1> <Delay = 0.44> <FuncUnit> <Opcode : 'select'> <InPorts = 3> <OutPorts = 1>
ST_4 : Operation 66 [1/1] (0.00ns) (grouped into LUT with out node lshr_ln674_3)   --->   "%select_ln674_4 = select i1 %icmp_ln674_1, i512 %tmp_3, i512 %p_Val2_load"   --->   Operation 66 'select' 'select_ln674_4' <Predicate = (icmp_ln1038 & !icmp_ln1049)> <Delay = 0.00> <CoreInst = "Sel">   --->   Core 11 'Sel' <Latency = 0> <II = 1> <Delay = 0.44> <FuncUnit> <Opcode : 'select'> <InPorts = 3> <OutPorts = 1>
ST_4 : Operation 67 [1/1] (0.00ns) (grouped into LUT with out node lshr_ln674_3)   --->   "%select_ln674_5 = select i1 %icmp_ln674_1, i10 %sub_ln674_5, i10 %trunc_ln674_1"   --->   Operation 67 'select' 'select_ln674_5' <Predicate = (icmp_ln1038 & !icmp_ln1049)> <Delay = 0.00> <CoreInst = "Sel">   --->   Core 11 'Sel' <Latency = 0> <II = 1> <Delay = 0.44> <FuncUnit> <Opcode : 'select'> <InPorts = 3> <OutPorts = 1>
ST_4 : Operation 68 [1/1] (0.78ns) (out node of the LUT)   --->   "%sub_ln674_7 = sub i10, i10 %select_ln674_3"   --->   Operation 68 'sub' 'sub_ln674_7' <Predicate = (icmp_ln1038 & !icmp_ln1049)> <Delay = 0.78> <CoreInst = "Adder">   --->   Core 1 'Adder' <Latency = 0> <II = 1> <Delay = 0.78> <FuncUnit> <Opcode : 'add' 'sub'> <InPorts = 2> <OutPorts = 1>
ST_4 : Operation 69 [1/1] (0.00ns) (grouped into LUT with out node lshr_ln674_3)   --->   "%zext_ln674_3 = zext i10 %select_ln674_5"   --->   Operation 69 'zext' 'zext_ln674_3' <Predicate = (icmp_ln1038 & !icmp_ln1049)> <Delay = 0.00>
ST_4 : Operation 70 [1/1] (1.88ns) (out node of the LUT)   --->   "%lshr_ln674_3 = lshr i512 %select_ln674_4, i512 %zext_ln674_3"   --->   Operation 70 'lshr' 'lshr_ln674_3' <Predicate = (icmp_ln1038 & !icmp_ln1049)> <Delay = 1.88> <CoreInst = "Shift">   --->   Core 13 'Shift' <Latency = 0> <II = 1> <Delay = 0.68> <FuncUnit> <Opcode : 'shl' 'lshr' 'ashr'> <InPorts = 2> <OutPorts = 1>
ST_4 : Operation 71 [1/1] (0.99ns)   --->   "%icmp_ln1050 = icmp_eq  i32 %rem_load, i32" [/tools/Xilinx/Vitis/2020.1/workspace/cvtcolour/libs/xf_opencv/L1/include/common/xf_structs.hpp:1050->/tools/Xilinx/Vitis/2020.1/workspace/cvtcolour/libs/xf_opencv/L1/include/common/xf_structs.hpp:1115]   --->   Operation 71 'icmp' 'icmp_ln1050' <Predicate = (icmp_ln1038 & icmp_ln1049)> <Delay = 0.99> <CoreInst = "Cmp">   --->   Core 10 'Cmp' <Latency = 0> <II = 1> <Delay = 0.99> <FuncUnit> <Opcode : 'icmp'> <InPorts = 2> <OutPorts = 1>
ST_4 : Operation 72 [1/1] (1.01ns)   --->   "%sub_ln1051 = sub i32, i32 %rem_load" [/tools/Xilinx/Vitis/2020.1/workspace/cvtcolour/libs/xf_opencv/L1/include/common/xf_structs.hpp:1051->/tools/Xilinx/Vitis/2020.1/workspace/cvtcolour/libs/xf_opencv/L1/include/common/xf_structs.hpp:1115]   --->   Operation 72 'sub' 'sub_ln1051' <Predicate = (icmp_ln1038 & icmp_ln1049)> <Delay = 1.01> <CoreInst = "Adder">   --->   Core 1 'Adder' <Latency = 0> <II = 1> <Delay = 0.78> <FuncUnit> <Opcode : 'add' 'sub'> <InPorts = 2> <OutPorts = 1>
ST_4 : Operation 73 [1/1] (0.00ns)   --->   "%trunc_ln1051 = trunc i32 %rem_load" [/tools/Xilinx/Vitis/2020.1/workspace/cvtcolour/libs/xf_opencv/L1/include/common/xf_structs.hpp:1051->/tools/Xilinx/Vitis/2020.1/workspace/cvtcolour/libs/xf_opencv/L1/include/common/xf_structs.hpp:1115]   --->   Operation 73 'trunc' 'trunc_ln1051' <Predicate = (icmp_ln1038 & icmp_ln1049)> <Delay = 0.00>
ST_4 : Operation 74 [1/1] (0.00ns)   --->   "%tmp = partselect i23 @_ssdm_op_PartSelect.i23.i32.i32.i32, i32 %sub_ln1051, i32, i32"   --->   Operation 74 'partselect' 'tmp' <Predicate = (icmp_ln1038 & icmp_ln1049)> <Delay = 0.00>
ST_4 : Operation 75 [1/1] (1.05ns)   --->   "%icmp_ln674 = icmp_ne  i23 %tmp, i23"   --->   Operation 75 'icmp' 'icmp_ln674' <Predicate = (icmp_ln1038 & icmp_ln1049)> <Delay = 1.05> <CoreInst = "Cmp">   --->   Core 10 'Cmp' <Latency = 0> <II = 1> <Delay = 0.99> <FuncUnit> <Opcode : 'icmp'> <InPorts = 2> <OutPorts = 1>
ST_4 : Operation 76 [1/1] (0.00ns)   --->   "%trunc_ln674 = trunc i32 %sub_ln1051"   --->   Operation 76 'trunc' 'trunc_ln674' <Predicate = (icmp_ln1038 & icmp_ln1049)> <Delay = 0.00>
ST_4 : Operation 77 [1/1] (0.00ns) (grouped into LUT with out node lshr_ln674)   --->   "%tmp_1 = partselect i512 @llvm.part.select.i512, i512 %p_Val2_load, i32, i32"   --->   Operation 77 'partselect' 'tmp_1' <Predicate = (icmp_ln1038 & icmp_ln1049)> <Delay = 0.00>
ST_4 : Operation 78 [1/1] (0.78ns)   --->   "%add_ln674 = add i10, i10 %trunc_ln674"   --->   Operation 78 'add' 'add_ln674' <Predicate = (icmp_ln1038 & icmp_ln1049)> <Delay = 0.78> <CoreInst = "Adder">   --->   Core 1 'Adder' <Latency = 0> <II = 1> <Delay = 0.78> <FuncUnit> <Opcode : 'add' 'sub'> <InPorts = 2> <OutPorts = 1>
ST_4 : Operation 79 [1/1] (0.78ns)   --->   "%sub_ln674 = sub i10, i10 %trunc_ln674"   --->   Operation 79 'sub' 'sub_ln674' <Predicate = (icmp_ln1038 & icmp_ln1049)> <Delay = 0.78> <CoreInst = "Adder">   --->   Core 1 'Adder' <Latency = 0> <II = 1> <Delay = 0.78> <FuncUnit> <Opcode : 'add' 'sub'> <InPorts = 2> <OutPorts = 1>
ST_4 : Operation 80 [1/1] (0.78ns)   --->   "%sub_ln674_1 = sub i10, i10 %trunc_ln674"   --->   Operation 80 'sub' 'sub_ln674_1' <Predicate = (icmp_ln1038 & icmp_ln1049)> <Delay = 0.78> <CoreInst = "Adder">   --->   Core 1 'Adder' <Latency = 0> <II = 1> <Delay = 0.78> <FuncUnit> <Opcode : 'add' 'sub'> <InPorts = 2> <OutPorts = 1>
ST_4 : Operation 81 [1/1] (0.00ns) (grouped into LUT with out node sub_ln674_2)   --->   "%select_ln674 = select i1 %icmp_ln674, i10 %add_ln674, i10 %sub_ln674_1"   --->   Operation 81 'select' 'select_ln674' <Predicate = (icmp_ln1038 & icmp_ln1049)> <Delay = 0.00> <CoreInst = "Sel">   --->   Core 11 'Sel' <Latency = 0> <II = 1> <Delay = 0.44> <FuncUnit> <Opcode : 'select'> <InPorts = 3> <OutPorts = 1>
ST_4 : Operation 82 [1/1] (0.00ns) (grouped into LUT with out node lshr_ln674)   --->   "%select_ln674_1 = select i1 %icmp_ln674, i512 %tmp_1, i512 %p_Val2_load"   --->   Operation 82 'select' 'select_ln674_1' <Predicate = (icmp_ln1038 & icmp_ln1049)> <Delay = 0.00> <CoreInst = "Sel">   --->   Core 11 'Sel' <Latency = 0> <II = 1> <Delay = 0.44> <FuncUnit> <Opcode : 'select'> <InPorts = 3> <OutPorts = 1>
ST_4 : Operation 83 [1/1] (0.00ns) (grouped into LUT with out node lshr_ln674)   --->   "%select_ln674_2 = select i1 %icmp_ln674, i10 %sub_ln674, i10 %trunc_ln674"   --->   Operation 83 'select' 'select_ln674_2' <Predicate = (icmp_ln1038 & icmp_ln1049)> <Delay = 0.00> <CoreInst = "Sel">   --->   Core 11 'Sel' <Latency = 0> <II = 1> <Delay = 0.44> <FuncUnit> <Opcode : 'select'> <InPorts = 3> <OutPorts = 1>
ST_4 : Operation 84 [1/1] (0.78ns) (out node of the LUT)   --->   "%sub_ln674_2 = sub i10, i10 %select_ln674"   --->   Operation 84 'sub' 'sub_ln674_2' <Predicate = (icmp_ln1038 & icmp_ln1049)> <Delay = 0.78> <CoreInst = "Adder">   --->   Core 1 'Adder' <Latency = 0> <II = 1> <Delay = 0.78> <FuncUnit> <Opcode : 'add' 'sub'> <InPorts = 2> <OutPorts = 1>
ST_4 : Operation 85 [1/1] (0.00ns) (grouped into LUT with out node lshr_ln674)   --->   "%zext_ln674 = zext i10 %select_ln674_2"   --->   Operation 85 'zext' 'zext_ln674' <Predicate = (icmp_ln1038 & icmp_ln1049)> <Delay = 0.00>
ST_4 : Operation 86 [1/1] (1.88ns) (out node of the LUT)   --->   "%lshr_ln674 = lshr i512 %select_ln674_1, i512 %zext_ln674"   --->   Operation 86 'lshr' 'lshr_ln674' <Predicate = (icmp_ln1038 & icmp_ln1049)> <Delay = 1.88> <CoreInst = "Shift">   --->   Core 13 'Shift' <Latency = 0> <II = 1> <Delay = 0.68> <FuncUnit> <Opcode : 'shl' 'lshr' 'ashr'> <InPorts = 2> <OutPorts = 1>
ST_4 : Operation 87 [1/1] (1.83ns)   --->   "%val = read i512 @_ssdm_op_Read.ap_fifo.volatile.i512P, i512 %ldata1" [/tools/Xilinx/Vitis/2020.1/common/technology/autopilot/hls_stream_39.h:145]   --->   Operation 87 'read' 'val' <Predicate = (icmp_ln1038 & icmp_ln1049)> <Delay = 1.83> <CoreInst = "FIFO_SRL">   --->   Core 21 'FIFO_SRL' <Latency = 0> <II = 1> <Delay = 1.83> <Storage> <Opcode : 'read' 'write' 'nbread' 'nbwrite'> <Ports = 0> <Width = 512> <Depth = 2> <FIFO>
ST_4 : Operation 88 [1/1] (0.78ns)   --->   "%add_ln1054 = add i6, i6 %zext_ln1044_1" [/tools/Xilinx/Vitis/2020.1/workspace/cvtcolour/libs/xf_opencv/L1/include/common/xf_structs.hpp:1054->/tools/Xilinx/Vitis/2020.1/workspace/cvtcolour/libs/xf_opencv/L1/include/common/xf_structs.hpp:1115]   --->   Operation 88 'add' 'add_ln1054' <Predicate = (icmp_ln1038 & icmp_ln1049)> <Delay = 0.78> <CoreInst = "Adder">   --->   Core 1 'Adder' <Latency = 0> <II = 1> <Delay = 0.78> <FuncUnit> <Opcode : 'add' 'sub'> <InPorts = 2> <OutPorts = 1>
ST_4 : Operation 89 [1/1] (0.00ns)   --->   "%sext_ln1054 = sext i6 %add_ln1054" [/tools/Xilinx/Vitis/2020.1/workspace/cvtcolour/libs/xf_opencv/L1/include/common/xf_structs.hpp:1054->/tools/Xilinx/Vitis/2020.1/workspace/cvtcolour/libs/xf_opencv/L1/include/common/xf_structs.hpp:1115]   --->   Operation 89 'sext' 'sext_ln1054' <Predicate = (icmp_ln1038 & icmp_ln1049)> <Delay = 0.00>
ST_4 : Operation 90 [1/1] (0.00ns)   --->   "%sext_ln1054_1 = sext i6 %add_ln1054" [/tools/Xilinx/Vitis/2020.1/workspace/cvtcolour/libs/xf_opencv/L1/include/common/xf_structs.hpp:1054->/tools/Xilinx/Vitis/2020.1/workspace/cvtcolour/libs/xf_opencv/L1/include/common/xf_structs.hpp:1115]   --->   Operation 90 'sext' 'sext_ln1054_1' <Predicate = (icmp_ln1038 & icmp_ln1049)> <Delay = 0.00>
ST_4 : Operation 91 [1/1] (0.00ns)   --->   "%trunc_ln1054 = trunc i32 %rem_load" [/tools/Xilinx/Vitis/2020.1/workspace/cvtcolour/libs/xf_opencv/L1/include/common/xf_structs.hpp:1054->/tools/Xilinx/Vitis/2020.1/workspace/cvtcolour/libs/xf_opencv/L1/include/common/xf_structs.hpp:1115]   --->   Operation 91 'trunc' 'trunc_ln1054' <Predicate = (icmp_ln1038 & icmp_ln1049)> <Delay = 0.00>
ST_4 : Operation 92 [1/1] (0.00ns) (grouped into TernaryAdder)   --->   "%sub_ln674_3 = sub i10 %trunc_ln1054, i10 %sext_ln1054_1"   --->   Operation 92 'sub' 'sub_ln674_3' <Predicate = (icmp_ln1038 & icmp_ln1049)> <Delay = 0.00> <CoreInst = "TAddSub">   --->   Core 3 'TAddSub' <Latency = 0> <II = 1> <Delay = 0.48> <IPBlock> <Opcode : 'add' 'sub'> <InPorts = 3> <OutPorts = 1> <Sync>
ST_4 : Operation 93 [1/1] (0.96ns) (root node of TernaryAdder)   --->   "%add_ln674_1 = add i10, i10 %sub_ln674_3"   --->   Operation 93 'add' 'add_ln674_1' <Predicate = (icmp_ln1038 & icmp_ln1049)> <Delay = 0.96> <CoreInst = "TAddSub">   --->   Core 3 'TAddSub' <Latency = 0> <II = 1> <Delay = 0.48> <IPBlock> <Opcode : 'add' 'sub'> <InPorts = 3> <OutPorts = 1> <Sync>
ST_4 : Operation 94 [1/1] (0.00ns) (grouped into LUT with out node shl_ln414)   --->   "%zext_ln674_2 = zext i10 %add_ln674_1"   --->   Operation 94 'zext' 'zext_ln674_2' <Predicate = (icmp_ln1038 & icmp_ln1049)> <Delay = 0.00>
ST_4 : Operation 95 [1/1] (0.00ns) (grouped into LUT with out node shl_ln414)   --->   "%lshr_ln674_2 = lshr i512, i512 %zext_ln674_2"   --->   Operation 95 'lshr' 'lshr_ln674_2' <Predicate = (icmp_ln1038 & icmp_ln1049)> <Delay = 0.00> <CoreInst = "Shift">   --->   Core 13 'Shift' <Latency = 0> <II = 1> <Delay = 0.68> <FuncUnit> <Opcode : 'shl' 'lshr' 'ashr'> <InPorts = 2> <OutPorts = 1>
ST_4 : Operation 96 [1/1] (0.00ns) (grouped into LUT with out node shl_ln414)   --->   "%p_Result_2 = and i512 %val, i512 %lshr_ln674_2"   --->   Operation 96 'and' 'p_Result_2' <Predicate = (icmp_ln1038 & icmp_ln1049)> <Delay = 0.00> <CoreInst = "LogicGate">   --->   Core 12 'LogicGate' <Latency = 0> <II = 1> <Delay = 0.35> <FuncUnit> <Opcode : 'and' 'or' 'xor'> <InPorts = 2> <OutPorts = 1>
ST_4 : Operation 97 [1/1] (0.00ns) (grouped into LUT with out node shl_ln414)   --->   "%p_Repl2_1 = trunc i512 %p_Result_2"   --->   Operation 97 'trunc' 'p_Repl2_1' <Predicate = (icmp_ln1038 & icmp_ln1049)> <Delay = 0.00>
ST_4 : Operation 98 [1/1] (0.99ns)   --->   "%icmp_ln414 = icmp_ugt  i32 %rem_load, i32 %sext_ln1054"   --->   Operation 98 'icmp' 'icmp_ln414' <Predicate = (icmp_ln1038 & icmp_ln1049)> <Delay = 0.99> <CoreInst = "Cmp">   --->   Core 10 'Cmp' <Latency = 0> <II = 1> <Delay = 0.99> <FuncUnit> <Opcode : 'icmp'> <InPorts = 2> <OutPorts = 1>
ST_4 : Operation 99 [1/1] (0.00ns)   --->   "%trunc_ln414 = trunc i32 %rem_load"   --->   Operation 99 'trunc' 'trunc_ln414' <Predicate = (icmp_ln1038 & icmp_ln1049)> <Delay = 0.00>
ST_4 : Operation 100 [1/1] (0.00ns)   --->   "%trunc_ln414_1 = trunc i6 %add_ln1054"   --->   Operation 100 'trunc' 'trunc_ln414_1' <Predicate = (icmp_ln1038 & icmp_ln1049)> <Delay = 0.00>
ST_4 : Operation 101 [1/1] (0.78ns)   --->   "%sub_ln414_1 = sub i5, i5 %trunc_ln414"   --->   Operation 101 'sub' 'sub_ln414_1' <Predicate = (icmp_ln1038 & icmp_ln1049)> <Delay = 0.78> <CoreInst = "Adder">   --->   Core 1 'Adder' <Latency = 0> <II = 1> <Delay = 0.78> <FuncUnit> <Opcode : 'add' 'sub'> <InPorts = 2> <OutPorts = 1>
ST_4 : Operation 102 [1/1] (0.00ns) (grouped into LUT with out node sub_ln414_2)   --->   "%select_ln414 = select i1 %icmp_ln414, i5 %trunc_ln414, i5 %trunc_ln414_1"   --->   Operation 102 'select' 'select_ln414' <Predicate = (icmp_ln1038 & icmp_ln1049)> <Delay = 0.00> <CoreInst = "Sel">   --->   Core 11 'Sel' <Latency = 0> <II = 1> <Delay = 0.44> <FuncUnit> <Opcode : 'select'> <InPorts = 3> <OutPorts = 1>
ST_4 : Operation 103 [1/1] (0.00ns) (grouped into LUT with out node shl_ln414)   --->   "%select_ln414_2 = select i1 %icmp_ln414, i5 %sub_ln414_1, i5 %trunc_ln414"   --->   Operation 103 'select' 'select_ln414_2' <Predicate = (icmp_ln1038 & icmp_ln1049)> <Delay = 0.00> <CoreInst = "Sel">   --->   Core 11 'Sel' <Latency = 0> <II = 1> <Delay = 0.44> <FuncUnit> <Opcode : 'select'> <InPorts = 3> <OutPorts = 1>
ST_4 : Operation 104 [1/1] (0.78ns) (out node of the LUT)   --->   "%sub_ln414_2 = sub i5, i5 %select_ln414"   --->   Operation 104 'sub' 'sub_ln414_2' <Predicate = (icmp_ln1038 & icmp_ln1049)> <Delay = 0.78> <CoreInst = "Adder">   --->   Core 1 'Adder' <Latency = 0> <II = 1> <Delay = 0.78> <FuncUnit> <Opcode : 'add' 'sub'> <InPorts = 2> <OutPorts = 1>
ST_4 : Operation 105 [1/1] (0.00ns) (grouped into LUT with out node shl_ln414)   --->   "%zext_ln414_1 = zext i5 %select_ln414_2"   --->   Operation 105 'zext' 'zext_ln414_1' <Predicate = (icmp_ln1038 & icmp_ln1049)> <Delay = 0.00>
ST_4 : Operation 106 [1/1] (1.15ns) (out node of the LUT)   --->   "%shl_ln414 = shl i24 %p_Repl2_1, i24 %zext_ln414_1"   --->   Operation 106 'shl' 'shl_ln414' <Predicate = (icmp_ln1038 & icmp_ln1049)> <Delay = 1.15> <CoreInst = "Shift">   --->   Core 13 'Shift' <Latency = 0> <II = 1> <Delay = 0.68> <FuncUnit> <Opcode : 'shl' 'lshr' 'ashr'> <InPorts = 2> <OutPorts = 1>
ST_4 : Operation 107 [1/1] (0.65ns)   --->   "%store_ln1056 = store i512 %val, i512 %p_Val2_s, void %store_ln1038, i512 %p_Val2_load" [/tools/Xilinx/Vitis/2020.1/workspace/cvtcolour/libs/xf_opencv/L1/include/common/xf_structs.hpp:1056->/tools/Xilinx/Vitis/2020.1/workspace/cvtcolour/libs/xf_opencv/L1/include/common/xf_structs.hpp:1115]   --->   Operation 107 'store' 'store_ln1056' <Predicate = (icmp_ln1038 & icmp_ln1049)> <Delay = 0.65>

State 5 <SV = 4> <Delay = 4.49>
ST_5 : Operation 108 [1/1] (0.00ns) (grouped into LUT with out node p_Result_4)   --->   "%zext_ln674_4 = zext i10 %sub_ln674_7"   --->   Operation 108 'zext' 'zext_ln674_4' <Predicate = (icmp_ln1038 & !icmp_ln1049)> <Delay = 0.00>
ST_5 : Operation 109 [1/1] (0.00ns) (grouped into LUT with out node p_Result_4)   --->   "%lshr_ln674_4 = lshr i512, i512 %zext_ln674_4"   --->   Operation 109 'lshr' 'lshr_ln674_4' <Predicate = (icmp_ln1038 & !icmp_ln1049)> <Delay = 0.00> <CoreInst = "Shift">   --->   Core 13 'Shift' <Latency = 0> <II = 1> <Delay = 0.68> <FuncUnit> <Opcode : 'shl' 'lshr' 'ashr'> <InPorts = 2> <OutPorts = 1>
ST_5 : Operation 110 [1/1] (0.86ns) (out node of the LUT)   --->   "%p_Result_4 = and i512 %lshr_ln674_3, i512 %lshr_ln674_4"   --->   Operation 110 'and' 'p_Result_4' <Predicate = (icmp_ln1038 & !icmp_ln1049)> <Delay = 0.86> <CoreInst = "LogicGate">   --->   Core 12 'LogicGate' <Latency = 0> <II = 1> <Delay = 0.35> <FuncUnit> <Opcode : 'and' 'or' 'xor'> <InPorts = 2> <OutPorts = 1>
ST_5 : Operation 111 [1/1] (0.00ns)   --->   "%trunc_ln358 = trunc i512 %p_Result_4"   --->   Operation 111 'trunc' 'trunc_ln358' <Predicate = (icmp_ln1038 & !icmp_ln1049)> <Delay = 0.00>
ST_5 : Operation 112 [1/1] (0.65ns)   --->   "%br_ln0 = br void"   --->   Operation 112 'br' 'br_ln0' <Predicate = (icmp_ln1038 & !icmp_ln1049)> <Delay = 0.65>
ST_5 : Operation 113 [1/1] (0.00ns) (grouped into LUT with out node and_ln414_1)   --->   "%zext_ln674_1 = zext i10 %sub_ln674_2"   --->   Operation 113 'zext' 'zext_ln674_1' <Predicate = (icmp_ln1038 & icmp_ln1049 & !icmp_ln1050)> <Delay = 0.00>
ST_5 : Operation 114 [1/1] (0.00ns) (grouped into LUT with out node and_ln414_1)   --->   "%lshr_ln674_1 = lshr i512, i512 %zext_ln674_1"   --->   Operation 114 'lshr' 'lshr_ln674_1' <Predicate = (icmp_ln1038 & icmp_ln1049 & !icmp_ln1050)> <Delay = 0.00> <CoreInst = "Shift">   --->   Core 13 'Shift' <Latency = 0> <II = 1> <Delay = 0.68> <FuncUnit> <Opcode : 'shl' 'lshr' 'ashr'> <InPorts = 2> <OutPorts = 1>
ST_5 : Operation 115 [1/1] (0.00ns) (grouped into LUT with out node and_ln414_1)   --->   "%p_Result_s = and i512 %lshr_ln674, i512 %lshr_ln674_1"   --->   Operation 115 'and' 'p_Result_s' <Predicate = (icmp_ln1038 & icmp_ln1049 & !icmp_ln1050)> <Delay = 0.00> <CoreInst = "LogicGate">   --->   Core 12 'LogicGate' <Latency = 0> <II = 1> <Delay = 0.35> <FuncUnit> <Opcode : 'and' 'or' 'xor'> <InPorts = 2> <OutPorts = 1>
ST_5 : Operation 116 [1/1] (0.00ns) (grouped into LUT with out node and_ln414_1)   --->   "%p_Repl2_s = trunc i512 %p_Result_s"   --->   Operation 116 'trunc' 'p_Repl2_s' <Predicate = (icmp_ln1038 & icmp_ln1049 & !icmp_ln1050)> <Delay = 0.00>
ST_5 : Operation 117 [1/1] (0.78ns)   --->   "%sub_ln414 = sub i5, i5 %trunc_ln1051"   --->   Operation 117 'sub' 'sub_ln414' <Predicate = (icmp_ln1038 & icmp_ln1049 & !icmp_ln1050)> <Delay = 0.78> <CoreInst = "Adder">   --->   Core 1 'Adder' <Latency = 0> <II = 1> <Delay = 0.78> <FuncUnit> <Opcode : 'add' 'sub'> <InPorts = 2> <OutPorts = 1>
ST_5 : Operation 118 [1/1] (0.00ns) (grouped into LUT with out node and_ln414_1)   --->   "%zext_ln414 = zext i5 %sub_ln414"   --->   Operation 118 'zext' 'zext_ln414' <Predicate = (icmp_ln1038 & icmp_ln1049 & !icmp_ln1050)> <Delay = 0.00>
ST_5 : Operation 119 [1/1] (0.00ns) (grouped into LUT with out node and_ln414_1)   --->   "%lshr_ln414 = lshr i24, i24 %zext_ln414"   --->   Operation 119 'lshr' 'lshr_ln414' <Predicate = (icmp_ln1038 & icmp_ln1049 & !icmp_ln1050)> <Delay = 0.00> <CoreInst = "Shift">   --->   Core 13 'Shift' <Latency = 0> <II = 1> <Delay = 0.68> <FuncUnit> <Opcode : 'shl' 'lshr' 'ashr'> <InPorts = 2> <OutPorts = 1>
ST_5 : Operation 120 [1/1] (0.00ns) (grouped into LUT with out node and_ln414_1)   --->   "%p_Result_1 = and i24 %p_Repl2_s, i24 %lshr_ln414"   --->   Operation 120 'and' 'p_Result_1' <Predicate = (icmp_ln1038 & icmp_ln1049 & !icmp_ln1050)> <Delay = 0.00> <CoreInst = "LogicGate">   --->   Core 12 'LogicGate' <Latency = 0> <II = 1> <Delay = 0.35> <FuncUnit> <Opcode : 'and' 'or' 'xor'> <InPorts = 2> <OutPorts = 1>
ST_5 : Operation 121 [1/1] (0.00ns) (grouped into LUT with out node and_ln414_1)   --->   "%p_Val2_2 = select i1 %icmp_ln1050, i24, i24 %p_Result_1" [/tools/Xilinx/Vitis/2020.1/workspace/cvtcolour/libs/xf_opencv/L1/include/common/xf_structs.hpp:1050->/tools/Xilinx/Vitis/2020.1/workspace/cvtcolour/libs/xf_opencv/L1/include/common/xf_structs.hpp:1115]   --->   Operation 121 'select' 'p_Val2_2' <Predicate = (icmp_ln1038 & icmp_ln1049)> <Delay = 0.00> <CoreInst = "Sel">   --->   Core 11 'Sel' <Latency = 0> <II = 1> <Delay = 0.44> <FuncUnit> <Opcode : 'select'> <InPorts = 3> <OutPorts = 1>
ST_5 : Operation 122 [1/1] (0.00ns) (grouped into LUT with out node and_ln414)   --->   "%select_ln414_1 = select i1 %icmp_ln414, i5 %trunc_ln414_1, i5 %trunc_ln414"   --->   Operation 122 'select' 'select_ln414_1' <Predicate = (icmp_ln1038 & icmp_ln1049)> <Delay = 0.00> <CoreInst = "Sel">   --->   Core 11 'Sel' <Latency = 0> <II = 1> <Delay = 0.44> <FuncUnit> <Opcode : 'select'> <InPorts = 3> <OutPorts = 1>
ST_5 : Operation 123 [1/1] (0.00ns) (grouped into LUT with out node and_ln414)   --->   "%zext_ln414_2 = zext i5 %select_ln414_1"   --->   Operation 123 'zext' 'zext_ln414_2' <Predicate = (icmp_ln1038 & icmp_ln1049)> <Delay = 0.00>
ST_5 : Operation 124 [1/1] (0.00ns) (grouped into LUT with out node and_ln414)   --->   "%zext_ln414_3 = zext i5 %sub_ln414_2"   --->   Operation 124 'zext' 'zext_ln414_3' <Predicate = (icmp_ln1038 & icmp_ln1049)> <Delay = 0.00>
ST_5 : Operation 125 [1/1] (0.00ns) (grouped into LUT with out node p_Result_3)   --->   "%tmp_2 = partselect i24 @llvm.part.select.i24, i24 %shl_ln414, i32, i32"   --->   Operation 125 'partselect' 'tmp_2' <Predicate = (icmp_ln1038 & icmp_ln1049 & icmp_ln414)> <Delay = 0.00>
ST_5 : Operation 126 [1/1] (0.00ns) (grouped into LUT with out node p_Result_3)   --->   "%select_ln414_3 = select i1 %icmp_ln414, i24 %tmp_2, i24 %shl_ln414"   --->   Operation 126 'select' 'select_ln414_3' <Predicate = (icmp_ln1038 & icmp_ln1049)> <Delay = 0.00> <CoreInst = "Sel">   --->   Core 11 'Sel' <Latency = 0> <II = 1> <Delay = 0.44> <FuncUnit> <Opcode : 'select'> <InPorts = 3> <OutPorts = 1>
ST_5 : Operation 127 [1/1] (0.00ns) (grouped into LUT with out node and_ln414)   --->   "%shl_ln414_1 = shl i24, i24 %zext_ln414_2"   --->   Operation 127 'shl' 'shl_ln414_1' <Predicate = (icmp_ln1038 & icmp_ln1049)> <Delay = 0.00> <CoreInst = "Shift">   --->   Core 13 'Shift' <Latency = 0> <II = 1> <Delay = 0.68> <FuncUnit> <Opcode : 'shl' 'lshr' 'ashr'> <InPorts = 2> <OutPorts = 1>
ST_5 : Operation 128 [1/1] (0.00ns) (grouped into LUT with out node and_ln414)   --->   "%lshr_ln414_1 = lshr i24, i24 %zext_ln414_3"   --->   Operation 128 'lshr' 'lshr_ln414_1' <Predicate = (icmp_ln1038 & icmp_ln1049)> <Delay = 0.00> <CoreInst = "Shift">   --->   Core 13 'Shift' <Latency = 0> <II = 1> <Delay = 0.68> <FuncUnit> <Opcode : 'shl' 'lshr' 'ashr'> <InPorts = 2> <OutPorts = 1>
ST_5 : Operation 129 [1/1] (0.68ns) (out node of the LUT)   --->   "%and_ln414 = and i24 %shl_ln414_1, i24 %lshr_ln414_1"   --->   Operation 129 'and' 'and_ln414' <Predicate = (icmp_ln1038 & icmp_ln1049)> <Delay = 0.68> <CoreInst = "LogicGate">   --->   Core 12 'LogicGate' <Latency = 0> <II = 1> <Delay = 0.35> <FuncUnit> <Opcode : 'and' 'or' 'xor'> <InPorts = 2> <OutPorts = 1>
ST_5 : Operation 130 [1/1] (0.00ns) (grouped into LUT with out node and_ln414_1)   --->   "%xor_ln414 = xor i24 %and_ln414, i24"   --->   Operation 130 'xor' 'xor_ln414' <Predicate = (icmp_ln1038 & icmp_ln1049)> <Delay = 0.00> <CoreInst = "LogicGate">   --->   Core 12 'LogicGate' <Latency = 0> <II = 1> <Delay = 0.35> <FuncUnit> <Opcode : 'and' 'or' 'xor'> <InPorts = 2> <OutPorts = 1>
ST_5 : Operation 131 [1/1] (0.86ns) (out node of the LUT)   --->   "%and_ln414_1 = and i24 %p_Val2_2, i24 %xor_ln414"   --->   Operation 131 'and' 'and_ln414_1' <Predicate = (icmp_ln1038 & icmp_ln1049)> <Delay = 0.86> <CoreInst = "LogicGate">   --->   Core 12 'LogicGate' <Latency = 0> <II = 1> <Delay = 0.35> <FuncUnit> <Opcode : 'and' 'or' 'xor'> <InPorts = 2> <OutPorts = 1>
ST_5 : Operation 132 [1/1] (0.00ns) (grouped into LUT with out node p_Result_3)   --->   "%and_ln414_2 = and i24 %select_ln414_3, i24 %and_ln414"   --->   Operation 132 'and' 'and_ln414_2' <Predicate = (icmp_ln1038 & icmp_ln1049)> <Delay = 0.00> <CoreInst = "LogicGate">   --->   Core 12 'LogicGate' <Latency = 0> <II = 1> <Delay = 0.35> <FuncUnit> <Opcode : 'and' 'or' 'xor'> <InPorts = 2> <OutPorts = 1>
ST_5 : Operation 133 [1/1] (0.35ns) (out node of the LUT)   --->   "%p_Result_3 = or i24 %and_ln414_1, i24 %and_ln414_2"   --->   Operation 133 'or' 'p_Result_3' <Predicate = (icmp_ln1038 & icmp_ln1049)> <Delay = 0.35> <CoreInst = "LogicGate">   --->   Core 12 'LogicGate' <Latency = 0> <II = 1> <Delay = 0.35> <FuncUnit> <Opcode : 'and' 'or' 'xor'> <InPorts = 2> <OutPorts = 1>
ST_5 : Operation 134 [1/1] (0.65ns)   --->   "%br_ln1056 = br void" [/tools/Xilinx/Vitis/2020.1/workspace/cvtcolour/libs/xf_opencv/L1/include/common/xf_structs.hpp:1056->/tools/Xilinx/Vitis/2020.1/workspace/cvtcolour/libs/xf_opencv/L1/include/common/xf_structs.hpp:1115]   --->   Operation 134 'br' 'br_ln1056' <Predicate = (icmp_ln1038 & icmp_ln1049)> <Delay = 0.65>
ST_5 : Operation 135 [1/1] (0.00ns)   --->   "%empty = phi i24 %p_Result_3, void %_ifconv, i24 %trunc_ln358, void"   --->   Operation 135 'phi' 'empty' <Predicate = (icmp_ln1038)> <Delay = 0.00>
ST_5 : Operation 136 [1/1] (1.83ns)   --->   "%write_ln167 = write void @_ssdm_op_Write.ap_fifo.volatile.i24P, i24 %imgInput0_413, i24 %empty" [/tools/Xilinx/Vitis/2020.1/common/technology/autopilot/hls_stream_39.h:167]   --->   Operation 136 'write' 'write_ln167' <Predicate = (icmp_ln1038)> <Delay = 1.83> <CoreInst = "FIFO_SRL">   --->   Core 21 'FIFO_SRL' <Latency = 0> <II = 1> <Delay = 1.83> <Storage> <Opcode : 'read' 'write' 'nbread' 'nbwrite'> <Ports = 0> <Width = 24> <Depth = 2> <FIFO>
ST_5 : Operation 137 [1/1] (0.00ns)   --->   "%br_ln0 = br void"   --->   Operation 137 'br' 'br_ln0' <Predicate = (icmp_ln1038)> <Delay = 0.00>

State 6 <SV = 3> <Delay = 0.00>
ST_6 : Operation 138 [1/1] (0.00ns)   --->   "%ret_ln1115 = ret" [/tools/Xilinx/Vitis/2020.1/workspace/cvtcolour/libs/xf_opencv/L1/include/common/xf_structs.hpp:1115]   --->   Operation 138 'ret' 'ret_ln1115' <Predicate = true> <Delay = 0.00>


============================================================
+ Verbose Summary: Timing violations
============================================================
Target clock period: 6.67ns, clock uncertainty: 1.8ns.

 <State 1>: 1.84ns
The critical path consists of the following:
	fifo read on port 'rows' (/tools/Xilinx/Vitis/2020.1/workspace/cvtcolour/libs/xf_opencv/L1/include/common/xf_structs.hpp:1029) [13]  (1.84 ns)

 <State 2>: 3.42ns
The critical path consists of the following:
	'mul' operation ('bound', /tools/Xilinx/Vitis/2020.1/workspace/cvtcolour/libs/xf_opencv/L1/include/common/xf_structs.hpp:1036->/tools/Xilinx/Vitis/2020.1/workspace/cvtcolour/libs/xf_opencv/L1/include/common/xf_structs.hpp:1115) [20]  (3.42 ns)

 <State 3>: 5.09ns
The critical path consists of the following:
	'phi' operation ('j') with incoming values : ('j', /tools/Xilinx/Vitis/2020.1/workspace/cvtcolour/libs/xf_opencv/L1/include/common/xf_structs.hpp:1061->/tools/Xilinx/Vitis/2020.1/workspace/cvtcolour/libs/xf_opencv/L1/include/common/xf_structs.hpp:1115) [28]  (0 ns)
	'icmp' operation ('bLast', /tools/Xilinx/Vitis/2020.1/workspace/cvtcolour/libs/xf_opencv/L1/include/common/xf_structs.hpp:1043->/tools/Xilinx/Vitis/2020.1/workspace/cvtcolour/libs/xf_opencv/L1/include/common/xf_structs.hpp:1115) [39]  (0.991 ns)
	'select' operation ('ptr_width_minus', /tools/Xilinx/Vitis/2020.1/workspace/cvtcolour/libs/xf_opencv/L1/include/common/xf_structs.hpp:1045->/tools/Xilinx/Vitis/2020.1/workspace/cvtcolour/libs/xf_opencv/L1/include/common/xf_structs.hpp:1115) [44]  (0.403 ns)
	'add' operation ('rem', /tools/Xilinx/Vitis/2020.1/workspace/cvtcolour/libs/xf_opencv/L1/include/common/xf_structs.hpp:1055->/tools/Xilinx/Vitis/2020.1/workspace/cvtcolour/libs/xf_opencv/L1/include/common/xf_structs.hpp:1115) [132]  (1.02 ns)
	'store' operation ('store_ln1056', /tools/Xilinx/Vitis/2020.1/workspace/cvtcolour/libs/xf_opencv/L1/include/common/xf_structs.hpp:1056->/tools/Xilinx/Vitis/2020.1/workspace/cvtcolour/libs/xf_opencv/L1/include/common/xf_structs.hpp:1115) of variable 'rem', /tools/Xilinx/Vitis/2020.1/workspace/cvtcolour/libs/xf_opencv/L1/include/common/xf_structs.hpp:1055->/tools/Xilinx/Vitis/2020.1/workspace/cvtcolour/libs/xf_opencv/L1/include/common/xf_structs.hpp:1115 on local variable 'rem' [134]  (0.675 ns)
	blocking operation 2.01 ns on control path)

 <State 4>: 3.96ns
The critical path consists of the following:
	'sub' operation ('sub_ln1051', /tools/Xilinx/Vitis/2020.1/workspace/cvtcolour/libs/xf_opencv/L1/include/common/xf_structs.hpp:1051->/tools/Xilinx/Vitis/2020.1/workspace/cvtcolour/libs/xf_opencv/L1/include/common/xf_structs.hpp:1115) [76]  (1.02 ns)
	'icmp' operation ('icmp_ln674') [79]  (1.05 ns)
	'select' operation ('select_ln674_1') [86]  (0 ns)
	'lshr' operation ('lshr_ln674') [91]  (1.89 ns)

 <State 5>: 4.5ns
The critical path consists of the following:
	'sub' operation ('sub_ln414') [95]  (0.789 ns)
	'lshr' operation ('lshr_ln414') [97]  (0 ns)
	'and' operation ('__Result__') [98]  (0 ns)
	'select' operation ('__Val2__', /tools/Xilinx/Vitis/2020.1/workspace/cvtcolour/libs/xf_opencv/L1/include/common/xf_structs.hpp:1050->/tools/Xilinx/Vitis/2020.1/workspace/cvtcolour/libs/xf_opencv/L1/include/common/xf_structs.hpp:1115) [99]  (0 ns)
	'and' operation ('and_ln414_1') [129]  (0.862 ns)
	'or' operation ('__Result__') [131]  (0.351 ns)
	multiplexor before 'phi' operation ('__Result__') with incoming values : ('trunc_ln358') ('__Result__') [137]  (0.656 ns)
	'phi' operation ('__Result__') with incoming values : ('trunc_ln358') ('__Result__') [137]  (0 ns)
	fifo write on port 'imgInput0_413' (/tools/Xilinx/Vitis/2020.1/common/technology/autopilot/hls_stream_39.h:167) [138]  (1.84 ns)

 <State 6>: 0ns
The critical path consists of the following:


============================================================
+ Verbose Summary: Binding
============================================================
N/A
* FSMD analyzer results:
  - Output states:
 - Input state : 
  - Chain level:
	State 1
	State 2
	State 3
	State 4
	State 5
	State 6


============================================================
+ Verbose Summary: Datapath Resource usage 
============================================================
N/A
