

================================================================
== Vitis HLS Report for 'addrbound4'
================================================================
* Date:           Wed Apr 21 09:51:59 2021

* Version:        2020.1.1 (Build 2960000 on Wed Aug 05 23:18:37 MDT 2020)
* Project:        cvtcolor_bgr2hsv
* Solution:       solution (Vitis Kernel Flow Target)
* Product family: zynquplus
* Target device:  xczu7ev-ffvc1156-2-e


================================================================
== Performance Estimates
================================================================
+ Timing: 
    * Summary: 
    +--------+---------+----------+------------+
    |  Clock |  Target | Estimated| Uncertainty|
    +--------+---------+----------+------------+
    |ap_clk  | 6.67 ns | 4.156 ns |   1.80 ns  |
    +--------+---------+----------+------------+

+ Latency: 
    * Summary: 
    +---------+---------+----------+----------+-----+-----+---------+
    |  Latency (cycles) |  Latency (absolute) |  Interval | Pipeline|
    |   min   |   max   |    min   |    max   | min | max |   Type  |
    +---------+---------+----------+----------+-----+-----+---------+
    |        1|        1| 6.667 ns | 6.667 ns |    1|    1|   none  |
    +---------+---------+----------+----------+-----+-----+---------+

    + Detail: 
        * Instance: 
        N/A

        * Loop: 
        N/A

============================================================
+ Verbose Summary: Synthesis Manager
============================================================
InlineROM: 1
ExposeGlobal: 0
============================================================
+ Verbose Summary: CDFG Model
============================================================
IsTopModel: 0
ResetActiveHigh: 1
IsCombinational: 2
IsDatapathOnly: 0
HasWiredReturn: 1
HasMFsm: 0
HasVarLatency: 1
IsPipeline: 0
IsRtlPipelined: 0
IsInstanceOverlapped: 0
IsDontTouch: 0
HasImplIP: 0
IsGatedGlobalClock: 0


============================================================
+ Verbose Summary: Schedule
============================================================
* Number of FSM states : 2
* Pipeline : 0
* Dataflow Pipeline: 0

* FSM state transitions: 
1 --> 2 
2 --> 

* FSM state operations: 

State 1 <SV = 0> <Delay = 3.67>
ST_1 : Operation 3 [1/1] (1.83ns)   --->   "%rows_read = read i32 @_ssdm_op_Read.ap_fifo.i32P, i32 %rows"   --->   Operation 3 'read' 'rows_read' <Predicate = true> <Delay = 1.83> <CoreInst = "FIFO_SRL">   --->   Core 21 'FIFO_SRL' <Latency = 0> <II = 1> <Delay = 1.83> <Storage> <Opcode : 'read' 'write' 'nbread' 'nbwrite'> <Ports = 0> <Width = 32> <Depth = 2> <FIFO>
ST_1 : Operation 4 [1/1] (1.83ns)   --->   "%cols_read = read i32 @_ssdm_op_Read.ap_fifo.i32P, i32 %cols"   --->   Operation 4 'read' 'cols_read' <Predicate = true> <Delay = 1.83> <CoreInst = "FIFO_SRL">   --->   Core 21 'FIFO_SRL' <Latency = 0> <II = 1> <Delay = 1.83> <Storage> <Opcode : 'read' 'write' 'nbread' 'nbwrite'> <Ports = 0> <Width = 32> <Depth = 2> <FIFO>
ST_1 : Operation 5 [1/1] (1.83ns)   --->   "%write_ln1116 = write void @_ssdm_op_Write.ap_fifo.i32P, i32 %rows_out, i32 %rows_read" [/tools/Xilinx/Vitis/2020.1/workspace/cvtcolour/libs/xf_opencv/L1/include/common/xf_structs.hpp:1116]   --->   Operation 5 'write' 'write_ln1116' <Predicate = true> <Delay = 1.83> <CoreInst = "FIFO_SRL">   --->   Core 21 'FIFO_SRL' <Latency = 0> <II = 1> <Delay = 1.83> <Storage> <Opcode : 'read' 'write' 'nbread' 'nbwrite'> <Ports = 0> <Width = 32> <Depth = 4> <FIFO>
ST_1 : Operation 6 [1/1] (1.83ns)   --->   "%write_ln1116 = write void @_ssdm_op_Write.ap_fifo.i32P, i32 %cols_out, i32 %cols_read" [/tools/Xilinx/Vitis/2020.1/workspace/cvtcolour/libs/xf_opencv/L1/include/common/xf_structs.hpp:1116]   --->   Operation 6 'write' 'write_ln1116' <Predicate = true> <Delay = 1.83> <CoreInst = "FIFO_SRL">   --->   Core 21 'FIFO_SRL' <Latency = 0> <II = 1> <Delay = 1.83> <Storage> <Opcode : 'read' 'write' 'nbread' 'nbwrite'> <Ports = 0> <Width = 32> <Depth = 4> <FIFO>
ST_1 : Operation 7 [1/1] (0.00ns)   --->   "%empty = trunc i32 %cols_read"   --->   Operation 7 'trunc' 'empty' <Predicate = true> <Delay = 0.00>
ST_1 : Operation 8 [1/1] (0.00ns)   --->   "%trunc_ln976 = trunc i32 %rows_read" [/tools/Xilinx/Vitis/2020.1/workspace/cvtcolour/libs/xf_opencv/L1/include/common/xf_structs.hpp:976]   --->   Operation 8 'trunc' 'trunc_ln976' <Predicate = true> <Delay = 0.00>
ST_1 : Operation 9 [1/1] (0.00ns)   --->   "%shl_ln = bitconcatenate i27 @_ssdm_op_BitConcatenate.i27.i22.i5, i22 %trunc_ln976, i5" [/tools/Xilinx/Vitis/2020.1/workspace/cvtcolour/libs/xf_opencv/L1/include/common/xf_structs.hpp:976]   --->   Operation 9 'bitconcatenate' 'shl_ln' <Predicate = true> <Delay = 0.00>
ST_1 : Operation 10 [1/1] (0.00ns)   --->   "%trunc_ln976_1 = trunc i32 %rows_read" [/tools/Xilinx/Vitis/2020.1/workspace/cvtcolour/libs/xf_opencv/L1/include/common/xf_structs.hpp:976]   --->   Operation 10 'trunc' 'trunc_ln976_1' <Predicate = true> <Delay = 0.00>
ST_1 : Operation 11 [1/1] (0.00ns)   --->   "%shl_ln976_1 = bitconcatenate i27 @_ssdm_op_BitConcatenate.i27.i24.i3, i24 %trunc_ln976_1, i3" [/tools/Xilinx/Vitis/2020.1/workspace/cvtcolour/libs/xf_opencv/L1/include/common/xf_structs.hpp:976]   --->   Operation 11 'bitconcatenate' 'shl_ln976_1' <Predicate = true> <Delay = 0.00>
ST_1 : Operation 12 [1/1] (0.96ns)   --->   "%sub_ln976 = sub i27 %shl_ln, i27 %shl_ln976_1" [/tools/Xilinx/Vitis/2020.1/workspace/cvtcolour/libs/xf_opencv/L1/include/common/xf_structs.hpp:976]   --->   Operation 12 'sub' 'sub_ln976' <Predicate = true> <Delay = 0.96> <CoreInst = "Adder">   --->   Core 1 'Adder' <Latency = 0> <II = 1> <Delay = 0.96> <FuncUnit> <Opcode : 'add' 'sub'> <InPorts = 2> <OutPorts = 1>

State 2 <SV = 1> <Delay = 4.15>
ST_2 : Operation 13 [1/1] (0.00ns)   --->   "%specinterface_ln0 = specinterface void @_ssdm_op_SpecInterface, i32 %cols, void @ap_fifo_str, i32, i32, void @p_str, i32, i32, void @p_str, void @p_str, void @p_str, i32, i32, i32, i32, void @p_str, void @ScalarProp_str"   --->   Operation 13 'specinterface' 'specinterface_ln0' <Predicate = true> <Delay = 0.00>
ST_2 : Operation 14 [1/1] (0.00ns)   --->   "%specinterface_ln0 = specinterface void @_ssdm_op_SpecInterface, i32 %rows, void @ap_fifo_str, i32, i32, void @p_str, i32, i32, void @p_str, void @p_str, void @p_str, i32, i32, i32, i32, void @p_str, void @ScalarProp_str"   --->   Operation 14 'specinterface' 'specinterface_ln0' <Predicate = true> <Delay = 0.00>
ST_2 : Operation 15 [1/1] (0.00ns)   --->   "%specinterface_ln0 = specinterface void @_ssdm_op_SpecInterface, i32 %rows_out, void @ap_fifo_str, i32, i32, void @p_str, i32, i32, void @p_str, void @p_str, void @p_str, i32, i32, i32, i32, void @p_str, void @ScalarProp_str"   --->   Operation 15 'specinterface' 'specinterface_ln0' <Predicate = true> <Delay = 0.00>
ST_2 : Operation 16 [1/1] (0.00ns)   --->   "%specinterface_ln0 = specinterface void @_ssdm_op_SpecInterface, i32 %cols_out, void @ap_fifo_str, i32, i32, void @p_str, i32, i32, void @p_str, void @p_str, void @p_str, i32, i32, i32, i32, void @p_str, void @ScalarProp_str"   --->   Operation 16 'specinterface' 'specinterface_ln0' <Predicate = true> <Delay = 0.00>
ST_2 : Operation 17 [1/1] (3.19ns)   --->   "%mul_ln976 = mul i27 %empty, i27 %sub_ln976" [/tools/Xilinx/Vitis/2020.1/workspace/cvtcolour/libs/xf_opencv/L1/include/common/xf_structs.hpp:976]   --->   Operation 17 'mul' 'mul_ln976' <Predicate = true> <Delay = 3.19> <CoreInst = "Multiplier">   --->   Core 4 'Multiplier' <Latency = 0> <II = 1> <Delay = 3.19> <FuncUnit> <Opcode : 'mul'> <InPorts = 2> <OutPorts = 1>
ST_2 : Operation 18 [1/1] (0.96ns)   --->   "%add_ln976 = add i27, i27 %mul_ln976" [/tools/Xilinx/Vitis/2020.1/workspace/cvtcolour/libs/xf_opencv/L1/include/common/xf_structs.hpp:976]   --->   Operation 18 'add' 'add_ln976' <Predicate = true> <Delay = 0.96> <CoreInst = "Adder">   --->   Core 1 'Adder' <Latency = 0> <II = 1> <Delay = 0.96> <FuncUnit> <Opcode : 'add' 'sub'> <InPorts = 2> <OutPorts = 1>
ST_2 : Operation 19 [1/1] (0.00ns)   --->   "%trunc_ln = partselect i18 @_ssdm_op_PartSelect.i18.i27.i32.i32, i27 %add_ln976, i32, i32" [/tools/Xilinx/Vitis/2020.1/workspace/cvtcolour/libs/xf_opencv/L1/include/common/xf_structs.hpp:976]   --->   Operation 19 'partselect' 'trunc_ln' <Predicate = true> <Delay = 0.00>
ST_2 : Operation 20 [1/1] (0.00ns)   --->   "%write_ln976 = write void @_ssdm_op_Write.ap_auto.volatile.i18P, i18 %return_r, i18 %trunc_ln" [/tools/Xilinx/Vitis/2020.1/workspace/cvtcolour/libs/xf_opencv/L1/include/common/xf_structs.hpp:976]   --->   Operation 20 'write' 'write_ln976' <Predicate = true> <Delay = 0.00>
ST_2 : Operation 21 [1/1] (0.00ns)   --->   "%ret_ln1116 = ret" [/tools/Xilinx/Vitis/2020.1/workspace/cvtcolour/libs/xf_opencv/L1/include/common/xf_structs.hpp:1116]   --->   Operation 21 'ret' 'ret_ln1116' <Predicate = true> <Delay = 0.00>


============================================================
+ Verbose Summary: Timing violations
============================================================
Target clock period: 6.67ns, clock uncertainty: 1.8ns.

 <State 1>: 3.68ns
The critical path consists of the following:
	fifo read on port 'rows' [8]  (1.84 ns)
	fifo write on port 'rows_out' (/tools/Xilinx/Vitis/2020.1/workspace/cvtcolour/libs/xf_opencv/L1/include/common/xf_structs.hpp:1116) [11]  (1.84 ns)

 <State 2>: 4.16ns
The critical path consists of the following:
	'mul' operation ('mul_ln976', /tools/Xilinx/Vitis/2020.1/workspace/cvtcolour/libs/xf_opencv/L1/include/common/xf_structs.hpp:976) [20]  (3.19 ns)
	'add' operation ('add_ln976', /tools/Xilinx/Vitis/2020.1/workspace/cvtcolour/libs/xf_opencv/L1/include/common/xf_structs.hpp:976) [21]  (0.965 ns)


============================================================
+ Verbose Summary: Binding
============================================================
N/A
* FSMD analyzer results:
  - Output states:
 - Input state : 
  - Chain level:
	State 1
	State 2


============================================================
+ Verbose Summary: Datapath Resource usage 
============================================================
N/A
