

================================================================
== Vitis HLS Report for 'AxiStream2Axi'
================================================================
* Date:           Wed Apr 21 09:52:02 2021

* Version:        2020.1.1 (Build 2960000 on Wed Aug 05 23:18:37 MDT 2020)
* Project:        cvtcolor_bgr2hsv
* Solution:       solution (Vitis Kernel Flow Target)
* Product family: zynquplus
* Target device:  xczu7ev-ffvc1156-2-e


================================================================
== Performance Estimates
================================================================
+ Timing: 
    * Summary: 
    +--------+---------+----------+------------+
    |  Clock |  Target | Estimated| Uncertainty|
    +--------+---------+----------+------------+
    |ap_clk  | 6.67 ns | 4.867 ns |   1.80 ns  |
    +--------+---------+----------+------------+

+ Latency: 
    * Summary: 
    +---------+---------+----------+----------+-----+-------+---------+
    |  Latency (cycles) |  Latency (absolute) |   Interval  | Pipeline|
    |   min   |   max   |    min   |    max   | min |  max  |   Type  |
    +---------+---------+----------+----------+-----+-------+---------+
    |        1|    97271| 6.667 ns | 0.649 ms |    1|  97271|   none  |
    +---------+---------+----------+----------+-----+-------+---------+

    + Detail: 
        * Instance: 
        N/A

        * Loop: 
        +------------------+---------+---------+----------+-----------+-----------+-----------+----------+
        |                  |  Latency (cycles) | Iteration|  Initiation Interval  |    Trip   |          |
        |     Loop Name    |   min   |   max   |  Latency |  achieved |   target  |   Count   | Pipelined|
        +------------------+---------+---------+----------+-----------+-----------+-----------+----------+
        |- MMIterOutLoop2  |        2|    97201|         3|          1|          1| 1 ~ 97200 |    yes   |
        +------------------+---------+---------+----------+-----------+-----------+-----------+----------+



================================================================
== Utilization Estimates
================================================================
* Summary: 
+-----------------+---------+------+--------+--------+-----+
|       Name      | BRAM_18K|  DSP |   FF   |   LUT  | URAM|
+-----------------+---------+------+--------+--------+-----+
|DSP              |        -|     -|       -|       -|    -|
|Expression       |        -|     -|       0|      81|    -|
|FIFO             |        -|     -|       -|       -|    -|
|Instance         |        -|     -|       -|       -|    -|
|Memory           |        -|     -|       -|       -|    -|
|Multiplexer      |        -|     -|       -|     402|    -|
|Register         |        -|     -|     666|       -|    -|
+-----------------+---------+------+--------+--------+-----+
|Total            |        0|     0|     666|     483|    0|
+-----------------+---------+------+--------+--------+-----+
|Available        |      624|  1728|  460800|  230400|   96|
+-----------------+---------+------+--------+--------+-----+
|Utilization (%)  |        0|     0|   ~0   |   ~0   |    0|
+-----------------+---------+------+--------+--------+-----+

+ Detail: 
    * Instance: 
    N/A

    * DSP: 
    N/A

    * Memory: 
    N/A

    * FIFO: 
    N/A

    * Expression: 
    +----------------------------------+----------+----+---+----+------------+------------+
    |           Variable Name          | Operation| DSP| FF| LUT| Bitwidth P0| Bitwidth P1|
    +----------------------------------+----------+----+---+----+------------+------------+
    |add_ln695_fu_151_p2               |     +    |   0|  0|  25|          18|           1|
    |ap_block_pp0_stage0_01001         |    and   |   0|  0|   2|           1|           1|
    |ap_block_state4_pp0_stage0_iter1  |    and   |   0|  0|   2|           1|           1|
    |ap_block_state5_io                |    and   |   0|  0|   2|           1|           1|
    |ap_block_state73                  |    and   |   0|  0|   2|           1|           1|
    |icmp_ln1305_fu_146_p2             |   icmp   |   0|  0|  20|          18|          18|
    |icmp_ln882_fu_116_p2              |   icmp   |   0|  0|  20|          18|           1|
    |ap_block_pp0_stage0_11001         |    or    |   0|  0|   2|           1|           1|
    |ap_block_state1                   |    or    |   0|  0|   2|           1|           1|
    |ap_enable_pp0                     |    xor   |   0|  0|   2|           1|           2|
    |ap_enable_reg_pp0_iter1           |    xor   |   0|  0|   2|           2|           1|
    +----------------------------------+----------+----+---+----+------------+------------+
    |Total                             |          |   0|  0|  81|          63|          29|
    +----------------------------------+----------+----+---+----+------------+------------+

    * Multiplexer: 
    +-------------------------+-----+-----------+-----+-----------+
    |           Name          | LUT | Input Size| Bits| Total Bits|
    +-------------------------+-----+-----------+-----+-----------+
    |ap_NS_fsm                |  321|         72|    1|         72|
    |ap_done                  |    9|          2|    1|          2|
    |ap_enable_reg_pp0_iter1  |    9|          2|    1|          2|
    |ap_enable_reg_pp0_iter2  |    9|          2|    1|          2|
    |dout_blk_n               |    9|          2|    1|          2|
    |empty_91_reg_105         |    9|          2|   18|         36|
    |gmem2_blk_n_AW           |    9|          2|    1|          2|
    |gmem2_blk_n_B            |    9|          2|    1|          2|
    |gmem2_blk_n_W            |    9|          2|    1|          2|
    |ldata1_blk_n             |    9|          2|    1|          2|
    +-------------------------+-----+-----------+-----+-----------+
    |Total                    |  402|         90|   27|        124|
    +-------------------------+-----+-----------+-----+-----------+

    * Register: 
    +-----------------------------------+-----+----+-----+-----------+
    |                Name               |  FF | LUT| Bits| Const Bits|
    +-----------------------------------+-----+----+-----+-----------+
    |ap_CS_fsm                          |   71|   0|   71|          0|
    |ap_done_reg                        |    1|   0|    1|          0|
    |ap_enable_reg_pp0_iter0            |    1|   0|    1|          0|
    |ap_enable_reg_pp0_iter1            |    1|   0|    1|          0|
    |ap_enable_reg_pp0_iter2            |    1|   0|    1|          0|
    |empty_91_reg_105                   |   18|   0|   18|          0|
    |icmp_ln1305_reg_178                |    1|   0|    1|          0|
    |icmp_ln1305_reg_178_pp0_iter1_reg  |    1|   0|    1|          0|
    |icmp_ln882_reg_163                 |    1|   0|    1|          0|
    |ldata1_read_reg_187                |  512|   0|  512|          0|
    |trunc_ln_reg_167                   |   58|   0|   58|          0|
    +-----------------------------------+-----+----+-----+-----------+
    |Total                              |  666|   0|  666|          0|
    +-----------------------------------+-----+----+-----+-----------+



================================================================
== Interface
================================================================
* Summary: 
+----------------------+-----+-----+------------+------------------+--------------+
|       RTL Ports      | Dir | Bits|  Protocol  |   Source Object  |    C Type    |
+----------------------+-----+-----+------------+------------------+--------------+
|ap_clk                |  in |    1| ap_ctrl_hs |   AxiStream2Axi  | return value |
|ap_rst                |  in |    1| ap_ctrl_hs |   AxiStream2Axi  | return value |
|ap_start              |  in |    1| ap_ctrl_hs |   AxiStream2Axi  | return value |
|ap_done               | out |    1| ap_ctrl_hs |   AxiStream2Axi  | return value |
|ap_continue           |  in |    1| ap_ctrl_hs |   AxiStream2Axi  | return value |
|ap_idle               | out |    1| ap_ctrl_hs |   AxiStream2Axi  | return value |
|ap_ready              | out |    1| ap_ctrl_hs |   AxiStream2Axi  | return value |
|ldata1_dout           |  in |  512|   ap_fifo  |      ldata1      |    pointer   |
|ldata1_empty_n        |  in |    1|   ap_fifo  |      ldata1      |    pointer   |
|ldata1_read           | out |    1|   ap_fifo  |      ldata1      |    pointer   |
|m_axi_gmem2_AWVALID   | out |    1|    m_axi   |       gmem2      |    pointer   |
|m_axi_gmem2_AWREADY   |  in |    1|    m_axi   |       gmem2      |    pointer   |
|m_axi_gmem2_AWADDR    | out |   64|    m_axi   |       gmem2      |    pointer   |
|m_axi_gmem2_AWID      | out |    1|    m_axi   |       gmem2      |    pointer   |
|m_axi_gmem2_AWLEN     | out |   32|    m_axi   |       gmem2      |    pointer   |
|m_axi_gmem2_AWSIZE    | out |    3|    m_axi   |       gmem2      |    pointer   |
|m_axi_gmem2_AWBURST   | out |    2|    m_axi   |       gmem2      |    pointer   |
|m_axi_gmem2_AWLOCK    | out |    2|    m_axi   |       gmem2      |    pointer   |
|m_axi_gmem2_AWCACHE   | out |    4|    m_axi   |       gmem2      |    pointer   |
|m_axi_gmem2_AWPROT    | out |    3|    m_axi   |       gmem2      |    pointer   |
|m_axi_gmem2_AWQOS     | out |    4|    m_axi   |       gmem2      |    pointer   |
|m_axi_gmem2_AWREGION  | out |    4|    m_axi   |       gmem2      |    pointer   |
|m_axi_gmem2_AWUSER    | out |    1|    m_axi   |       gmem2      |    pointer   |
|m_axi_gmem2_WVALID    | out |    1|    m_axi   |       gmem2      |    pointer   |
|m_axi_gmem2_WREADY    |  in |    1|    m_axi   |       gmem2      |    pointer   |
|m_axi_gmem2_WDATA     | out |  512|    m_axi   |       gmem2      |    pointer   |
|m_axi_gmem2_WSTRB     | out |   64|    m_axi   |       gmem2      |    pointer   |
|m_axi_gmem2_WLAST     | out |    1|    m_axi   |       gmem2      |    pointer   |
|m_axi_gmem2_WID       | out |    1|    m_axi   |       gmem2      |    pointer   |
|m_axi_gmem2_WUSER     | out |    1|    m_axi   |       gmem2      |    pointer   |
|m_axi_gmem2_ARVALID   | out |    1|    m_axi   |       gmem2      |    pointer   |
|m_axi_gmem2_ARREADY   |  in |    1|    m_axi   |       gmem2      |    pointer   |
|m_axi_gmem2_ARADDR    | out |   64|    m_axi   |       gmem2      |    pointer   |
|m_axi_gmem2_ARID      | out |    1|    m_axi   |       gmem2      |    pointer   |
|m_axi_gmem2_ARLEN     | out |   32|    m_axi   |       gmem2      |    pointer   |
|m_axi_gmem2_ARSIZE    | out |    3|    m_axi   |       gmem2      |    pointer   |
|m_axi_gmem2_ARBURST   | out |    2|    m_axi   |       gmem2      |    pointer   |
|m_axi_gmem2_ARLOCK    | out |    2|    m_axi   |       gmem2      |    pointer   |
|m_axi_gmem2_ARCACHE   | out |    4|    m_axi   |       gmem2      |    pointer   |
|m_axi_gmem2_ARPROT    | out |    3|    m_axi   |       gmem2      |    pointer   |
|m_axi_gmem2_ARQOS     | out |    4|    m_axi   |       gmem2      |    pointer   |
|m_axi_gmem2_ARREGION  | out |    4|    m_axi   |       gmem2      |    pointer   |
|m_axi_gmem2_ARUSER    | out |    1|    m_axi   |       gmem2      |    pointer   |
|m_axi_gmem2_RVALID    |  in |    1|    m_axi   |       gmem2      |    pointer   |
|m_axi_gmem2_RREADY    | out |    1|    m_axi   |       gmem2      |    pointer   |
|m_axi_gmem2_RDATA     |  in |  512|    m_axi   |       gmem2      |    pointer   |
|m_axi_gmem2_RLAST     |  in |    1|    m_axi   |       gmem2      |    pointer   |
|m_axi_gmem2_RID       |  in |    1|    m_axi   |       gmem2      |    pointer   |
|m_axi_gmem2_RUSER     |  in |    1|    m_axi   |       gmem2      |    pointer   |
|m_axi_gmem2_RRESP     |  in |    2|    m_axi   |       gmem2      |    pointer   |
|m_axi_gmem2_BVALID    |  in |    1|    m_axi   |       gmem2      |    pointer   |
|m_axi_gmem2_BREADY    | out |    1|    m_axi   |       gmem2      |    pointer   |
|m_axi_gmem2_BRESP     |  in |    2|    m_axi   |       gmem2      |    pointer   |
|m_axi_gmem2_BID       |  in |    1|    m_axi   |       gmem2      |    pointer   |
|m_axi_gmem2_BUSER     |  in |    1|    m_axi   |       gmem2      |    pointer   |
|dout_dout             |  in |   64|   ap_fifo  |       dout       |    pointer   |
|dout_empty_n          |  in |    1|   ap_fifo  |       dout       |    pointer   |
|dout_read             | out |    1|   ap_fifo  |       dout       |    pointer   |
|addrbound_V_read      |  in |   18|   ap_none  | addrbound_V_read |    scalar    |
+----------------------+-----+-----+------------+------------------+--------------+

============================================================
+ Verbose Summary: Synthesis Manager
============================================================
InlineROM: 1
ExposeGlobal: 0
============================================================
+ Verbose Summary: CDFG Model
============================================================
IsTopModel: 0
ResetActiveHigh: 1
IsCombinational: 2
IsDatapathOnly: 0
HasWiredReturn: 1
HasMFsm: 0
HasVarLatency: 1
IsPipeline: 0
IsRtlPipelined: 0
IsInstanceOverlapped: 0
IsDontTouch: 0
HasImplIP: 0
IsGatedGlobalClock: 0

+ Individual pipeline summary: 
  * Pipeline-0: initiation interval (II) = 1, depth = 3


============================================================
+ Verbose Summary: Schedule
============================================================
* Number of FSM states : 73
* Pipeline : 1
  Pipeline-0 : II = 1, D = 3, States = { 3 4 5 }
* Dataflow Pipeline: 0

* FSM state transitions: 
1 --> 2 73 
2 --> 3 
3 --> 6 4 
4 --> 5 
5 --> 3 
6 --> 7 
7 --> 8 
8 --> 9 
9 --> 10 
10 --> 11 
11 --> 12 
12 --> 13 
13 --> 14 
14 --> 15 
15 --> 16 
16 --> 17 
17 --> 18 
18 --> 19 
19 --> 20 
20 --> 21 
21 --> 22 
22 --> 23 
23 --> 24 
24 --> 25 
25 --> 26 
26 --> 27 
27 --> 28 
28 --> 29 
29 --> 30 
30 --> 31 
31 --> 32 
32 --> 33 
33 --> 34 
34 --> 35 
35 --> 36 
36 --> 37 
37 --> 38 
38 --> 39 
39 --> 40 
40 --> 41 
41 --> 42 
42 --> 43 
43 --> 44 
44 --> 45 
45 --> 46 
46 --> 47 
47 --> 48 
48 --> 49 
49 --> 50 
50 --> 51 
51 --> 52 
52 --> 53 
53 --> 54 
54 --> 55 
55 --> 56 
56 --> 57 
57 --> 58 
58 --> 59 
59 --> 60 
60 --> 61 
61 --> 62 
62 --> 63 
63 --> 64 
64 --> 65 
65 --> 66 
66 --> 67 
67 --> 68 
68 --> 69 
69 --> 70 
70 --> 71 
71 --> 72 
72 --> 73 
73 --> 

* FSM state operations: 

State 1 <SV = 0> <Delay = 1.83>
ST_1 : Operation 74 [1/1] (0.00ns)   --->   "%addrbound_V_read_1 = read i18 @_ssdm_op_Read.ap_auto.i18, i18 %addrbound_V_read" [/tools/Xilinx/Vitis/2020.1/workspace/cvtcolour/libs/xf_opencv/L1/include/common/xf_structs.hpp:1300->/tools/Xilinx/Vitis/2020.1/workspace/cvtcolour/libs/xf_opencv/L1/include/common/xf_structs.hpp:1333]   --->   Operation 74 'read' 'addrbound_V_read_1' <Predicate = true> <Delay = 0.00>
ST_1 : Operation 75 [1/1] (0.00ns)   --->   "%specinterface_ln0 = specinterface void @_ssdm_op_SpecInterface, i512 %ldata1, void @empty_14, i32, i32, void @empty_10, i32, i32, void @empty_10, void @empty_10, void @empty_10, i32, i32, i32, i32, void @empty_10, void @empty_10"   --->   Operation 75 'specinterface' 'specinterface_ln0' <Predicate = true> <Delay = 0.00>
ST_1 : Operation 76 [1/1] (0.00ns)   --->   "%specinterface_ln0 = specinterface void @_ssdm_op_SpecInterface, i512 %gmem2, void @empty_15, i32, i32, void @empty_10, i32, i32, void @empty_10, void @empty_10, void @empty_10, i32, i32, i32, i32, void @empty_10, void @empty_10"   --->   Operation 76 'specinterface' 'specinterface_ln0' <Predicate = true> <Delay = 0.00>
ST_1 : Operation 77 [1/1] (0.00ns)   --->   "%specinterface_ln0 = specinterface void @_ssdm_op_SpecInterface, i64 %dout, void @ap_fifo_str, i32, i32, void @p_str, i32, i32, void @p_str, void @p_str, void @p_str, i32, i32, i32, i32, void @p_str, void @ScalarProp_str"   --->   Operation 77 'specinterface' 'specinterface_ln0' <Predicate = true> <Delay = 0.00>
ST_1 : Operation 78 [1/1] (1.83ns)   --->   "%dout_1 = read i64 @_ssdm_op_Read.ap_fifo.i64P, i64 %dout" [/tools/Xilinx/Vitis/2020.1/workspace/cvtcolour/libs/xf_opencv/L1/include/common/xf_structs.hpp:1301]   --->   Operation 78 'read' 'dout_1' <Predicate = true> <Delay = 1.83> <CoreInst = "FIFO_SRL">   --->   Core 21 'FIFO_SRL' <Latency = 0> <II = 1> <Delay = 1.83> <Storage> <Opcode : 'read' 'write' 'nbread' 'nbwrite'> <Ports = 0> <Width = 64> <Depth = 4> <FIFO>
ST_1 : Operation 79 [1/1] (0.00ns)   --->   "%specinterface_ln0 = specinterface void @_ssdm_op_SpecInterface, i512 %ldata1, void @empty_14, i32, i32, void @empty_10, i32, i32, void @empty_10, void @empty_10, void @empty_10, i32, i32, i32, i32, void @empty_10, void @empty_10"   --->   Operation 79 'specinterface' 'specinterface_ln0' <Predicate = true> <Delay = 0.00>
ST_1 : Operation 80 [1/1] (0.00ns)   --->   "%specinterface_ln0 = specinterface void @_ssdm_op_SpecInterface, i512 %gmem2, void @empty_15, i32, i32, void @empty_10, i32, i32, void @empty_10, void @empty_10, void @empty_10, i32, i32, i32, i32, void @empty_10, void @empty_10"   --->   Operation 80 'specinterface' 'specinterface_ln0' <Predicate = true> <Delay = 0.00>
ST_1 : Operation 81 [1/1] (1.08ns)   --->   "%icmp_ln882 = icmp_eq  i18 %addrbound_V_read_1, i18"   --->   Operation 81 'icmp' 'icmp_ln882' <Predicate = true> <Delay = 1.08> <CoreInst = "Cmp">   --->   Core 10 'Cmp' <Latency = 0> <II = 1> <Delay = 1.08> <FuncUnit> <Opcode : 'icmp'> <InPorts = 2> <OutPorts = 1>
ST_1 : Operation 82 [1/1] (0.00ns)   --->   "%br_ln1305 = br i1 %icmp_ln882, void %.lr.ph.i, void %.exit" [/tools/Xilinx/Vitis/2020.1/workspace/cvtcolour/libs/xf_opencv/L1/include/common/xf_structs.hpp:1305->/tools/Xilinx/Vitis/2020.1/workspace/cvtcolour/libs/xf_opencv/L1/include/common/xf_structs.hpp:1333]   --->   Operation 82 'br' 'br_ln1305' <Predicate = true> <Delay = 0.00>
ST_1 : Operation 83 [1/1] (0.00ns)   --->   "%trunc_ln = partselect i58 @_ssdm_op_PartSelect.i58.i64.i32.i32, i64 %dout_1, i32, i32" [/tools/Xilinx/Vitis/2020.1/workspace/cvtcolour/libs/xf_opencv/L1/include/common/xf_structs.hpp:1305->/tools/Xilinx/Vitis/2020.1/workspace/cvtcolour/libs/xf_opencv/L1/include/common/xf_structs.hpp:1333]   --->   Operation 83 'partselect' 'trunc_ln' <Predicate = (!icmp_ln882)> <Delay = 0.00>

State 2 <SV = 1> <Delay = 4.86>
ST_2 : Operation 84 [1/1] (0.00ns)   --->   "%sext_ln1305 = sext i58 %trunc_ln" [/tools/Xilinx/Vitis/2020.1/workspace/cvtcolour/libs/xf_opencv/L1/include/common/xf_structs.hpp:1305->/tools/Xilinx/Vitis/2020.1/workspace/cvtcolour/libs/xf_opencv/L1/include/common/xf_structs.hpp:1333]   --->   Operation 84 'sext' 'sext_ln1305' <Predicate = true> <Delay = 0.00>
ST_2 : Operation 85 [1/1] (0.00ns)   --->   "%gmem2_addr = getelementptr i512 %gmem2, i64 %sext_ln1305" [/tools/Xilinx/Vitis/2020.1/workspace/cvtcolour/libs/xf_opencv/L1/include/common/xf_structs.hpp:1305->/tools/Xilinx/Vitis/2020.1/workspace/cvtcolour/libs/xf_opencv/L1/include/common/xf_structs.hpp:1333]   --->   Operation 85 'getelementptr' 'gmem2_addr' <Predicate = true> <Delay = 0.00>
ST_2 : Operation 86 [1/1] (0.00ns)   --->   "%zext_ln1305 = zext i18 %addrbound_V_read_1" [/tools/Xilinx/Vitis/2020.1/workspace/cvtcolour/libs/xf_opencv/L1/include/common/xf_structs.hpp:1305->/tools/Xilinx/Vitis/2020.1/workspace/cvtcolour/libs/xf_opencv/L1/include/common/xf_structs.hpp:1333]   --->   Operation 86 'zext' 'zext_ln1305' <Predicate = true> <Delay = 0.00>
ST_2 : Operation 87 [1/1] (4.86ns)   --->   "%empty = writereq i1 @_ssdm_op_WriteReq.m_axi.p1i512, i64 %gmem2_addr, i32 %zext_ln1305" [/tools/Xilinx/Vitis/2020.1/workspace/cvtcolour/libs/xf_opencv/L1/include/common/xf_structs.hpp:1305->/tools/Xilinx/Vitis/2020.1/workspace/cvtcolour/libs/xf_opencv/L1/include/common/xf_structs.hpp:1333]   --->   Operation 87 'writereq' 'empty' <Predicate = true> <Delay = 4.86> <CoreInst = "m_axi">   --->   Core 55 'm_axi' <Latency = 6> <II = 1> <Delay = 1.00> <Adapter> <Opcode : 'read' 'write' 'readreq' 'writereq' 'writeresp'>
ST_2 : Operation 88 [1/1] (0.65ns)   --->   "%br_ln1305 = br void %bb.i" [/tools/Xilinx/Vitis/2020.1/workspace/cvtcolour/libs/xf_opencv/L1/include/common/xf_structs.hpp:1305->/tools/Xilinx/Vitis/2020.1/workspace/cvtcolour/libs/xf_opencv/L1/include/common/xf_structs.hpp:1333]   --->   Operation 88 'br' 'br_ln1305' <Predicate = true> <Delay = 0.65>

State 3 <SV = 2> <Delay = 1.08>
ST_3 : Operation 89 [1/1] (0.00ns)   --->   "%empty_91 = phi i18, void %.lr.ph.i, i18 %add_ln695, void %bb.split.i"   --->   Operation 89 'phi' 'empty_91' <Predicate = true> <Delay = 0.00>
ST_3 : Operation 90 [1/1] (1.08ns)   --->   "%icmp_ln1305 = icmp_eq  i18 %empty_91, i18 %addrbound_V_read_1" [/tools/Xilinx/Vitis/2020.1/workspace/cvtcolour/libs/xf_opencv/L1/include/common/xf_structs.hpp:1305->/tools/Xilinx/Vitis/2020.1/workspace/cvtcolour/libs/xf_opencv/L1/include/common/xf_structs.hpp:1333]   --->   Operation 90 'icmp' 'icmp_ln1305' <Predicate = true> <Delay = 1.08> <CoreInst = "Cmp">   --->   Core 10 'Cmp' <Latency = 0> <II = 1> <Delay = 1.08> <FuncUnit> <Opcode : 'icmp'> <InPorts = 2> <OutPorts = 1>
ST_3 : Operation 91 [1/1] (0.87ns)   --->   "%add_ln695 = add i18 %empty_91, i18"   --->   Operation 91 'add' 'add_ln695' <Predicate = true> <Delay = 0.87> <CoreInst = "Adder">   --->   Core 1 'Adder' <Latency = 0> <II = 1> <Delay = 0.87> <FuncUnit> <Opcode : 'add' 'sub'> <InPorts = 2> <OutPorts = 1>
ST_3 : Operation 92 [1/1] (0.00ns)   --->   "%br_ln1305 = br i1 %icmp_ln1305, void %bb.split.i, void %._crit_edge.loopexit.i" [/tools/Xilinx/Vitis/2020.1/workspace/cvtcolour/libs/xf_opencv/L1/include/common/xf_structs.hpp:1305->/tools/Xilinx/Vitis/2020.1/workspace/cvtcolour/libs/xf_opencv/L1/include/common/xf_structs.hpp:1333]   --->   Operation 92 'br' 'br_ln1305' <Predicate = true> <Delay = 0.00>

State 4 <SV = 3> <Delay = 1.83>
ST_4 : Operation 93 [1/1] (1.83ns)   --->   "%ldata1_read = read i512 @_ssdm_op_Read.ap_fifo.volatile.i512P, i512 %ldata1" [/tools/Xilinx/Vitis/2020.1/common/technology/autopilot/hls_stream_39.h:145]   --->   Operation 93 'read' 'ldata1_read' <Predicate = (!icmp_ln1305)> <Delay = 1.83> <CoreInst = "FIFO_SRL">   --->   Core 21 'FIFO_SRL' <Latency = 0> <II = 1> <Delay = 1.83> <Storage> <Opcode : 'read' 'write' 'nbread' 'nbwrite'> <Ports = 0> <Width = 512> <Depth = 2> <FIFO>

State 5 <SV = 4> <Delay = 4.86>
ST_5 : Operation 94 [1/1] (0.00ns)   --->   "%specpipeline_ln0 = specpipeline void @_ssdm_op_SpecPipeline, i32, i32, i32, i32, void @empty_10" [/tools/Xilinx/Vitis/2020.1/common/technology/autopilot/hls_stream_39.h:0]   --->   Operation 94 'specpipeline' 'specpipeline_ln0' <Predicate = (!icmp_ln1305)> <Delay = 0.00>
ST_5 : Operation 95 [1/1] (0.00ns)   --->   "%speclooptripcount_ln0 = speclooptripcount void @_ssdm_op_SpecLoopTripCount, i64, i64, i64" [/tools/Xilinx/Vitis/2020.1/common/technology/autopilot/hls_stream_39.h:0]   --->   Operation 95 'speclooptripcount' 'speclooptripcount_ln0' <Predicate = (!icmp_ln1305)> <Delay = 0.00>
ST_5 : Operation 96 [1/1] (0.00ns)   --->   "%specloopname_ln0 = specloopname void @_ssdm_op_SpecLoopName, void @empty_3" [/tools/Xilinx/Vitis/2020.1/common/technology/autopilot/hls_stream_39.h:0]   --->   Operation 96 'specloopname' 'specloopname_ln0' <Predicate = (!icmp_ln1305)> <Delay = 0.00>
ST_5 : Operation 97 [1/1] (4.86ns)   --->   "%write_ln324 = write void @_ssdm_op_Write.m_axi.p1i512, i64 %gmem2_addr, i512 %ldata1_read, i64, i1 %empty"   --->   Operation 97 'write' 'write_ln324' <Predicate = (!icmp_ln1305)> <Delay = 4.86> <CoreInst = "m_axi">   --->   Core 55 'm_axi' <Latency = 5> <II = 1> <Delay = 1.00> <Adapter> <Opcode : 'read' 'write' 'readreq' 'writereq' 'writeresp'>
ST_5 : Operation 98 [1/1] (0.00ns)   --->   "%br_ln0 = br void %bb.i"   --->   Operation 98 'br' 'br_ln0' <Predicate = (!icmp_ln1305)> <Delay = 0.00>

State 6 <SV = 3> <Delay = 4.86>
ST_6 : Operation 99 [68/68] (4.86ns)   --->   "%empty_92 = writeresp i1 @_ssdm_op_WriteResp.m_axi.p1i512, i64 %gmem2_addr" [/tools/Xilinx/Vitis/2020.1/workspace/cvtcolour/libs/xf_opencv/L1/include/common/xf_structs.hpp:1312->/tools/Xilinx/Vitis/2020.1/workspace/cvtcolour/libs/xf_opencv/L1/include/common/xf_structs.hpp:1333]   --->   Operation 99 'writeresp' 'empty_92' <Predicate = true> <Delay = 4.86> <CoreInst = "m_axi">   --->   Core 55 'm_axi' <Latency = 6> <II = 1> <Delay = 1.00> <Adapter> <Opcode : 'read' 'write' 'readreq' 'writereq' 'writeresp'>

State 7 <SV = 4> <Delay = 4.86>
ST_7 : Operation 100 [67/68] (4.86ns)   --->   "%empty_92 = writeresp i1 @_ssdm_op_WriteResp.m_axi.p1i512, i64 %gmem2_addr" [/tools/Xilinx/Vitis/2020.1/workspace/cvtcolour/libs/xf_opencv/L1/include/common/xf_structs.hpp:1312->/tools/Xilinx/Vitis/2020.1/workspace/cvtcolour/libs/xf_opencv/L1/include/common/xf_structs.hpp:1333]   --->   Operation 100 'writeresp' 'empty_92' <Predicate = true> <Delay = 4.86> <CoreInst = "m_axi">   --->   Core 55 'm_axi' <Latency = 6> <II = 1> <Delay = 1.00> <Adapter> <Opcode : 'read' 'write' 'readreq' 'writereq' 'writeresp'>

State 8 <SV = 5> <Delay = 4.86>
ST_8 : Operation 101 [66/68] (4.86ns)   --->   "%empty_92 = writeresp i1 @_ssdm_op_WriteResp.m_axi.p1i512, i64 %gmem2_addr" [/tools/Xilinx/Vitis/2020.1/workspace/cvtcolour/libs/xf_opencv/L1/include/common/xf_structs.hpp:1312->/tools/Xilinx/Vitis/2020.1/workspace/cvtcolour/libs/xf_opencv/L1/include/common/xf_structs.hpp:1333]   --->   Operation 101 'writeresp' 'empty_92' <Predicate = true> <Delay = 4.86> <CoreInst = "m_axi">   --->   Core 55 'm_axi' <Latency = 6> <II = 1> <Delay = 1.00> <Adapter> <Opcode : 'read' 'write' 'readreq' 'writereq' 'writeresp'>

State 9 <SV = 6> <Delay = 4.86>
ST_9 : Operation 102 [65/68] (4.86ns)   --->   "%empty_92 = writeresp i1 @_ssdm_op_WriteResp.m_axi.p1i512, i64 %gmem2_addr" [/tools/Xilinx/Vitis/2020.1/workspace/cvtcolour/libs/xf_opencv/L1/include/common/xf_structs.hpp:1312->/tools/Xilinx/Vitis/2020.1/workspace/cvtcolour/libs/xf_opencv/L1/include/common/xf_structs.hpp:1333]   --->   Operation 102 'writeresp' 'empty_92' <Predicate = true> <Delay = 4.86> <CoreInst = "m_axi">   --->   Core 55 'm_axi' <Latency = 6> <II = 1> <Delay = 1.00> <Adapter> <Opcode : 'read' 'write' 'readreq' 'writereq' 'writeresp'>

State 10 <SV = 7> <Delay = 4.86>
ST_10 : Operation 103 [64/68] (4.86ns)   --->   "%empty_92 = writeresp i1 @_ssdm_op_WriteResp.m_axi.p1i512, i64 %gmem2_addr" [/tools/Xilinx/Vitis/2020.1/workspace/cvtcolour/libs/xf_opencv/L1/include/common/xf_structs.hpp:1312->/tools/Xilinx/Vitis/2020.1/workspace/cvtcolour/libs/xf_opencv/L1/include/common/xf_structs.hpp:1333]   --->   Operation 103 'writeresp' 'empty_92' <Predicate = true> <Delay = 4.86> <CoreInst = "m_axi">   --->   Core 55 'm_axi' <Latency = 6> <II = 1> <Delay = 1.00> <Adapter> <Opcode : 'read' 'write' 'readreq' 'writereq' 'writeresp'>

State 11 <SV = 8> <Delay = 4.86>
ST_11 : Operation 104 [63/68] (4.86ns)   --->   "%empty_92 = writeresp i1 @_ssdm_op_WriteResp.m_axi.p1i512, i64 %gmem2_addr" [/tools/Xilinx/Vitis/2020.1/workspace/cvtcolour/libs/xf_opencv/L1/include/common/xf_structs.hpp:1312->/tools/Xilinx/Vitis/2020.1/workspace/cvtcolour/libs/xf_opencv/L1/include/common/xf_structs.hpp:1333]   --->   Operation 104 'writeresp' 'empty_92' <Predicate = true> <Delay = 4.86> <CoreInst = "m_axi">   --->   Core 55 'm_axi' <Latency = 6> <II = 1> <Delay = 1.00> <Adapter> <Opcode : 'read' 'write' 'readreq' 'writereq' 'writeresp'>

State 12 <SV = 9> <Delay = 4.86>
ST_12 : Operation 105 [62/68] (4.86ns)   --->   "%empty_92 = writeresp i1 @_ssdm_op_WriteResp.m_axi.p1i512, i64 %gmem2_addr" [/tools/Xilinx/Vitis/2020.1/workspace/cvtcolour/libs/xf_opencv/L1/include/common/xf_structs.hpp:1312->/tools/Xilinx/Vitis/2020.1/workspace/cvtcolour/libs/xf_opencv/L1/include/common/xf_structs.hpp:1333]   --->   Operation 105 'writeresp' 'empty_92' <Predicate = true> <Delay = 4.86> <CoreInst = "m_axi">   --->   Core 55 'm_axi' <Latency = 6> <II = 1> <Delay = 1.00> <Adapter> <Opcode : 'read' 'write' 'readreq' 'writereq' 'writeresp'>

State 13 <SV = 10> <Delay = 4.86>
ST_13 : Operation 106 [61/68] (4.86ns)   --->   "%empty_92 = writeresp i1 @_ssdm_op_WriteResp.m_axi.p1i512, i64 %gmem2_addr" [/tools/Xilinx/Vitis/2020.1/workspace/cvtcolour/libs/xf_opencv/L1/include/common/xf_structs.hpp:1312->/tools/Xilinx/Vitis/2020.1/workspace/cvtcolour/libs/xf_opencv/L1/include/common/xf_structs.hpp:1333]   --->   Operation 106 'writeresp' 'empty_92' <Predicate = true> <Delay = 4.86> <CoreInst = "m_axi">   --->   Core 55 'm_axi' <Latency = 6> <II = 1> <Delay = 1.00> <Adapter> <Opcode : 'read' 'write' 'readreq' 'writereq' 'writeresp'>

State 14 <SV = 11> <Delay = 4.86>
ST_14 : Operation 107 [60/68] (4.86ns)   --->   "%empty_92 = writeresp i1 @_ssdm_op_WriteResp.m_axi.p1i512, i64 %gmem2_addr" [/tools/Xilinx/Vitis/2020.1/workspace/cvtcolour/libs/xf_opencv/L1/include/common/xf_structs.hpp:1312->/tools/Xilinx/Vitis/2020.1/workspace/cvtcolour/libs/xf_opencv/L1/include/common/xf_structs.hpp:1333]   --->   Operation 107 'writeresp' 'empty_92' <Predicate = true> <Delay = 4.86> <CoreInst = "m_axi">   --->   Core 55 'm_axi' <Latency = 6> <II = 1> <Delay = 1.00> <Adapter> <Opcode : 'read' 'write' 'readreq' 'writereq' 'writeresp'>

State 15 <SV = 12> <Delay = 4.86>
ST_15 : Operation 108 [59/68] (4.86ns)   --->   "%empty_92 = writeresp i1 @_ssdm_op_WriteResp.m_axi.p1i512, i64 %gmem2_addr" [/tools/Xilinx/Vitis/2020.1/workspace/cvtcolour/libs/xf_opencv/L1/include/common/xf_structs.hpp:1312->/tools/Xilinx/Vitis/2020.1/workspace/cvtcolour/libs/xf_opencv/L1/include/common/xf_structs.hpp:1333]   --->   Operation 108 'writeresp' 'empty_92' <Predicate = true> <Delay = 4.86> <CoreInst = "m_axi">   --->   Core 55 'm_axi' <Latency = 6> <II = 1> <Delay = 1.00> <Adapter> <Opcode : 'read' 'write' 'readreq' 'writereq' 'writeresp'>

State 16 <SV = 13> <Delay = 4.86>
ST_16 : Operation 109 [58/68] (4.86ns)   --->   "%empty_92 = writeresp i1 @_ssdm_op_WriteResp.m_axi.p1i512, i64 %gmem2_addr" [/tools/Xilinx/Vitis/2020.1/workspace/cvtcolour/libs/xf_opencv/L1/include/common/xf_structs.hpp:1312->/tools/Xilinx/Vitis/2020.1/workspace/cvtcolour/libs/xf_opencv/L1/include/common/xf_structs.hpp:1333]   --->   Operation 109 'writeresp' 'empty_92' <Predicate = true> <Delay = 4.86> <CoreInst = "m_axi">   --->   Core 55 'm_axi' <Latency = 6> <II = 1> <Delay = 1.00> <Adapter> <Opcode : 'read' 'write' 'readreq' 'writereq' 'writeresp'>

State 17 <SV = 14> <Delay = 4.86>
ST_17 : Operation 110 [57/68] (4.86ns)   --->   "%empty_92 = writeresp i1 @_ssdm_op_WriteResp.m_axi.p1i512, i64 %gmem2_addr" [/tools/Xilinx/Vitis/2020.1/workspace/cvtcolour/libs/xf_opencv/L1/include/common/xf_structs.hpp:1312->/tools/Xilinx/Vitis/2020.1/workspace/cvtcolour/libs/xf_opencv/L1/include/common/xf_structs.hpp:1333]   --->   Operation 110 'writeresp' 'empty_92' <Predicate = true> <Delay = 4.86> <CoreInst = "m_axi">   --->   Core 55 'm_axi' <Latency = 6> <II = 1> <Delay = 1.00> <Adapter> <Opcode : 'read' 'write' 'readreq' 'writereq' 'writeresp'>

State 18 <SV = 15> <Delay = 4.86>
ST_18 : Operation 111 [56/68] (4.86ns)   --->   "%empty_92 = writeresp i1 @_ssdm_op_WriteResp.m_axi.p1i512, i64 %gmem2_addr" [/tools/Xilinx/Vitis/2020.1/workspace/cvtcolour/libs/xf_opencv/L1/include/common/xf_structs.hpp:1312->/tools/Xilinx/Vitis/2020.1/workspace/cvtcolour/libs/xf_opencv/L1/include/common/xf_structs.hpp:1333]   --->   Operation 111 'writeresp' 'empty_92' <Predicate = true> <Delay = 4.86> <CoreInst = "m_axi">   --->   Core 55 'm_axi' <Latency = 6> <II = 1> <Delay = 1.00> <Adapter> <Opcode : 'read' 'write' 'readreq' 'writereq' 'writeresp'>

State 19 <SV = 16> <Delay = 4.86>
ST_19 : Operation 112 [55/68] (4.86ns)   --->   "%empty_92 = writeresp i1 @_ssdm_op_WriteResp.m_axi.p1i512, i64 %gmem2_addr" [/tools/Xilinx/Vitis/2020.1/workspace/cvtcolour/libs/xf_opencv/L1/include/common/xf_structs.hpp:1312->/tools/Xilinx/Vitis/2020.1/workspace/cvtcolour/libs/xf_opencv/L1/include/common/xf_structs.hpp:1333]   --->   Operation 112 'writeresp' 'empty_92' <Predicate = true> <Delay = 4.86> <CoreInst = "m_axi">   --->   Core 55 'm_axi' <Latency = 6> <II = 1> <Delay = 1.00> <Adapter> <Opcode : 'read' 'write' 'readreq' 'writereq' 'writeresp'>

State 20 <SV = 17> <Delay = 4.86>
ST_20 : Operation 113 [54/68] (4.86ns)   --->   "%empty_92 = writeresp i1 @_ssdm_op_WriteResp.m_axi.p1i512, i64 %gmem2_addr" [/tools/Xilinx/Vitis/2020.1/workspace/cvtcolour/libs/xf_opencv/L1/include/common/xf_structs.hpp:1312->/tools/Xilinx/Vitis/2020.1/workspace/cvtcolour/libs/xf_opencv/L1/include/common/xf_structs.hpp:1333]   --->   Operation 113 'writeresp' 'empty_92' <Predicate = true> <Delay = 4.86> <CoreInst = "m_axi">   --->   Core 55 'm_axi' <Latency = 6> <II = 1> <Delay = 1.00> <Adapter> <Opcode : 'read' 'write' 'readreq' 'writereq' 'writeresp'>

State 21 <SV = 18> <Delay = 4.86>
ST_21 : Operation 114 [53/68] (4.86ns)   --->   "%empty_92 = writeresp i1 @_ssdm_op_WriteResp.m_axi.p1i512, i64 %gmem2_addr" [/tools/Xilinx/Vitis/2020.1/workspace/cvtcolour/libs/xf_opencv/L1/include/common/xf_structs.hpp:1312->/tools/Xilinx/Vitis/2020.1/workspace/cvtcolour/libs/xf_opencv/L1/include/common/xf_structs.hpp:1333]   --->   Operation 114 'writeresp' 'empty_92' <Predicate = true> <Delay = 4.86> <CoreInst = "m_axi">   --->   Core 55 'm_axi' <Latency = 6> <II = 1> <Delay = 1.00> <Adapter> <Opcode : 'read' 'write' 'readreq' 'writereq' 'writeresp'>

State 22 <SV = 19> <Delay = 4.86>
ST_22 : Operation 115 [52/68] (4.86ns)   --->   "%empty_92 = writeresp i1 @_ssdm_op_WriteResp.m_axi.p1i512, i64 %gmem2_addr" [/tools/Xilinx/Vitis/2020.1/workspace/cvtcolour/libs/xf_opencv/L1/include/common/xf_structs.hpp:1312->/tools/Xilinx/Vitis/2020.1/workspace/cvtcolour/libs/xf_opencv/L1/include/common/xf_structs.hpp:1333]   --->   Operation 115 'writeresp' 'empty_92' <Predicate = true> <Delay = 4.86> <CoreInst = "m_axi">   --->   Core 55 'm_axi' <Latency = 6> <II = 1> <Delay = 1.00> <Adapter> <Opcode : 'read' 'write' 'readreq' 'writereq' 'writeresp'>

State 23 <SV = 20> <Delay = 4.86>
ST_23 : Operation 116 [51/68] (4.86ns)   --->   "%empty_92 = writeresp i1 @_ssdm_op_WriteResp.m_axi.p1i512, i64 %gmem2_addr" [/tools/Xilinx/Vitis/2020.1/workspace/cvtcolour/libs/xf_opencv/L1/include/common/xf_structs.hpp:1312->/tools/Xilinx/Vitis/2020.1/workspace/cvtcolour/libs/xf_opencv/L1/include/common/xf_structs.hpp:1333]   --->   Operation 116 'writeresp' 'empty_92' <Predicate = true> <Delay = 4.86> <CoreInst = "m_axi">   --->   Core 55 'm_axi' <Latency = 6> <II = 1> <Delay = 1.00> <Adapter> <Opcode : 'read' 'write' 'readreq' 'writereq' 'writeresp'>

State 24 <SV = 21> <Delay = 4.86>
ST_24 : Operation 117 [50/68] (4.86ns)   --->   "%empty_92 = writeresp i1 @_ssdm_op_WriteResp.m_axi.p1i512, i64 %gmem2_addr" [/tools/Xilinx/Vitis/2020.1/workspace/cvtcolour/libs/xf_opencv/L1/include/common/xf_structs.hpp:1312->/tools/Xilinx/Vitis/2020.1/workspace/cvtcolour/libs/xf_opencv/L1/include/common/xf_structs.hpp:1333]   --->   Operation 117 'writeresp' 'empty_92' <Predicate = true> <Delay = 4.86> <CoreInst = "m_axi">   --->   Core 55 'm_axi' <Latency = 6> <II = 1> <Delay = 1.00> <Adapter> <Opcode : 'read' 'write' 'readreq' 'writereq' 'writeresp'>

State 25 <SV = 22> <Delay = 4.86>
ST_25 : Operation 118 [49/68] (4.86ns)   --->   "%empty_92 = writeresp i1 @_ssdm_op_WriteResp.m_axi.p1i512, i64 %gmem2_addr" [/tools/Xilinx/Vitis/2020.1/workspace/cvtcolour/libs/xf_opencv/L1/include/common/xf_structs.hpp:1312->/tools/Xilinx/Vitis/2020.1/workspace/cvtcolour/libs/xf_opencv/L1/include/common/xf_structs.hpp:1333]   --->   Operation 118 'writeresp' 'empty_92' <Predicate = true> <Delay = 4.86> <CoreInst = "m_axi">   --->   Core 55 'm_axi' <Latency = 6> <II = 1> <Delay = 1.00> <Adapter> <Opcode : 'read' 'write' 'readreq' 'writereq' 'writeresp'>

State 26 <SV = 23> <Delay = 4.86>
ST_26 : Operation 119 [48/68] (4.86ns)   --->   "%empty_92 = writeresp i1 @_ssdm_op_WriteResp.m_axi.p1i512, i64 %gmem2_addr" [/tools/Xilinx/Vitis/2020.1/workspace/cvtcolour/libs/xf_opencv/L1/include/common/xf_structs.hpp:1312->/tools/Xilinx/Vitis/2020.1/workspace/cvtcolour/libs/xf_opencv/L1/include/common/xf_structs.hpp:1333]   --->   Operation 119 'writeresp' 'empty_92' <Predicate = true> <Delay = 4.86> <CoreInst = "m_axi">   --->   Core 55 'm_axi' <Latency = 6> <II = 1> <Delay = 1.00> <Adapter> <Opcode : 'read' 'write' 'readreq' 'writereq' 'writeresp'>

State 27 <SV = 24> <Delay = 4.86>
ST_27 : Operation 120 [47/68] (4.86ns)   --->   "%empty_92 = writeresp i1 @_ssdm_op_WriteResp.m_axi.p1i512, i64 %gmem2_addr" [/tools/Xilinx/Vitis/2020.1/workspace/cvtcolour/libs/xf_opencv/L1/include/common/xf_structs.hpp:1312->/tools/Xilinx/Vitis/2020.1/workspace/cvtcolour/libs/xf_opencv/L1/include/common/xf_structs.hpp:1333]   --->   Operation 120 'writeresp' 'empty_92' <Predicate = true> <Delay = 4.86> <CoreInst = "m_axi">   --->   Core 55 'm_axi' <Latency = 6> <II = 1> <Delay = 1.00> <Adapter> <Opcode : 'read' 'write' 'readreq' 'writereq' 'writeresp'>

State 28 <SV = 25> <Delay = 4.86>
ST_28 : Operation 121 [46/68] (4.86ns)   --->   "%empty_92 = writeresp i1 @_ssdm_op_WriteResp.m_axi.p1i512, i64 %gmem2_addr" [/tools/Xilinx/Vitis/2020.1/workspace/cvtcolour/libs/xf_opencv/L1/include/common/xf_structs.hpp:1312->/tools/Xilinx/Vitis/2020.1/workspace/cvtcolour/libs/xf_opencv/L1/include/common/xf_structs.hpp:1333]   --->   Operation 121 'writeresp' 'empty_92' <Predicate = true> <Delay = 4.86> <CoreInst = "m_axi">   --->   Core 55 'm_axi' <Latency = 6> <II = 1> <Delay = 1.00> <Adapter> <Opcode : 'read' 'write' 'readreq' 'writereq' 'writeresp'>

State 29 <SV = 26> <Delay = 4.86>
ST_29 : Operation 122 [45/68] (4.86ns)   --->   "%empty_92 = writeresp i1 @_ssdm_op_WriteResp.m_axi.p1i512, i64 %gmem2_addr" [/tools/Xilinx/Vitis/2020.1/workspace/cvtcolour/libs/xf_opencv/L1/include/common/xf_structs.hpp:1312->/tools/Xilinx/Vitis/2020.1/workspace/cvtcolour/libs/xf_opencv/L1/include/common/xf_structs.hpp:1333]   --->   Operation 122 'writeresp' 'empty_92' <Predicate = true> <Delay = 4.86> <CoreInst = "m_axi">   --->   Core 55 'm_axi' <Latency = 6> <II = 1> <Delay = 1.00> <Adapter> <Opcode : 'read' 'write' 'readreq' 'writereq' 'writeresp'>

State 30 <SV = 27> <Delay = 4.86>
ST_30 : Operation 123 [44/68] (4.86ns)   --->   "%empty_92 = writeresp i1 @_ssdm_op_WriteResp.m_axi.p1i512, i64 %gmem2_addr" [/tools/Xilinx/Vitis/2020.1/workspace/cvtcolour/libs/xf_opencv/L1/include/common/xf_structs.hpp:1312->/tools/Xilinx/Vitis/2020.1/workspace/cvtcolour/libs/xf_opencv/L1/include/common/xf_structs.hpp:1333]   --->   Operation 123 'writeresp' 'empty_92' <Predicate = true> <Delay = 4.86> <CoreInst = "m_axi">   --->   Core 55 'm_axi' <Latency = 6> <II = 1> <Delay = 1.00> <Adapter> <Opcode : 'read' 'write' 'readreq' 'writereq' 'writeresp'>

State 31 <SV = 28> <Delay = 4.86>
ST_31 : Operation 124 [43/68] (4.86ns)   --->   "%empty_92 = writeresp i1 @_ssdm_op_WriteResp.m_axi.p1i512, i64 %gmem2_addr" [/tools/Xilinx/Vitis/2020.1/workspace/cvtcolour/libs/xf_opencv/L1/include/common/xf_structs.hpp:1312->/tools/Xilinx/Vitis/2020.1/workspace/cvtcolour/libs/xf_opencv/L1/include/common/xf_structs.hpp:1333]   --->   Operation 124 'writeresp' 'empty_92' <Predicate = true> <Delay = 4.86> <CoreInst = "m_axi">   --->   Core 55 'm_axi' <Latency = 6> <II = 1> <Delay = 1.00> <Adapter> <Opcode : 'read' 'write' 'readreq' 'writereq' 'writeresp'>

State 32 <SV = 29> <Delay = 4.86>
ST_32 : Operation 125 [42/68] (4.86ns)   --->   "%empty_92 = writeresp i1 @_ssdm_op_WriteResp.m_axi.p1i512, i64 %gmem2_addr" [/tools/Xilinx/Vitis/2020.1/workspace/cvtcolour/libs/xf_opencv/L1/include/common/xf_structs.hpp:1312->/tools/Xilinx/Vitis/2020.1/workspace/cvtcolour/libs/xf_opencv/L1/include/common/xf_structs.hpp:1333]   --->   Operation 125 'writeresp' 'empty_92' <Predicate = true> <Delay = 4.86> <CoreInst = "m_axi">   --->   Core 55 'm_axi' <Latency = 6> <II = 1> <Delay = 1.00> <Adapter> <Opcode : 'read' 'write' 'readreq' 'writereq' 'writeresp'>

State 33 <SV = 30> <Delay = 4.86>
ST_33 : Operation 126 [41/68] (4.86ns)   --->   "%empty_92 = writeresp i1 @_ssdm_op_WriteResp.m_axi.p1i512, i64 %gmem2_addr" [/tools/Xilinx/Vitis/2020.1/workspace/cvtcolour/libs/xf_opencv/L1/include/common/xf_structs.hpp:1312->/tools/Xilinx/Vitis/2020.1/workspace/cvtcolour/libs/xf_opencv/L1/include/common/xf_structs.hpp:1333]   --->   Operation 126 'writeresp' 'empty_92' <Predicate = true> <Delay = 4.86> <CoreInst = "m_axi">   --->   Core 55 'm_axi' <Latency = 6> <II = 1> <Delay = 1.00> <Adapter> <Opcode : 'read' 'write' 'readreq' 'writereq' 'writeresp'>

State 34 <SV = 31> <Delay = 4.86>
ST_34 : Operation 127 [40/68] (4.86ns)   --->   "%empty_92 = writeresp i1 @_ssdm_op_WriteResp.m_axi.p1i512, i64 %gmem2_addr" [/tools/Xilinx/Vitis/2020.1/workspace/cvtcolour/libs/xf_opencv/L1/include/common/xf_structs.hpp:1312->/tools/Xilinx/Vitis/2020.1/workspace/cvtcolour/libs/xf_opencv/L1/include/common/xf_structs.hpp:1333]   --->   Operation 127 'writeresp' 'empty_92' <Predicate = true> <Delay = 4.86> <CoreInst = "m_axi">   --->   Core 55 'm_axi' <Latency = 6> <II = 1> <Delay = 1.00> <Adapter> <Opcode : 'read' 'write' 'readreq' 'writereq' 'writeresp'>

State 35 <SV = 32> <Delay = 4.86>
ST_35 : Operation 128 [39/68] (4.86ns)   --->   "%empty_92 = writeresp i1 @_ssdm_op_WriteResp.m_axi.p1i512, i64 %gmem2_addr" [/tools/Xilinx/Vitis/2020.1/workspace/cvtcolour/libs/xf_opencv/L1/include/common/xf_structs.hpp:1312->/tools/Xilinx/Vitis/2020.1/workspace/cvtcolour/libs/xf_opencv/L1/include/common/xf_structs.hpp:1333]   --->   Operation 128 'writeresp' 'empty_92' <Predicate = true> <Delay = 4.86> <CoreInst = "m_axi">   --->   Core 55 'm_axi' <Latency = 6> <II = 1> <Delay = 1.00> <Adapter> <Opcode : 'read' 'write' 'readreq' 'writereq' 'writeresp'>

State 36 <SV = 33> <Delay = 4.86>
ST_36 : Operation 129 [38/68] (4.86ns)   --->   "%empty_92 = writeresp i1 @_ssdm_op_WriteResp.m_axi.p1i512, i64 %gmem2_addr" [/tools/Xilinx/Vitis/2020.1/workspace/cvtcolour/libs/xf_opencv/L1/include/common/xf_structs.hpp:1312->/tools/Xilinx/Vitis/2020.1/workspace/cvtcolour/libs/xf_opencv/L1/include/common/xf_structs.hpp:1333]   --->   Operation 129 'writeresp' 'empty_92' <Predicate = true> <Delay = 4.86> <CoreInst = "m_axi">   --->   Core 55 'm_axi' <Latency = 6> <II = 1> <Delay = 1.00> <Adapter> <Opcode : 'read' 'write' 'readreq' 'writereq' 'writeresp'>

State 37 <SV = 34> <Delay = 4.86>
ST_37 : Operation 130 [37/68] (4.86ns)   --->   "%empty_92 = writeresp i1 @_ssdm_op_WriteResp.m_axi.p1i512, i64 %gmem2_addr" [/tools/Xilinx/Vitis/2020.1/workspace/cvtcolour/libs/xf_opencv/L1/include/common/xf_structs.hpp:1312->/tools/Xilinx/Vitis/2020.1/workspace/cvtcolour/libs/xf_opencv/L1/include/common/xf_structs.hpp:1333]   --->   Operation 130 'writeresp' 'empty_92' <Predicate = true> <Delay = 4.86> <CoreInst = "m_axi">   --->   Core 55 'm_axi' <Latency = 6> <II = 1> <Delay = 1.00> <Adapter> <Opcode : 'read' 'write' 'readreq' 'writereq' 'writeresp'>

State 38 <SV = 35> <Delay = 4.86>
ST_38 : Operation 131 [36/68] (4.86ns)   --->   "%empty_92 = writeresp i1 @_ssdm_op_WriteResp.m_axi.p1i512, i64 %gmem2_addr" [/tools/Xilinx/Vitis/2020.1/workspace/cvtcolour/libs/xf_opencv/L1/include/common/xf_structs.hpp:1312->/tools/Xilinx/Vitis/2020.1/workspace/cvtcolour/libs/xf_opencv/L1/include/common/xf_structs.hpp:1333]   --->   Operation 131 'writeresp' 'empty_92' <Predicate = true> <Delay = 4.86> <CoreInst = "m_axi">   --->   Core 55 'm_axi' <Latency = 6> <II = 1> <Delay = 1.00> <Adapter> <Opcode : 'read' 'write' 'readreq' 'writereq' 'writeresp'>

State 39 <SV = 36> <Delay = 4.86>
ST_39 : Operation 132 [35/68] (4.86ns)   --->   "%empty_92 = writeresp i1 @_ssdm_op_WriteResp.m_axi.p1i512, i64 %gmem2_addr" [/tools/Xilinx/Vitis/2020.1/workspace/cvtcolour/libs/xf_opencv/L1/include/common/xf_structs.hpp:1312->/tools/Xilinx/Vitis/2020.1/workspace/cvtcolour/libs/xf_opencv/L1/include/common/xf_structs.hpp:1333]   --->   Operation 132 'writeresp' 'empty_92' <Predicate = true> <Delay = 4.86> <CoreInst = "m_axi">   --->   Core 55 'm_axi' <Latency = 6> <II = 1> <Delay = 1.00> <Adapter> <Opcode : 'read' 'write' 'readreq' 'writereq' 'writeresp'>

State 40 <SV = 37> <Delay = 4.86>
ST_40 : Operation 133 [34/68] (4.86ns)   --->   "%empty_92 = writeresp i1 @_ssdm_op_WriteResp.m_axi.p1i512, i64 %gmem2_addr" [/tools/Xilinx/Vitis/2020.1/workspace/cvtcolour/libs/xf_opencv/L1/include/common/xf_structs.hpp:1312->/tools/Xilinx/Vitis/2020.1/workspace/cvtcolour/libs/xf_opencv/L1/include/common/xf_structs.hpp:1333]   --->   Operation 133 'writeresp' 'empty_92' <Predicate = true> <Delay = 4.86> <CoreInst = "m_axi">   --->   Core 55 'm_axi' <Latency = 6> <II = 1> <Delay = 1.00> <Adapter> <Opcode : 'read' 'write' 'readreq' 'writereq' 'writeresp'>

State 41 <SV = 38> <Delay = 4.86>
ST_41 : Operation 134 [33/68] (4.86ns)   --->   "%empty_92 = writeresp i1 @_ssdm_op_WriteResp.m_axi.p1i512, i64 %gmem2_addr" [/tools/Xilinx/Vitis/2020.1/workspace/cvtcolour/libs/xf_opencv/L1/include/common/xf_structs.hpp:1312->/tools/Xilinx/Vitis/2020.1/workspace/cvtcolour/libs/xf_opencv/L1/include/common/xf_structs.hpp:1333]   --->   Operation 134 'writeresp' 'empty_92' <Predicate = true> <Delay = 4.86> <CoreInst = "m_axi">   --->   Core 55 'm_axi' <Latency = 6> <II = 1> <Delay = 1.00> <Adapter> <Opcode : 'read' 'write' 'readreq' 'writereq' 'writeresp'>

State 42 <SV = 39> <Delay = 4.86>
ST_42 : Operation 135 [32/68] (4.86ns)   --->   "%empty_92 = writeresp i1 @_ssdm_op_WriteResp.m_axi.p1i512, i64 %gmem2_addr" [/tools/Xilinx/Vitis/2020.1/workspace/cvtcolour/libs/xf_opencv/L1/include/common/xf_structs.hpp:1312->/tools/Xilinx/Vitis/2020.1/workspace/cvtcolour/libs/xf_opencv/L1/include/common/xf_structs.hpp:1333]   --->   Operation 135 'writeresp' 'empty_92' <Predicate = true> <Delay = 4.86> <CoreInst = "m_axi">   --->   Core 55 'm_axi' <Latency = 6> <II = 1> <Delay = 1.00> <Adapter> <Opcode : 'read' 'write' 'readreq' 'writereq' 'writeresp'>

State 43 <SV = 40> <Delay = 4.86>
ST_43 : Operation 136 [31/68] (4.86ns)   --->   "%empty_92 = writeresp i1 @_ssdm_op_WriteResp.m_axi.p1i512, i64 %gmem2_addr" [/tools/Xilinx/Vitis/2020.1/workspace/cvtcolour/libs/xf_opencv/L1/include/common/xf_structs.hpp:1312->/tools/Xilinx/Vitis/2020.1/workspace/cvtcolour/libs/xf_opencv/L1/include/common/xf_structs.hpp:1333]   --->   Operation 136 'writeresp' 'empty_92' <Predicate = true> <Delay = 4.86> <CoreInst = "m_axi">   --->   Core 55 'm_axi' <Latency = 6> <II = 1> <Delay = 1.00> <Adapter> <Opcode : 'read' 'write' 'readreq' 'writereq' 'writeresp'>

State 44 <SV = 41> <Delay = 4.86>
ST_44 : Operation 137 [30/68] (4.86ns)   --->   "%empty_92 = writeresp i1 @_ssdm_op_WriteResp.m_axi.p1i512, i64 %gmem2_addr" [/tools/Xilinx/Vitis/2020.1/workspace/cvtcolour/libs/xf_opencv/L1/include/common/xf_structs.hpp:1312->/tools/Xilinx/Vitis/2020.1/workspace/cvtcolour/libs/xf_opencv/L1/include/common/xf_structs.hpp:1333]   --->   Operation 137 'writeresp' 'empty_92' <Predicate = true> <Delay = 4.86> <CoreInst = "m_axi">   --->   Core 55 'm_axi' <Latency = 6> <II = 1> <Delay = 1.00> <Adapter> <Opcode : 'read' 'write' 'readreq' 'writereq' 'writeresp'>

State 45 <SV = 42> <Delay = 4.86>
ST_45 : Operation 138 [29/68] (4.86ns)   --->   "%empty_92 = writeresp i1 @_ssdm_op_WriteResp.m_axi.p1i512, i64 %gmem2_addr" [/tools/Xilinx/Vitis/2020.1/workspace/cvtcolour/libs/xf_opencv/L1/include/common/xf_structs.hpp:1312->/tools/Xilinx/Vitis/2020.1/workspace/cvtcolour/libs/xf_opencv/L1/include/common/xf_structs.hpp:1333]   --->   Operation 138 'writeresp' 'empty_92' <Predicate = true> <Delay = 4.86> <CoreInst = "m_axi">   --->   Core 55 'm_axi' <Latency = 6> <II = 1> <Delay = 1.00> <Adapter> <Opcode : 'read' 'write' 'readreq' 'writereq' 'writeresp'>

State 46 <SV = 43> <Delay = 4.86>
ST_46 : Operation 139 [28/68] (4.86ns)   --->   "%empty_92 = writeresp i1 @_ssdm_op_WriteResp.m_axi.p1i512, i64 %gmem2_addr" [/tools/Xilinx/Vitis/2020.1/workspace/cvtcolour/libs/xf_opencv/L1/include/common/xf_structs.hpp:1312->/tools/Xilinx/Vitis/2020.1/workspace/cvtcolour/libs/xf_opencv/L1/include/common/xf_structs.hpp:1333]   --->   Operation 139 'writeresp' 'empty_92' <Predicate = true> <Delay = 4.86> <CoreInst = "m_axi">   --->   Core 55 'm_axi' <Latency = 6> <II = 1> <Delay = 1.00> <Adapter> <Opcode : 'read' 'write' 'readreq' 'writereq' 'writeresp'>

State 47 <SV = 44> <Delay = 4.86>
ST_47 : Operation 140 [27/68] (4.86ns)   --->   "%empty_92 = writeresp i1 @_ssdm_op_WriteResp.m_axi.p1i512, i64 %gmem2_addr" [/tools/Xilinx/Vitis/2020.1/workspace/cvtcolour/libs/xf_opencv/L1/include/common/xf_structs.hpp:1312->/tools/Xilinx/Vitis/2020.1/workspace/cvtcolour/libs/xf_opencv/L1/include/common/xf_structs.hpp:1333]   --->   Operation 140 'writeresp' 'empty_92' <Predicate = true> <Delay = 4.86> <CoreInst = "m_axi">   --->   Core 55 'm_axi' <Latency = 6> <II = 1> <Delay = 1.00> <Adapter> <Opcode : 'read' 'write' 'readreq' 'writereq' 'writeresp'>

State 48 <SV = 45> <Delay = 4.86>
ST_48 : Operation 141 [26/68] (4.86ns)   --->   "%empty_92 = writeresp i1 @_ssdm_op_WriteResp.m_axi.p1i512, i64 %gmem2_addr" [/tools/Xilinx/Vitis/2020.1/workspace/cvtcolour/libs/xf_opencv/L1/include/common/xf_structs.hpp:1312->/tools/Xilinx/Vitis/2020.1/workspace/cvtcolour/libs/xf_opencv/L1/include/common/xf_structs.hpp:1333]   --->   Operation 141 'writeresp' 'empty_92' <Predicate = true> <Delay = 4.86> <CoreInst = "m_axi">   --->   Core 55 'm_axi' <Latency = 6> <II = 1> <Delay = 1.00> <Adapter> <Opcode : 'read' 'write' 'readreq' 'writereq' 'writeresp'>

State 49 <SV = 46> <Delay = 4.86>
ST_49 : Operation 142 [25/68] (4.86ns)   --->   "%empty_92 = writeresp i1 @_ssdm_op_WriteResp.m_axi.p1i512, i64 %gmem2_addr" [/tools/Xilinx/Vitis/2020.1/workspace/cvtcolour/libs/xf_opencv/L1/include/common/xf_structs.hpp:1312->/tools/Xilinx/Vitis/2020.1/workspace/cvtcolour/libs/xf_opencv/L1/include/common/xf_structs.hpp:1333]   --->   Operation 142 'writeresp' 'empty_92' <Predicate = true> <Delay = 4.86> <CoreInst = "m_axi">   --->   Core 55 'm_axi' <Latency = 6> <II = 1> <Delay = 1.00> <Adapter> <Opcode : 'read' 'write' 'readreq' 'writereq' 'writeresp'>

State 50 <SV = 47> <Delay = 4.86>
ST_50 : Operation 143 [24/68] (4.86ns)   --->   "%empty_92 = writeresp i1 @_ssdm_op_WriteResp.m_axi.p1i512, i64 %gmem2_addr" [/tools/Xilinx/Vitis/2020.1/workspace/cvtcolour/libs/xf_opencv/L1/include/common/xf_structs.hpp:1312->/tools/Xilinx/Vitis/2020.1/workspace/cvtcolour/libs/xf_opencv/L1/include/common/xf_structs.hpp:1333]   --->   Operation 143 'writeresp' 'empty_92' <Predicate = true> <Delay = 4.86> <CoreInst = "m_axi">   --->   Core 55 'm_axi' <Latency = 6> <II = 1> <Delay = 1.00> <Adapter> <Opcode : 'read' 'write' 'readreq' 'writereq' 'writeresp'>

State 51 <SV = 48> <Delay = 4.86>
ST_51 : Operation 144 [23/68] (4.86ns)   --->   "%empty_92 = writeresp i1 @_ssdm_op_WriteResp.m_axi.p1i512, i64 %gmem2_addr" [/tools/Xilinx/Vitis/2020.1/workspace/cvtcolour/libs/xf_opencv/L1/include/common/xf_structs.hpp:1312->/tools/Xilinx/Vitis/2020.1/workspace/cvtcolour/libs/xf_opencv/L1/include/common/xf_structs.hpp:1333]   --->   Operation 144 'writeresp' 'empty_92' <Predicate = true> <Delay = 4.86> <CoreInst = "m_axi">   --->   Core 55 'm_axi' <Latency = 6> <II = 1> <Delay = 1.00> <Adapter> <Opcode : 'read' 'write' 'readreq' 'writereq' 'writeresp'>

State 52 <SV = 49> <Delay = 4.86>
ST_52 : Operation 145 [22/68] (4.86ns)   --->   "%empty_92 = writeresp i1 @_ssdm_op_WriteResp.m_axi.p1i512, i64 %gmem2_addr" [/tools/Xilinx/Vitis/2020.1/workspace/cvtcolour/libs/xf_opencv/L1/include/common/xf_structs.hpp:1312->/tools/Xilinx/Vitis/2020.1/workspace/cvtcolour/libs/xf_opencv/L1/include/common/xf_structs.hpp:1333]   --->   Operation 145 'writeresp' 'empty_92' <Predicate = true> <Delay = 4.86> <CoreInst = "m_axi">   --->   Core 55 'm_axi' <Latency = 6> <II = 1> <Delay = 1.00> <Adapter> <Opcode : 'read' 'write' 'readreq' 'writereq' 'writeresp'>

State 53 <SV = 50> <Delay = 4.86>
ST_53 : Operation 146 [21/68] (4.86ns)   --->   "%empty_92 = writeresp i1 @_ssdm_op_WriteResp.m_axi.p1i512, i64 %gmem2_addr" [/tools/Xilinx/Vitis/2020.1/workspace/cvtcolour/libs/xf_opencv/L1/include/common/xf_structs.hpp:1312->/tools/Xilinx/Vitis/2020.1/workspace/cvtcolour/libs/xf_opencv/L1/include/common/xf_structs.hpp:1333]   --->   Operation 146 'writeresp' 'empty_92' <Predicate = true> <Delay = 4.86> <CoreInst = "m_axi">   --->   Core 55 'm_axi' <Latency = 6> <II = 1> <Delay = 1.00> <Adapter> <Opcode : 'read' 'write' 'readreq' 'writereq' 'writeresp'>

State 54 <SV = 51> <Delay = 4.86>
ST_54 : Operation 147 [20/68] (4.86ns)   --->   "%empty_92 = writeresp i1 @_ssdm_op_WriteResp.m_axi.p1i512, i64 %gmem2_addr" [/tools/Xilinx/Vitis/2020.1/workspace/cvtcolour/libs/xf_opencv/L1/include/common/xf_structs.hpp:1312->/tools/Xilinx/Vitis/2020.1/workspace/cvtcolour/libs/xf_opencv/L1/include/common/xf_structs.hpp:1333]   --->   Operation 147 'writeresp' 'empty_92' <Predicate = true> <Delay = 4.86> <CoreInst = "m_axi">   --->   Core 55 'm_axi' <Latency = 6> <II = 1> <Delay = 1.00> <Adapter> <Opcode : 'read' 'write' 'readreq' 'writereq' 'writeresp'>

State 55 <SV = 52> <Delay = 4.86>
ST_55 : Operation 148 [19/68] (4.86ns)   --->   "%empty_92 = writeresp i1 @_ssdm_op_WriteResp.m_axi.p1i512, i64 %gmem2_addr" [/tools/Xilinx/Vitis/2020.1/workspace/cvtcolour/libs/xf_opencv/L1/include/common/xf_structs.hpp:1312->/tools/Xilinx/Vitis/2020.1/workspace/cvtcolour/libs/xf_opencv/L1/include/common/xf_structs.hpp:1333]   --->   Operation 148 'writeresp' 'empty_92' <Predicate = true> <Delay = 4.86> <CoreInst = "m_axi">   --->   Core 55 'm_axi' <Latency = 6> <II = 1> <Delay = 1.00> <Adapter> <Opcode : 'read' 'write' 'readreq' 'writereq' 'writeresp'>

State 56 <SV = 53> <Delay = 4.86>
ST_56 : Operation 149 [18/68] (4.86ns)   --->   "%empty_92 = writeresp i1 @_ssdm_op_WriteResp.m_axi.p1i512, i64 %gmem2_addr" [/tools/Xilinx/Vitis/2020.1/workspace/cvtcolour/libs/xf_opencv/L1/include/common/xf_structs.hpp:1312->/tools/Xilinx/Vitis/2020.1/workspace/cvtcolour/libs/xf_opencv/L1/include/common/xf_structs.hpp:1333]   --->   Operation 149 'writeresp' 'empty_92' <Predicate = true> <Delay = 4.86> <CoreInst = "m_axi">   --->   Core 55 'm_axi' <Latency = 6> <II = 1> <Delay = 1.00> <Adapter> <Opcode : 'read' 'write' 'readreq' 'writereq' 'writeresp'>

State 57 <SV = 54> <Delay = 4.86>
ST_57 : Operation 150 [17/68] (4.86ns)   --->   "%empty_92 = writeresp i1 @_ssdm_op_WriteResp.m_axi.p1i512, i64 %gmem2_addr" [/tools/Xilinx/Vitis/2020.1/workspace/cvtcolour/libs/xf_opencv/L1/include/common/xf_structs.hpp:1312->/tools/Xilinx/Vitis/2020.1/workspace/cvtcolour/libs/xf_opencv/L1/include/common/xf_structs.hpp:1333]   --->   Operation 150 'writeresp' 'empty_92' <Predicate = true> <Delay = 4.86> <CoreInst = "m_axi">   --->   Core 55 'm_axi' <Latency = 6> <II = 1> <Delay = 1.00> <Adapter> <Opcode : 'read' 'write' 'readreq' 'writereq' 'writeresp'>

State 58 <SV = 55> <Delay = 4.86>
ST_58 : Operation 151 [16/68] (4.86ns)   --->   "%empty_92 = writeresp i1 @_ssdm_op_WriteResp.m_axi.p1i512, i64 %gmem2_addr" [/tools/Xilinx/Vitis/2020.1/workspace/cvtcolour/libs/xf_opencv/L1/include/common/xf_structs.hpp:1312->/tools/Xilinx/Vitis/2020.1/workspace/cvtcolour/libs/xf_opencv/L1/include/common/xf_structs.hpp:1333]   --->   Operation 151 'writeresp' 'empty_92' <Predicate = true> <Delay = 4.86> <CoreInst = "m_axi">   --->   Core 55 'm_axi' <Latency = 6> <II = 1> <Delay = 1.00> <Adapter> <Opcode : 'read' 'write' 'readreq' 'writereq' 'writeresp'>

State 59 <SV = 56> <Delay = 4.86>
ST_59 : Operation 152 [15/68] (4.86ns)   --->   "%empty_92 = writeresp i1 @_ssdm_op_WriteResp.m_axi.p1i512, i64 %gmem2_addr" [/tools/Xilinx/Vitis/2020.1/workspace/cvtcolour/libs/xf_opencv/L1/include/common/xf_structs.hpp:1312->/tools/Xilinx/Vitis/2020.1/workspace/cvtcolour/libs/xf_opencv/L1/include/common/xf_structs.hpp:1333]   --->   Operation 152 'writeresp' 'empty_92' <Predicate = true> <Delay = 4.86> <CoreInst = "m_axi">   --->   Core 55 'm_axi' <Latency = 6> <II = 1> <Delay = 1.00> <Adapter> <Opcode : 'read' 'write' 'readreq' 'writereq' 'writeresp'>

State 60 <SV = 57> <Delay = 4.86>
ST_60 : Operation 153 [14/68] (4.86ns)   --->   "%empty_92 = writeresp i1 @_ssdm_op_WriteResp.m_axi.p1i512, i64 %gmem2_addr" [/tools/Xilinx/Vitis/2020.1/workspace/cvtcolour/libs/xf_opencv/L1/include/common/xf_structs.hpp:1312->/tools/Xilinx/Vitis/2020.1/workspace/cvtcolour/libs/xf_opencv/L1/include/common/xf_structs.hpp:1333]   --->   Operation 153 'writeresp' 'empty_92' <Predicate = true> <Delay = 4.86> <CoreInst = "m_axi">   --->   Core 55 'm_axi' <Latency = 6> <II = 1> <Delay = 1.00> <Adapter> <Opcode : 'read' 'write' 'readreq' 'writereq' 'writeresp'>

State 61 <SV = 58> <Delay = 4.86>
ST_61 : Operation 154 [13/68] (4.86ns)   --->   "%empty_92 = writeresp i1 @_ssdm_op_WriteResp.m_axi.p1i512, i64 %gmem2_addr" [/tools/Xilinx/Vitis/2020.1/workspace/cvtcolour/libs/xf_opencv/L1/include/common/xf_structs.hpp:1312->/tools/Xilinx/Vitis/2020.1/workspace/cvtcolour/libs/xf_opencv/L1/include/common/xf_structs.hpp:1333]   --->   Operation 154 'writeresp' 'empty_92' <Predicate = true> <Delay = 4.86> <CoreInst = "m_axi">   --->   Core 55 'm_axi' <Latency = 6> <II = 1> <Delay = 1.00> <Adapter> <Opcode : 'read' 'write' 'readreq' 'writereq' 'writeresp'>

State 62 <SV = 59> <Delay = 4.86>
ST_62 : Operation 155 [12/68] (4.86ns)   --->   "%empty_92 = writeresp i1 @_ssdm_op_WriteResp.m_axi.p1i512, i64 %gmem2_addr" [/tools/Xilinx/Vitis/2020.1/workspace/cvtcolour/libs/xf_opencv/L1/include/common/xf_structs.hpp:1312->/tools/Xilinx/Vitis/2020.1/workspace/cvtcolour/libs/xf_opencv/L1/include/common/xf_structs.hpp:1333]   --->   Operation 155 'writeresp' 'empty_92' <Predicate = true> <Delay = 4.86> <CoreInst = "m_axi">   --->   Core 55 'm_axi' <Latency = 6> <II = 1> <Delay = 1.00> <Adapter> <Opcode : 'read' 'write' 'readreq' 'writereq' 'writeresp'>

State 63 <SV = 60> <Delay = 4.86>
ST_63 : Operation 156 [11/68] (4.86ns)   --->   "%empty_92 = writeresp i1 @_ssdm_op_WriteResp.m_axi.p1i512, i64 %gmem2_addr" [/tools/Xilinx/Vitis/2020.1/workspace/cvtcolour/libs/xf_opencv/L1/include/common/xf_structs.hpp:1312->/tools/Xilinx/Vitis/2020.1/workspace/cvtcolour/libs/xf_opencv/L1/include/common/xf_structs.hpp:1333]   --->   Operation 156 'writeresp' 'empty_92' <Predicate = true> <Delay = 4.86> <CoreInst = "m_axi">   --->   Core 55 'm_axi' <Latency = 6> <II = 1> <Delay = 1.00> <Adapter> <Opcode : 'read' 'write' 'readreq' 'writereq' 'writeresp'>

State 64 <SV = 61> <Delay = 4.86>
ST_64 : Operation 157 [10/68] (4.86ns)   --->   "%empty_92 = writeresp i1 @_ssdm_op_WriteResp.m_axi.p1i512, i64 %gmem2_addr" [/tools/Xilinx/Vitis/2020.1/workspace/cvtcolour/libs/xf_opencv/L1/include/common/xf_structs.hpp:1312->/tools/Xilinx/Vitis/2020.1/workspace/cvtcolour/libs/xf_opencv/L1/include/common/xf_structs.hpp:1333]   --->   Operation 157 'writeresp' 'empty_92' <Predicate = true> <Delay = 4.86> <CoreInst = "m_axi">   --->   Core 55 'm_axi' <Latency = 6> <II = 1> <Delay = 1.00> <Adapter> <Opcode : 'read' 'write' 'readreq' 'writereq' 'writeresp'>

State 65 <SV = 62> <Delay = 4.86>
ST_65 : Operation 158 [9/68] (4.86ns)   --->   "%empty_92 = writeresp i1 @_ssdm_op_WriteResp.m_axi.p1i512, i64 %gmem2_addr" [/tools/Xilinx/Vitis/2020.1/workspace/cvtcolour/libs/xf_opencv/L1/include/common/xf_structs.hpp:1312->/tools/Xilinx/Vitis/2020.1/workspace/cvtcolour/libs/xf_opencv/L1/include/common/xf_structs.hpp:1333]   --->   Operation 158 'writeresp' 'empty_92' <Predicate = true> <Delay = 4.86> <CoreInst = "m_axi">   --->   Core 55 'm_axi' <Latency = 6> <II = 1> <Delay = 1.00> <Adapter> <Opcode : 'read' 'write' 'readreq' 'writereq' 'writeresp'>

State 66 <SV = 63> <Delay = 4.86>
ST_66 : Operation 159 [8/68] (4.86ns)   --->   "%empty_92 = writeresp i1 @_ssdm_op_WriteResp.m_axi.p1i512, i64 %gmem2_addr" [/tools/Xilinx/Vitis/2020.1/workspace/cvtcolour/libs/xf_opencv/L1/include/common/xf_structs.hpp:1312->/tools/Xilinx/Vitis/2020.1/workspace/cvtcolour/libs/xf_opencv/L1/include/common/xf_structs.hpp:1333]   --->   Operation 159 'writeresp' 'empty_92' <Predicate = true> <Delay = 4.86> <CoreInst = "m_axi">   --->   Core 55 'm_axi' <Latency = 6> <II = 1> <Delay = 1.00> <Adapter> <Opcode : 'read' 'write' 'readreq' 'writereq' 'writeresp'>

State 67 <SV = 64> <Delay = 4.86>
ST_67 : Operation 160 [7/68] (4.86ns)   --->   "%empty_92 = writeresp i1 @_ssdm_op_WriteResp.m_axi.p1i512, i64 %gmem2_addr" [/tools/Xilinx/Vitis/2020.1/workspace/cvtcolour/libs/xf_opencv/L1/include/common/xf_structs.hpp:1312->/tools/Xilinx/Vitis/2020.1/workspace/cvtcolour/libs/xf_opencv/L1/include/common/xf_structs.hpp:1333]   --->   Operation 160 'writeresp' 'empty_92' <Predicate = true> <Delay = 4.86> <CoreInst = "m_axi">   --->   Core 55 'm_axi' <Latency = 6> <II = 1> <Delay = 1.00> <Adapter> <Opcode : 'read' 'write' 'readreq' 'writereq' 'writeresp'>

State 68 <SV = 65> <Delay = 4.86>
ST_68 : Operation 161 [6/68] (4.86ns)   --->   "%empty_92 = writeresp i1 @_ssdm_op_WriteResp.m_axi.p1i512, i64 %gmem2_addr" [/tools/Xilinx/Vitis/2020.1/workspace/cvtcolour/libs/xf_opencv/L1/include/common/xf_structs.hpp:1312->/tools/Xilinx/Vitis/2020.1/workspace/cvtcolour/libs/xf_opencv/L1/include/common/xf_structs.hpp:1333]   --->   Operation 161 'writeresp' 'empty_92' <Predicate = true> <Delay = 4.86> <CoreInst = "m_axi">   --->   Core 55 'm_axi' <Latency = 6> <II = 1> <Delay = 1.00> <Adapter> <Opcode : 'read' 'write' 'readreq' 'writereq' 'writeresp'>

State 69 <SV = 66> <Delay = 4.86>
ST_69 : Operation 162 [5/68] (4.86ns)   --->   "%empty_92 = writeresp i1 @_ssdm_op_WriteResp.m_axi.p1i512, i64 %gmem2_addr" [/tools/Xilinx/Vitis/2020.1/workspace/cvtcolour/libs/xf_opencv/L1/include/common/xf_structs.hpp:1312->/tools/Xilinx/Vitis/2020.1/workspace/cvtcolour/libs/xf_opencv/L1/include/common/xf_structs.hpp:1333]   --->   Operation 162 'writeresp' 'empty_92' <Predicate = true> <Delay = 4.86> <CoreInst = "m_axi">   --->   Core 55 'm_axi' <Latency = 6> <II = 1> <Delay = 1.00> <Adapter> <Opcode : 'read' 'write' 'readreq' 'writereq' 'writeresp'>

State 70 <SV = 67> <Delay = 4.86>
ST_70 : Operation 163 [4/68] (4.86ns)   --->   "%empty_92 = writeresp i1 @_ssdm_op_WriteResp.m_axi.p1i512, i64 %gmem2_addr" [/tools/Xilinx/Vitis/2020.1/workspace/cvtcolour/libs/xf_opencv/L1/include/common/xf_structs.hpp:1312->/tools/Xilinx/Vitis/2020.1/workspace/cvtcolour/libs/xf_opencv/L1/include/common/xf_structs.hpp:1333]   --->   Operation 163 'writeresp' 'empty_92' <Predicate = true> <Delay = 4.86> <CoreInst = "m_axi">   --->   Core 55 'm_axi' <Latency = 6> <II = 1> <Delay = 1.00> <Adapter> <Opcode : 'read' 'write' 'readreq' 'writereq' 'writeresp'>

State 71 <SV = 68> <Delay = 4.86>
ST_71 : Operation 164 [3/68] (4.86ns)   --->   "%empty_92 = writeresp i1 @_ssdm_op_WriteResp.m_axi.p1i512, i64 %gmem2_addr" [/tools/Xilinx/Vitis/2020.1/workspace/cvtcolour/libs/xf_opencv/L1/include/common/xf_structs.hpp:1312->/tools/Xilinx/Vitis/2020.1/workspace/cvtcolour/libs/xf_opencv/L1/include/common/xf_structs.hpp:1333]   --->   Operation 164 'writeresp' 'empty_92' <Predicate = true> <Delay = 4.86> <CoreInst = "m_axi">   --->   Core 55 'm_axi' <Latency = 6> <II = 1> <Delay = 1.00> <Adapter> <Opcode : 'read' 'write' 'readreq' 'writereq' 'writeresp'>

State 72 <SV = 69> <Delay = 4.86>
ST_72 : Operation 165 [2/68] (4.86ns)   --->   "%empty_92 = writeresp i1 @_ssdm_op_WriteResp.m_axi.p1i512, i64 %gmem2_addr" [/tools/Xilinx/Vitis/2020.1/workspace/cvtcolour/libs/xf_opencv/L1/include/common/xf_structs.hpp:1312->/tools/Xilinx/Vitis/2020.1/workspace/cvtcolour/libs/xf_opencv/L1/include/common/xf_structs.hpp:1333]   --->   Operation 165 'writeresp' 'empty_92' <Predicate = true> <Delay = 4.86> <CoreInst = "m_axi">   --->   Core 55 'm_axi' <Latency = 6> <II = 1> <Delay = 1.00> <Adapter> <Opcode : 'read' 'write' 'readreq' 'writereq' 'writeresp'>

State 73 <SV = 70> <Delay = 4.86>
ST_73 : Operation 166 [1/68] (4.86ns)   --->   "%empty_92 = writeresp i1 @_ssdm_op_WriteResp.m_axi.p1i512, i64 %gmem2_addr" [/tools/Xilinx/Vitis/2020.1/workspace/cvtcolour/libs/xf_opencv/L1/include/common/xf_structs.hpp:1312->/tools/Xilinx/Vitis/2020.1/workspace/cvtcolour/libs/xf_opencv/L1/include/common/xf_structs.hpp:1333]   --->   Operation 166 'writeresp' 'empty_92' <Predicate = (!icmp_ln882)> <Delay = 4.86> <CoreInst = "m_axi">   --->   Core 55 'm_axi' <Latency = 6> <II = 1> <Delay = 1.00> <Adapter> <Opcode : 'read' 'write' 'readreq' 'writereq' 'writeresp'>
ST_73 : Operation 167 [1/1] (0.00ns)   --->   "%br_ln1312 = br void %.exit" [/tools/Xilinx/Vitis/2020.1/workspace/cvtcolour/libs/xf_opencv/L1/include/common/xf_structs.hpp:1312->/tools/Xilinx/Vitis/2020.1/workspace/cvtcolour/libs/xf_opencv/L1/include/common/xf_structs.hpp:1333]   --->   Operation 167 'br' 'br_ln1312' <Predicate = (!icmp_ln882)> <Delay = 0.00>
ST_73 : Operation 168 [1/1] (0.00ns)   --->   "%ret_ln1333 = ret" [/tools/Xilinx/Vitis/2020.1/workspace/cvtcolour/libs/xf_opencv/L1/include/common/xf_structs.hpp:1333]   --->   Operation 168 'ret' 'ret_ln1333' <Predicate = true> <Delay = 0.00>


============================================================
+ Verbose Summary: Binding
============================================================
STG Binding: 
---------------- STG Properties BEGIN ----------------
- Is combinational: 0
- Is one-state seq: 0
- Is datapath-only: 0
- Is pipelined: 0
- Is top level: 0
Port [ Return ] is wired: 1; IO mode=ap_ctrl_hs:ce=0
Port [ ldata1]:  wired=1; compound=1; hidden=0; nouse=0; global=0; static=0; extern=0; dir=0; type=3; pingpong=0; private_global=0; IO mode=ap_fifo:ce=0
Port [ gmem2]:  wired=1; compound=1; hidden=0; nouse=0; global=0; static=0; extern=0; dir=1; type=4; pingpong=0; private_global=0; IO mode=m_axi:ce=0
Port [ dout]:  wired=1; compound=1; hidden=0; nouse=0; global=0; static=0; extern=0; dir=0; type=3; pingpong=0; private_global=0; IO mode=ap_fifo:ce=0
Port [ addrbound_V_read]:  wired=1; compound=0; hidden=0; nouse=0; global=0; static=0; extern=0; dir=0; type=0; pingpong=0; private_global=0; IO mode=ap_none:ce=0
---------------- STG Properties END ------------------

---------------- Datapath Model BEGIN ----------------

<LifeTime>
<method=bitvector/>
addrbound_V_read_1    (read             ) [ 00111100000000000000000000000000000000000000000000000000000000000000000000]
specinterface_ln0     (specinterface    ) [ 00000000000000000000000000000000000000000000000000000000000000000000000000]
specinterface_ln0     (specinterface    ) [ 00000000000000000000000000000000000000000000000000000000000000000000000000]
specinterface_ln0     (specinterface    ) [ 00000000000000000000000000000000000000000000000000000000000000000000000000]
dout_1                (read             ) [ 00000000000000000000000000000000000000000000000000000000000000000000000000]
specinterface_ln0     (specinterface    ) [ 00000000000000000000000000000000000000000000000000000000000000000000000000]
specinterface_ln0     (specinterface    ) [ 00000000000000000000000000000000000000000000000000000000000000000000000000]
icmp_ln882            (icmp             ) [ 01111111111111111111111111111111111111111111111111111111111111111111111111]
br_ln1305             (br               ) [ 00000000000000000000000000000000000000000000000000000000000000000000000000]
trunc_ln              (partselect       ) [ 00100000000000000000000000000000000000000000000000000000000000000000000000]
sext_ln1305           (sext             ) [ 00000000000000000000000000000000000000000000000000000000000000000000000000]
gmem2_addr            (getelementptr    ) [ 00011111111111111111111111111111111111111111111111111111111111111111111111]
zext_ln1305           (zext             ) [ 00000000000000000000000000000000000000000000000000000000000000000000000000]
empty                 (writereq         ) [ 00000000000000000000000000000000000000000000000000000000000000000000000000]
br_ln1305             (br               ) [ 00111100000000000000000000000000000000000000000000000000000000000000000000]
empty_91              (phi              ) [ 00010000000000000000000000000000000000000000000000000000000000000000000000]
icmp_ln1305           (icmp             ) [ 00011100000000000000000000000000000000000000000000000000000000000000000000]
add_ln695             (add              ) [ 00111100000000000000000000000000000000000000000000000000000000000000000000]
br_ln1305             (br               ) [ 00000000000000000000000000000000000000000000000000000000000000000000000000]
ldata1_read           (read             ) [ 00010100000000000000000000000000000000000000000000000000000000000000000000]
specpipeline_ln0      (specpipeline     ) [ 00000000000000000000000000000000000000000000000000000000000000000000000000]
speclooptripcount_ln0 (speclooptripcount) [ 00000000000000000000000000000000000000000000000000000000000000000000000000]
specloopname_ln0      (specloopname     ) [ 00000000000000000000000000000000000000000000000000000000000000000000000000]
write_ln324           (write            ) [ 00000000000000000000000000000000000000000000000000000000000000000000000000]
br_ln0                (br               ) [ 00111100000000000000000000000000000000000000000000000000000000000000000000]
empty_92              (writeresp        ) [ 00000000000000000000000000000000000000000000000000000000000000000000000000]
br_ln1312             (br               ) [ 00000000000000000000000000000000000000000000000000000000000000000000000000]
ret_ln1333            (ret              ) [ 00000000000000000000000000000000000000000000000000000000000000000000000000]
</LifeTime>

<model>

<comp_list>
<comp id="0" class="1000" name="ldata1">
<pin_list>
<pin id="1" dir="1" index="0" bw="1" slack="0"/>
</pin_list>
<bind>
<StgValue><ssdm name="ldata1"/></StgValue>
</bind>
</comp>

<comp id="2" class="1000" name="gmem2">
<pin_list>
<pin id="3" dir="1" index="0" bw="1" slack="0"/>
</pin_list>
<bind>
<StgValue><ssdm name="gmem2"/></StgValue>
</bind>
</comp>

<comp id="4" class="1000" name="dout">
<pin_list>
<pin id="5" dir="1" index="0" bw="1" slack="0"/>
</pin_list>
<bind>
<StgValue><ssdm name="dout"/></StgValue>
</bind>
</comp>

<comp id="6" class="1000" name="addrbound_V_read">
<pin_list>
<pin id="7" dir="1" index="0" bw="1" slack="0"/>
</pin_list>
<bind>
<StgValue><ssdm name="addrbound_V_read"/></StgValue>
</bind>
</comp>

<comp id="8" class="1001" name="const_8">
<pin_list>
<pin id="9" dir="1" index="0" bw="1" slack="0"/>
</pin_list>
<bind>
<StgValue><ssdm name="_ssdm_op_Read.ap_auto.i18"/></StgValue>
</bind>
</comp>

<comp id="10" class="1001" name="const_10">
<pin_list>
<pin id="11" dir="1" index="0" bw="1" slack="2147483647"/>
</pin_list>
<bind>
<StgValue><ssdm name="_ssdm_op_SpecInterface"/></StgValue>
</bind>
</comp>

<comp id="12" class="1001" name="const_12">
<pin_list>
<pin id="13" dir="1" index="0" bw="1" slack="2147483647"/>
</pin_list>
<bind>
<StgValue><ssdm name="empty_14"/></StgValue>
</bind>
</comp>

<comp id="14" class="1001" name="const_14">
<pin_list>
<pin id="15" dir="1" index="0" bw="1" slack="2147483647"/>
</pin_list>
<bind>
<StgValue><ssdm name=""/></StgValue>
</bind>
</comp>

<comp id="16" class="1001" name="const_16">
<pin_list>
<pin id="17" dir="1" index="0" bw="1" slack="2147483647"/>
</pin_list>
<bind>
<StgValue><ssdm name="empty_10"/></StgValue>
</bind>
</comp>

<comp id="18" class="1001" name="const_18">
<pin_list>
<pin id="19" dir="1" index="0" bw="1" slack="2147483647"/>
</pin_list>
<bind>
<StgValue><ssdm name="empty_15"/></StgValue>
</bind>
</comp>

<comp id="20" class="1001" name="const_20">
<pin_list>
<pin id="21" dir="1" index="0" bw="1" slack="2147483647"/>
</pin_list>
<bind>
<StgValue><ssdm name=""/></StgValue>
</bind>
</comp>

<comp id="22" class="1001" name="const_22">
<pin_list>
<pin id="23" dir="1" index="0" bw="1" slack="2147483647"/>
</pin_list>
<bind>
<StgValue><ssdm name=""/></StgValue>
</bind>
</comp>

<comp id="24" class="1001" name="const_24">
<pin_list>
<pin id="25" dir="1" index="0" bw="1" slack="2147483647"/>
</pin_list>
<bind>
<StgValue><ssdm name="ap_fifo_str"/></StgValue>
</bind>
</comp>

<comp id="26" class="1001" name="const_26">
<pin_list>
<pin id="27" dir="1" index="0" bw="1" slack="2147483647"/>
</pin_list>
<bind>
<StgValue><ssdm name="p_str"/></StgValue>
</bind>
</comp>

<comp id="28" class="1001" name="const_28">
<pin_list>
<pin id="29" dir="1" index="0" bw="1" slack="2147483647"/>
</pin_list>
<bind>
<StgValue><ssdm name=""/></StgValue>
</bind>
</comp>

<comp id="30" class="1001" name="const_30">
<pin_list>
<pin id="31" dir="1" index="0" bw="1" slack="2147483647"/>
</pin_list>
<bind>
<StgValue><ssdm name="ScalarProp_str"/></StgValue>
</bind>
</comp>

<comp id="32" class="1001" name="const_32">
<pin_list>
<pin id="33" dir="1" index="0" bw="1" slack="0"/>
</pin_list>
<bind>
<StgValue><ssdm name="_ssdm_op_Read.ap_fifo.i64P"/></StgValue>
</bind>
</comp>

<comp id="34" class="1001" name="const_34">
<pin_list>
<pin id="35" dir="1" index="0" bw="1" slack="0"/>
</pin_list>
<bind>
<StgValue><ssdm name=""/></StgValue>
</bind>
</comp>

<comp id="36" class="1001" name="const_36">
<pin_list>
<pin id="37" dir="1" index="0" bw="1" slack="0"/>
</pin_list>
<bind>
<StgValue><ssdm name="_ssdm_op_PartSelect.i58.i64.i32.i32"/></StgValue>
</bind>
</comp>

<comp id="38" class="1001" name="const_38">
<pin_list>
<pin id="39" dir="1" index="0" bw="1" slack="0"/>
</pin_list>
<bind>
<StgValue><ssdm name=""/></StgValue>
</bind>
</comp>

<comp id="40" class="1001" name="const_40">
<pin_list>
<pin id="41" dir="1" index="0" bw="1" slack="0"/>
</pin_list>
<bind>
<StgValue><ssdm name=""/></StgValue>
</bind>
</comp>

<comp id="42" class="1001" name="const_42">
<pin_list>
<pin id="43" dir="1" index="0" bw="1" slack="0"/>
</pin_list>
<bind>
<StgValue><ssdm name="_ssdm_op_WriteReq.m_axi.p1i512"/></StgValue>
</bind>
</comp>

<comp id="44" class="1001" name="const_44">
<pin_list>
<pin id="45" dir="1" index="0" bw="1" slack="0"/>
</pin_list>
<bind>
<StgValue><ssdm name=""/></StgValue>
</bind>
</comp>

<comp id="46" class="1001" name="const_46">
<pin_list>
<pin id="47" dir="1" index="0" bw="1" slack="0"/>
</pin_list>
<bind>
<StgValue><ssdm name="_ssdm_op_Read.ap_fifo.volatile.i512P"/></StgValue>
</bind>
</comp>

<comp id="48" class="1001" name="const_48">
<pin_list>
<pin id="49" dir="1" index="0" bw="1" slack="2147483647"/>
</pin_list>
<bind>
<StgValue><ssdm name="_ssdm_op_SpecPipeline"/></StgValue>
</bind>
</comp>

<comp id="50" class="1001" name="const_50">
<pin_list>
<pin id="51" dir="1" index="0" bw="1" slack="2147483647"/>
</pin_list>
<bind>
<StgValue><ssdm name=""/></StgValue>
</bind>
</comp>

<comp id="52" class="1001" name="const_52">
<pin_list>
<pin id="53" dir="1" index="0" bw="1" slack="2147483647"/>
</pin_list>
<bind>
<StgValue><ssdm name=""/></StgValue>
</bind>
</comp>

<comp id="54" class="1001" name="const_54">
<pin_list>
<pin id="55" dir="1" index="0" bw="1" slack="2147483647"/>
</pin_list>
<bind>
<StgValue><ssdm name="_ssdm_op_SpecLoopTripCount"/></StgValue>
</bind>
</comp>

<comp id="56" class="1001" name="const_56">
<pin_list>
<pin id="57" dir="1" index="0" bw="1" slack="2147483647"/>
</pin_list>
<bind>
<StgValue><ssdm name=""/></StgValue>
</bind>
</comp>

<comp id="58" class="1001" name="const_58">
<pin_list>
<pin id="59" dir="1" index="0" bw="1" slack="2147483647"/>
</pin_list>
<bind>
<StgValue><ssdm name=""/></StgValue>
</bind>
</comp>

<comp id="60" class="1001" name="const_60">
<pin_list>
<pin id="61" dir="1" index="0" bw="1" slack="2147483647"/>
</pin_list>
<bind>
<StgValue><ssdm name=""/></StgValue>
</bind>
</comp>

<comp id="62" class="1001" name="const_62">
<pin_list>
<pin id="63" dir="1" index="0" bw="1" slack="2147483647"/>
</pin_list>
<bind>
<StgValue><ssdm name="_ssdm_op_SpecLoopName"/></StgValue>
</bind>
</comp>

<comp id="64" class="1001" name="const_64">
<pin_list>
<pin id="65" dir="1" index="0" bw="1" slack="2147483647"/>
</pin_list>
<bind>
<StgValue><ssdm name="empty_3"/></StgValue>
</bind>
</comp>

<comp id="66" class="1001" name="const_66">
<pin_list>
<pin id="67" dir="1" index="0" bw="1" slack="0"/>
</pin_list>
<bind>
<StgValue><ssdm name="_ssdm_op_Write.m_axi.p1i512"/></StgValue>
</bind>
</comp>

<comp id="68" class="1001" name="const_68">
<pin_list>
<pin id="69" dir="1" index="0" bw="1" slack="0"/>
</pin_list>
<bind>
<StgValue><ssdm name=""/></StgValue>
</bind>
</comp>

<comp id="70" class="1001" name="const_70">
<pin_list>
<pin id="71" dir="1" index="0" bw="1" slack="0"/>
</pin_list>
<bind>
<StgValue><ssdm name="_ssdm_op_WriteResp.m_axi.p1i512"/></StgValue>
</bind>
</comp>

<comp id="72" class="1004" name="addrbound_V_read_1_read_fu_72">
<pin_list>
<pin id="73" dir="0" index="0" bw="18" slack="0"/>
<pin id="74" dir="0" index="1" bw="18" slack="0"/>
<pin id="75" dir="1" index="2" bw="18" slack="0"/>
</pin_list>
<bind>
<opcode="read(1150) " fcode="read"/>
<opset="addrbound_V_read_1/1 "/>
</bind>
</comp>

<comp id="78" class="1004" name="dout_1_read_fu_78">
<pin_list>
<pin id="79" dir="0" index="0" bw="64" slack="0"/>
<pin id="80" dir="0" index="1" bw="64" slack="0"/>
<pin id="81" dir="1" index="2" bw="64" slack="0"/>
</pin_list>
<bind>
<opcode="read(1150) " fcode="read"/>
<opset="dout_1/1 "/>
</bind>
</comp>

<comp id="84" class="1004" name="grp_writeresp_fu_84">
<pin_list>
<pin id="85" dir="0" index="0" bw="1" slack="0"/>
<pin id="86" dir="0" index="1" bw="512" slack="0"/>
<pin id="87" dir="0" index="2" bw="18" slack="0"/>
<pin id="88" dir="1" index="3" bw="1" slack="2147483647"/>
</pin_list>
<bind>
<opcode="writereq(1155) writeresp(1158) " fcode="writeresp"/>
<opset="empty/2 empty_92/6 "/>
</bind>
</comp>

<comp id="90" class="1004" name="ldata1_read_read_fu_90">
<pin_list>
<pin id="91" dir="0" index="0" bw="512" slack="0"/>
<pin id="92" dir="0" index="1" bw="512" slack="0"/>
<pin id="93" dir="1" index="2" bw="512" slack="1"/>
</pin_list>
<bind>
<opcode="read(1150) " fcode="read"/>
<opset="ldata1_read/4 "/>
</bind>
</comp>

<comp id="96" class="1004" name="write_ln324_write_fu_96">
<pin_list>
<pin id="97" dir="0" index="0" bw="0" slack="0"/>
<pin id="98" dir="0" index="1" bw="512" slack="3"/>
<pin id="99" dir="0" index="2" bw="512" slack="1"/>
<pin id="100" dir="0" index="3" bw="1" slack="0"/>
<pin id="101" dir="1" index="4" bw="0" slack="2147483647"/>
</pin_list>
<bind>
<opcode="write(1151) " fcode="write"/>
<opset="write_ln324/5 "/>
</bind>
</comp>

<comp id="105" class="1005" name="empty_91_reg_105">
<pin_list>
<pin id="106" dir="0" index="0" bw="18" slack="1"/>
<pin id="107" dir="1" index="1" bw="18" slack="1"/>
</pin_list>
<bind>
<opset="empty_91 (phireg) "/>
</bind>
</comp>

<comp id="109" class="1004" name="empty_91_phi_fu_109">
<pin_list>
<pin id="110" dir="0" index="0" bw="1" slack="1"/>
<pin id="111" dir="0" index="1" bw="0" slack="2147483647"/>
<pin id="112" dir="0" index="2" bw="18" slack="0"/>
<pin id="113" dir="0" index="3" bw="0" slack="2147483647"/>
<pin id="114" dir="1" index="4" bw="18" slack="0"/>
</pin_list>
<bind>
<opcode="phi(47) " fcode="phi"/>
<opset="empty_91/3 "/>
</bind>
</comp>

<comp id="116" class="1004" name="icmp_ln882_fu_116">
<pin_list>
<pin id="117" dir="0" index="0" bw="18" slack="0"/>
<pin id="118" dir="0" index="1" bw="18" slack="0"/>
<pin id="119" dir="1" index="2" bw="1" slack="70"/>
</pin_list>
<bind>
<opcode="icmp(45) " fcode="icmp"/>
<opset="icmp_ln882/1 "/>
</bind>
</comp>

<comp id="122" class="1004" name="trunc_ln_fu_122">
<pin_list>
<pin id="123" dir="0" index="0" bw="58" slack="0"/>
<pin id="124" dir="0" index="1" bw="64" slack="0"/>
<pin id="125" dir="0" index="2" bw="4" slack="0"/>
<pin id="126" dir="0" index="3" bw="7" slack="0"/>
<pin id="127" dir="1" index="4" bw="58" slack="1"/>
</pin_list>
<bind>
<opcode="partselect(1002) " fcode="partselect"/>
<opset="trunc_ln/1 "/>
</bind>
</comp>

<comp id="132" class="1004" name="sext_ln1305_fu_132">
<pin_list>
<pin id="133" dir="0" index="0" bw="58" slack="1"/>
<pin id="134" dir="1" index="1" bw="64" slack="0"/>
</pin_list>
<bind>
<opcode="sext(35) " fcode="sext"/>
<opset="sext_ln1305/2 "/>
</bind>
</comp>

<comp id="135" class="1004" name="gmem2_addr_fu_135">
<pin_list>
<pin id="136" dir="0" index="0" bw="64" slack="0"/>
<pin id="137" dir="0" index="1" bw="64" slack="0"/>
<pin id="138" dir="1" index="2" bw="64" slack="0"/>
</pin_list>
<bind>
<opcode="getelementptr(29) " fcode="getelementptr"/>
<opset="gmem2_addr/2 "/>
</bind>
</comp>

<comp id="142" class="1004" name="zext_ln1305_fu_142">
<pin_list>
<pin id="143" dir="0" index="0" bw="18" slack="1"/>
<pin id="144" dir="1" index="1" bw="32" slack="0"/>
</pin_list>
<bind>
<opcode="zext(34) " fcode="zext"/>
<opset="zext_ln1305/2 "/>
</bind>
</comp>

<comp id="146" class="1004" name="icmp_ln1305_fu_146">
<pin_list>
<pin id="147" dir="0" index="0" bw="18" slack="0"/>
<pin id="148" dir="0" index="1" bw="18" slack="2"/>
<pin id="149" dir="1" index="2" bw="1" slack="1"/>
</pin_list>
<bind>
<opcode="icmp(45) " fcode="icmp"/>
<opset="icmp_ln1305/3 "/>
</bind>
</comp>

<comp id="151" class="1004" name="add_ln695_fu_151">
<pin_list>
<pin id="152" dir="0" index="0" bw="18" slack="0"/>
<pin id="153" dir="0" index="1" bw="1" slack="0"/>
<pin id="154" dir="1" index="2" bw="18" slack="0"/>
</pin_list>
<bind>
<opcode="add(8) " fcode="add"/>
<opset="add_ln695/3 "/>
</bind>
</comp>

<comp id="157" class="1005" name="addrbound_V_read_1_reg_157">
<pin_list>
<pin id="158" dir="0" index="0" bw="18" slack="1"/>
<pin id="159" dir="1" index="1" bw="18" slack="1"/>
</pin_list>
<bind>
<opset="addrbound_V_read_1 "/>
</bind>
</comp>

<comp id="163" class="1005" name="icmp_ln882_reg_163">
<pin_list>
<pin id="164" dir="0" index="0" bw="1" slack="70"/>
<pin id="165" dir="1" index="1" bw="1" slack="2147483647"/>
</pin_list>
<bind>
<opset="icmp_ln882 "/>
</bind>
</comp>

<comp id="167" class="1005" name="trunc_ln_reg_167">
<pin_list>
<pin id="168" dir="0" index="0" bw="58" slack="1"/>
<pin id="169" dir="1" index="1" bw="58" slack="1"/>
</pin_list>
<bind>
<opset="trunc_ln "/>
</bind>
</comp>

<comp id="172" class="1005" name="gmem2_addr_reg_172">
<pin_list>
<pin id="173" dir="0" index="0" bw="512" slack="2"/>
<pin id="174" dir="1" index="1" bw="512" slack="2"/>
</pin_list>
<bind>
<opset="gmem2_addr "/>
</bind>
</comp>

<comp id="178" class="1005" name="icmp_ln1305_reg_178">
<pin_list>
<pin id="179" dir="0" index="0" bw="1" slack="1"/>
<pin id="180" dir="1" index="1" bw="1" slack="2147483647"/>
</pin_list>
<bind>
<opset="icmp_ln1305 "/>
</bind>
</comp>

<comp id="182" class="1005" name="add_ln695_reg_182">
<pin_list>
<pin id="183" dir="0" index="0" bw="18" slack="0"/>
<pin id="184" dir="1" index="1" bw="18" slack="0"/>
</pin_list>
<bind>
<opset="add_ln695 "/>
</bind>
</comp>

<comp id="187" class="1005" name="ldata1_read_reg_187">
<pin_list>
<pin id="188" dir="0" index="0" bw="512" slack="1"/>
<pin id="189" dir="1" index="1" bw="512" slack="1"/>
</pin_list>
<bind>
<opset="ldata1_read "/>
</bind>
</comp>

</comp_list>

<net_list>
<net id="76"><net_src comp="8" pin="0"/><net_sink comp="72" pin=0"/></net>

<net id="77"><net_src comp="6" pin="0"/><net_sink comp="72" pin=1"/></net>

<net id="82"><net_src comp="32" pin="0"/><net_sink comp="78" pin=0"/></net>

<net id="83"><net_src comp="4" pin="0"/><net_sink comp="78" pin=1"/></net>

<net id="89"><net_src comp="42" pin="0"/><net_sink comp="84" pin=0"/></net>

<net id="94"><net_src comp="46" pin="0"/><net_sink comp="90" pin=0"/></net>

<net id="95"><net_src comp="0" pin="0"/><net_sink comp="90" pin=1"/></net>

<net id="102"><net_src comp="66" pin="0"/><net_sink comp="96" pin=0"/></net>

<net id="103"><net_src comp="68" pin="0"/><net_sink comp="96" pin=3"/></net>

<net id="104"><net_src comp="70" pin="0"/><net_sink comp="84" pin=0"/></net>

<net id="108"><net_src comp="34" pin="0"/><net_sink comp="105" pin=0"/></net>

<net id="115"><net_src comp="105" pin="1"/><net_sink comp="109" pin=0"/></net>

<net id="120"><net_src comp="72" pin="2"/><net_sink comp="116" pin=0"/></net>

<net id="121"><net_src comp="34" pin="0"/><net_sink comp="116" pin=1"/></net>

<net id="128"><net_src comp="36" pin="0"/><net_sink comp="122" pin=0"/></net>

<net id="129"><net_src comp="78" pin="2"/><net_sink comp="122" pin=1"/></net>

<net id="130"><net_src comp="38" pin="0"/><net_sink comp="122" pin=2"/></net>

<net id="131"><net_src comp="40" pin="0"/><net_sink comp="122" pin=3"/></net>

<net id="139"><net_src comp="2" pin="0"/><net_sink comp="135" pin=0"/></net>

<net id="140"><net_src comp="132" pin="1"/><net_sink comp="135" pin=1"/></net>

<net id="141"><net_src comp="135" pin="2"/><net_sink comp="84" pin=1"/></net>

<net id="145"><net_src comp="142" pin="1"/><net_sink comp="84" pin=2"/></net>

<net id="150"><net_src comp="109" pin="4"/><net_sink comp="146" pin=0"/></net>

<net id="155"><net_src comp="109" pin="4"/><net_sink comp="151" pin=0"/></net>

<net id="156"><net_src comp="44" pin="0"/><net_sink comp="151" pin=1"/></net>

<net id="160"><net_src comp="72" pin="2"/><net_sink comp="157" pin=0"/></net>

<net id="161"><net_src comp="157" pin="1"/><net_sink comp="142" pin=0"/></net>

<net id="162"><net_src comp="157" pin="1"/><net_sink comp="146" pin=1"/></net>

<net id="166"><net_src comp="116" pin="2"/><net_sink comp="163" pin=0"/></net>

<net id="170"><net_src comp="122" pin="4"/><net_sink comp="167" pin=0"/></net>

<net id="171"><net_src comp="167" pin="1"/><net_sink comp="132" pin=0"/></net>

<net id="175"><net_src comp="135" pin="2"/><net_sink comp="172" pin=0"/></net>

<net id="176"><net_src comp="172" pin="1"/><net_sink comp="96" pin=1"/></net>

<net id="177"><net_src comp="172" pin="1"/><net_sink comp="84" pin=1"/></net>

<net id="181"><net_src comp="146" pin="2"/><net_sink comp="178" pin=0"/></net>

<net id="185"><net_src comp="151" pin="2"/><net_sink comp="182" pin=0"/></net>

<net id="186"><net_src comp="182" pin="1"/><net_sink comp="109" pin=2"/></net>

<net id="190"><net_src comp="90" pin="2"/><net_sink comp="187" pin=0"/></net>

<net id="191"><net_src comp="187" pin="1"/><net_sink comp="96" pin=2"/></net>

</net_list>

</model> 
---------------- Datapath Model END ------------------

* FSMD analyzer results:
  - Output states:
	Port: gmem2 | {2 5 6 7 8 9 10 11 12 13 14 15 16 17 18 19 20 21 22 23 24 25 26 27 28 29 30 31 32 33 34 35 36 37 38 39 40 41 42 43 44 45 46 47 48 49 50 51 52 53 54 55 56 57 58 59 60 61 62 63 64 65 66 67 68 69 70 71 72 73 }
 - Input state : 
	Port: AxiStream2Axi : ldata1 | {4 }
	Port: AxiStream2Axi : gmem2 | {}
	Port: AxiStream2Axi : dout | {1 }
	Port: AxiStream2Axi : addrbound_V_read | {1 }
  - Chain level:
	State 1
		br_ln1305 : 1
	State 2
		gmem2_addr : 1
		empty : 2
	State 3
		icmp_ln1305 : 1
		add_ln695 : 1
		br_ln1305 : 2
	State 4
	State 5
	State 6
	State 7
	State 8
	State 9
	State 10
	State 11
	State 12
	State 13
	State 14
	State 15
	State 16
	State 17
	State 18
	State 19
	State 20
	State 21
	State 22
	State 23
	State 24
	State 25
	State 26
	State 27
	State 28
	State 29
	State 30
	State 31
	State 32
	State 33
	State 34
	State 35
	State 36
	State 37
	State 38
	State 39
	State 40
	State 41
	State 42
	State 43
	State 44
	State 45
	State 46
	State 47
	State 48
	State 49
	State 50
	State 51
	State 52
	State 53
	State 54
	State 55
	State 56
	State 57
	State 58
	State 59
	State 60
	State 61
	State 62
	State 63
	State 64
	State 65
	State 66
	State 67
	State 68
	State 69
	State 70
	State 71
	State 72
	State 73


============================================================
+ Verbose Summary: Datapath Resource usage 
============================================================

* Functional unit list:
|----------|-------------------------------|---------|---------|
| Operation|        Functional Unit        |    FF   |   LUT   |
|----------|-------------------------------|---------|---------|
|   icmp   |       icmp_ln882_fu_116       |    0    |    20   |
|          |       icmp_ln1305_fu_146      |    0    |    20   |
|----------|-------------------------------|---------|---------|
|    add   |        add_ln695_fu_151       |    0    |    25   |
|----------|-------------------------------|---------|---------|
|          | addrbound_V_read_1_read_fu_72 |    0    |    0    |
|   read   |       dout_1_read_fu_78       |    0    |    0    |
|          |     ldata1_read_read_fu_90    |    0    |    0    |
|----------|-------------------------------|---------|---------|
| writeresp|      grp_writeresp_fu_84      |    0    |    0    |
|----------|-------------------------------|---------|---------|
|   write  |    write_ln324_write_fu_96    |    0    |    0    |
|----------|-------------------------------|---------|---------|
|partselect|        trunc_ln_fu_122        |    0    |    0    |
|----------|-------------------------------|---------|---------|
|   sext   |       sext_ln1305_fu_132      |    0    |    0    |
|----------|-------------------------------|---------|---------|
|   zext   |       zext_ln1305_fu_142      |    0    |    0    |
|----------|-------------------------------|---------|---------|
|   Total  |                               |    0    |    65   |
|----------|-------------------------------|---------|---------|

Memories:
N/A

* Register list:
+--------------------------+--------+
|                          |   FF   |
+--------------------------+--------+
|     add_ln695_reg_182    |   18   |
|addrbound_V_read_1_reg_157|   18   |
|     empty_91_reg_105     |   18   |
|    gmem2_addr_reg_172    |   512  |
|    icmp_ln1305_reg_178   |    1   |
|    icmp_ln882_reg_163    |    1   |
|    ldata1_read_reg_187   |   512  |
|     trunc_ln_reg_167     |   58   |
+--------------------------+--------+
|           Total          |  1138  |
+--------------------------+--------+

* Multiplexer (MUX) list: 
|---------------------|------|------|------|--------||---------||---------|
|         Comp        |  Pin | Size |  BW  | S x BW ||  Delay  ||   LUT   |
|---------------------|------|------|------|--------||---------||---------|
| grp_writeresp_fu_84 |  p0  |   2  |   1  |    2   |
| grp_writeresp_fu_84 |  p1  |   2  |  512 |  1024  ||    9    |
|---------------------|------|------|------|--------||---------||---------|
|        Total        |      |      |      |  1026  ||  1.312  ||    9    |
|---------------------|------|------|------|--------||---------||---------|



* Summary:
+-----------+--------+--------+--------+
|           |  Delay |   FF   |   LUT  |
+-----------+--------+--------+--------+
|  Function |    -   |    0   |   65   |
|   Memory  |    -   |    -   |    -   |
|Multiplexer|    1   |    -   |    9   |
|  Register |    -   |  1138  |    -   |
+-----------+--------+--------+--------+
|   Total   |    1   |  1138  |   74   |
+-----------+--------+--------+--------+
